

======================= ROCm System Management Interface =======================
================================= Concise Info =================================
GPU  Temp   AvgPwr  SCLK    MCLK     Fan   Perf  PwrCap  VRAM%  GPU%  
0    34.0c  36.0W   930Mhz  1000Mhz  255%  auto  225.0W    0%   0%    
1    33.0c  32.0W   930Mhz  1000Mhz  255%  auto  225.0W    0%   0%    
2    35.0c  39.0W   930Mhz  1000Mhz  255%  auto  225.0W    0%   0%    
3    35.0c  34.0W   930Mhz  1000Mhz  255%  auto  225.0W    0%   0%    
4    32.0c  33.0W   930Mhz  1000Mhz  255%  auto  225.0W    0%   0%    
5    32.0c  33.0W   930Mhz  1000Mhz  255%  auto  225.0W    0%   0%    
6    34.0c  33.0W   930Mhz  1000Mhz  255%  auto  225.0W    0%   0%    
7    34.0c  35.0W   930Mhz  1000Mhz  255%  auto  225.0W    0%   0%    
================================================================================
============================= End of ROCm SMI Log ==============================
[ixt-sjc2-74:04307] MCW rank 0 bound to socket 0[core 0[hwt 0]]: [B/././././././././././././././././././././././././././././././././././././././././././././././././././././././././././././././.][./././././././././././././././././././././././././././././././././././././././././././././././././././././././././././././././.]
[ixt-sjc2-74:04307] MCW rank 1 bound to socket 0[core 16[hwt 0]]: [././././././././././././././././B/././././././././././././././././././././././././././././././././././././././././././././././.][./././././././././././././././././././././././././././././././././././././././././././././././././././././././././././././././.]
[ixt-sjc2-74:04307] MCW rank 2 bound to socket 0[core 32[hwt 0]]: [././././././././././././././././././././././././././././././././B/././././././././././././././././././././././././././././././.][./././././././././././././././././././././././././././././././././././././././././././././././././././././././././././././././.]
[ixt-sjc2-74:04307] MCW rank 3 bound to socket 0[core 48[hwt 0]]: [././././././././././././././././././././././././././././././././././././././././././././././././B/././././././././././././././.][./././././././././././././././././././././././././././././././././././././././././././././././././././././././././././././././.]
[ixt-sjc2-74:04307] MCW rank 4 bound to socket 1[core 64[hwt 0]]: [./././././././././././././././././././././././././././././././././././././././././././././././././././././././././././././././.][B/././././././././././././././././././././././././././././././././././././././././././././././././././././././././././././././.]
[ixt-sjc2-74:04307] MCW rank 5 bound to socket 1[core 80[hwt 0]]: [./././././././././././././././././././././././././././././././././././././././././././././././././././././././././././././././.][././././././././././././././././B/././././././././././././././././././././././././././././././././././././././././././././././.]
[ixt-sjc2-74:04307] MCW rank 6 bound to socket 1[core 96[hwt 0]]: [./././././././././././././././././././././././././././././././././././././././././././././././././././././././././././././././.][././././././././././././././././././././././././././././././././B/././././././././././././././././././././././././././././././.]
[ixt-sjc2-74:04307] MCW rank 7 bound to socket 1[core 112[hwt 0]]: [./././././././././././././././././././././././././././././././././././././././././././././././././././././././././././././././.][././././././././././././././././././././././././././././././././././././././././././././././././B/././././././././././././././.]
[ixt-sjc2-74:04307] MCW rank 8 bound to socket 0[core 1[hwt 0]]: [./B/./././././././././././././././././././././././././././././././././././././././././././././././././././././././././././././.][./././././././././././././././././././././././././././././././././././././././././././././././././././././././././././././././.]
[ts1-sjc2-16:94109] MCW rank 25 bound to socket 0[core 0[hwt 0]]: [B/././././././././././././././././././././././././././././././././././././././././././././././././././././././././././././././.][./././././././././././././././././././././././././././././././././././././././././././././././././././././././././././././././.]
[ixt-sjc2-75:70767] MCW rank 9 bound to socket 0[core 0[hwt 0]]: [B/././././././././././././././././././././././././././././././././././././././././././././././././././././././././././././././.][./././././././././././././././././././././././././././././././././././././././././././././././././././././././././././././././.]
[ts1-sjc2-13:109476] MCW rank 17 bound to socket 0[core 0[hwt 0]]: [B/././././././././././././././././././././././././././././././././././././././././././././././././././././././././././././././.][./././././././././././././././././././././././././././././././././././././././././././././././././././././././././././././././.]
[ts1-sjc2-17:32609] MCW rank 33 bound to socket 0[core 0[hwt 0]]: [B/././././././././././././././././././././././././././././././././././././././././././././././././././././././././././././././.][./././././././././././././././././././././././././././././././././././././././././././././././././././././././././././././././.]
[ts1-sjc2-18:07273] MCW rank 41 bound to socket 0[core 0[hwt 0]]: [B/././././././././././././././././././././././././././././././././././././././././././././././././././././././././././././././.][./././././././././././././././././././././././././././././././././././././././././././././././././././././././././././././././.]
[ts1-sjc2-19:36364] MCW rank 49 bound to socket 0[core 0[hwt 0]]: [B/././././././././././././././././././././././././././././././././././././././././././././././././././././././././././././././.][./././././././././././././././././././././././././././././././././././././././././././././././././././././././././././././././.]
[ts1-sjc2-20:32494] MCW rank 57 bound to socket 0[core 0[hwt 0]]: [B/././././././././././././././././././././././././././././././././././././././././././././././././././././././././././././././.][./././././././././././././././././././././././././././././././././././././././././././././././././././././././././././././././.]
[ts1-sjc2-16:94109] MCW rank 26 bound to socket 0[core 16[hwt 0]]: [././././././././././././././././B/././././././././././././././././././././././././././././././././././././././././././././././.][./././././././././././././././././././././././././././././././././././././././././././././././././././././././././././././././.]
[ixt-sjc2-75:70767] MCW rank 10 bound to socket 0[core 16[hwt 0]]: [././././././././././././././././B/././././././././././././././././././././././././././././././././././././././././././././././.][./././././././././././././././././././././././././././././././././././././././././././././././././././././././././././././././.]
[ts1-sjc2-13:109476] MCW rank 18 bound to socket 0[core 16[hwt 0]]: [././././././././././././././././B/././././././././././././././././././././././././././././././././././././././././././././././.][./././././././././././././././././././././././././././././././././././././././././././././././././././././././././././././././.]
[ts1-sjc2-17:32609] MCW rank 34 bound to socket 0[core 16[hwt 0]]: [././././././././././././././././B/././././././././././././././././././././././././././././././././././././././././././././././.][./././././././././././././././././././././././././././././././././././././././././././././././././././././././././././././././.]
[ts1-sjc2-18:07273] MCW rank 42 bound to socket 0[core 16[hwt 0]]: [././././././././././././././././B/././././././././././././././././././././././././././././././././././././././././././././././.][./././././././././././././././././././././././././././././././././././././././././././././././././././././././././././././././.]
[ts1-sjc2-19:36364] MCW rank 50 bound to socket 0[core 16[hwt 0]]: [././././././././././././././././B/././././././././././././././././././././././././././././././././././././././././././././././.][./././././././././././././././././././././././././././././././././././././././././././././././././././././././././././././././.]
[ts1-sjc2-20:32494] MCW rank 58 bound to socket 0[core 16[hwt 0]]: [././././././././././././././././B/././././././././././././././././././././././././././././././././././././././././././././././.][./././././././././././././././././././././././././././././././././././././././././././././././././././././././././././././././.]
[ts1-sjc2-16:94109] MCW rank 27 bound to socket 0[core 32[hwt 0]]: [././././././././././././././././././././././././././././././././B/././././././././././././././././././././././././././././././.][./././././././././././././././././././././././././././././././././././././././././././././././././././././././././././././././.]
[ixt-sjc2-75:70767] MCW rank 11 bound to socket 0[core 32[hwt 0]]: [././././././././././././././././././././././././././././././././B/././././././././././././././././././././././././././././././.][./././././././././././././././././././././././././././././././././././././././././././././././././././././././././././././././.]
[ts1-sjc2-13:109476] MCW rank 19 bound to socket 0[core 32[hwt 0]]: [././././././././././././././././././././././././././././././././B/././././././././././././././././././././././././././././././.][./././././././././././././././././././././././././././././././././././././././././././././././././././././././././././././././.]
[ts1-sjc2-17:32609] MCW rank 35 bound to socket 0[core 32[hwt 0]]: [././././././././././././././././././././././././././././././././B/././././././././././././././././././././././././././././././.][./././././././././././././././././././././././././././././././././././././././././././././././././././././././././././././././.]
[ts1-sjc2-18:07273] MCW rank 43 bound to socket 0[core 32[hwt 0]]: [././././././././././././././././././././././././././././././././B/././././././././././././././././././././././././././././././.][./././././././././././././././././././././././././././././././././././././././././././././././././././././././././././././././.]
[ts1-sjc2-19:36364] MCW rank 51 bound to socket 0[core 32[hwt 0]]: [././././././././././././././././././././././././././././././././B/././././././././././././././././././././././././././././././.][./././././././././././././././././././././././././././././././././././././././././././././././././././././././././././././././.]
[ts1-sjc2-20:32494] MCW rank 59 bound to socket 0[core 32[hwt 0]]: [././././././././././././././././././././././././././././././././B/././././././././././././././././././././././././././././././.][./././././././././././././././././././././././././././././././././././././././././././././././././././././././././././././././.]
[ts1-sjc2-16:94109] MCW rank 28 bound to socket 0[core 48[hwt 0]]: [././././././././././././././././././././././././././././././././././././././././././././././././B/././././././././././././././.][./././././././././././././././././././././././././././././././././././././././././././././././././././././././././././././././.]
[ixt-sjc2-75:70767] MCW rank 12 bound to socket 0[core 48[hwt 0]]: [././././././././././././././././././././././././././././././././././././././././././././././././B/././././././././././././././.][./././././././././././././././././././././././././././././././././././././././././././././././././././././././././././././././.]
[ts1-sjc2-13:109476] MCW rank 20 bound to socket 0[core 48[hwt 0]]: [././././././././././././././././././././././././././././././././././././././././././././././././B/././././././././././././././.][./././././././././././././././././././././././././././././././././././././././././././././././././././././././././././././././.]
[ts1-sjc2-17:32609] MCW rank 36 bound to socket 0[core 48[hwt 0]]: [././././././././././././././././././././././././././././././././././././././././././././././././B/././././././././././././././.][./././././././././././././././././././././././././././././././././././././././././././././././././././././././././././././././.]
[ts1-sjc2-18:07273] MCW rank 44 bound to socket 0[core 48[hwt 0]]: [././././././././././././././././././././././././././././././././././././././././././././././././B/././././././././././././././.][./././././././././././././././././././././././././././././././././././././././././././././././././././././././././././././././.]
[ts1-sjc2-19:36364] MCW rank 52 bound to socket 0[core 48[hwt 0]]: [././././././././././././././././././././././././././././././././././././././././././././././././B/././././././././././././././.][./././././././././././././././././././././././././././././././././././././././././././././././././././././././././././././././.]
[ts1-sjc2-20:32494] MCW rank 60 bound to socket 0[core 48[hwt 0]]: [././././././././././././././././././././././././././././././././././././././././././././././././B/././././././././././././././.][./././././././././././././././././././././././././././././././././././././././././././././././././././././././././././././././.]
[ts1-sjc2-16:94109] MCW rank 29 bound to socket 1[core 64[hwt 0]]: [./././././././././././././././././././././././././././././././././././././././././././././././././././././././././././././././.][B/././././././././././././././././././././././././././././././././././././././././././././././././././././././././././././././.]
[ixt-sjc2-75:70767] MCW rank 13 bound to socket 1[core 64[hwt 0]]: [./././././././././././././././././././././././././././././././././././././././././././././././././././././././././././././././.][B/././././././././././././././././././././././././././././././././././././././././././././././././././././././././././././././.]
[ts1-sjc2-13:109476] MCW rank 21 bound to socket 1[core 64[hwt 0]]: [./././././././././././././././././././././././././././././././././././././././././././././././././././././././././././././././.][B/././././././././././././././././././././././././././././././././././././././././././././././././././././././././././././././.]
[ts1-sjc2-17:32609] MCW rank 37 bound to socket 1[core 64[hwt 0]]: [./././././././././././././././././././././././././././././././././././././././././././././././././././././././././././././././.][B/././././././././././././././././././././././././././././././././././././././././././././././././././././././././././././././.]
[ts1-sjc2-18:07273] MCW rank 45 bound to socket 1[core 64[hwt 0]]: [./././././././././././././././././././././././././././././././././././././././././././././././././././././././././././././././.][B/././././././././././././././././././././././././././././././././././././././././././././././././././././././././././././././.]
[ts1-sjc2-19:36364] MCW rank 53 bound to socket 1[core 64[hwt 0]]: [./././././././././././././././././././././././././././././././././././././././././././././././././././././././././././././././.][B/././././././././././././././././././././././././././././././././././././././././././././././././././././././././././././././.]
[ts1-sjc2-20:32494] MCW rank 61 bound to socket 1[core 64[hwt 0]]: [./././././././././././././././././././././././././././././././././././././././././././././././././././././././././././././././.][B/././././././././././././././././././././././././././././././././././././././././././././././././././././././././././././././.]
[ts1-sjc2-16:94109] MCW rank 30 bound to socket 1[core 80[hwt 0]]: [./././././././././././././././././././././././././././././././././././././././././././././././././././././././././././././././.][././././././././././././././././B/././././././././././././././././././././././././././././././././././././././././././././././.]
[ixt-sjc2-75:70767] MCW rank 14 bound to socket 1[core 80[hwt 0]]: [./././././././././././././././././././././././././././././././././././././././././././././././././././././././././././././././.][././././././././././././././././B/././././././././././././././././././././././././././././././././././././././././././././././.]
[ts1-sjc2-13:109476] MCW rank 22 bound to socket 1[core 80[hwt 0]]: [./././././././././././././././././././././././././././././././././././././././././././././././././././././././././././././././.][././././././././././././././././B/././././././././././././././././././././././././././././././././././././././././././././././.]
[ts1-sjc2-17:32609] MCW rank 38 bound to socket 1[core 80[hwt 0]]: [./././././././././././././././././././././././././././././././././././././././././././././././././././././././././././././././.][././././././././././././././././B/././././././././././././././././././././././././././././././././././././././././././././././.]
[ts1-sjc2-18:07273] MCW rank 46 bound to socket 1[core 80[hwt 0]]: [./././././././././././././././././././././././././././././././././././././././././././././././././././././././././././././././.][././././././././././././././././B/././././././././././././././././././././././././././././././././././././././././././././././.]
[ts1-sjc2-19:36364] MCW rank 54 bound to socket 1[core 80[hwt 0]]: [./././././././././././././././././././././././././././././././././././././././././././././././././././././././././././././././.][././././././././././././././././B/././././././././././././././././././././././././././././././././././././././././././././././.]
[ts1-sjc2-20:32494] MCW rank 62 bound to socket 1[core 80[hwt 0]]: [./././././././././././././././././././././././././././././././././././././././././././././././././././././././././././././././.][././././././././././././././././B/././././././././././././././././././././././././././././././././././././././././././././././.]
[ts1-sjc2-16:94109] MCW rank 31 bound to socket 1[core 96[hwt 0]]: [./././././././././././././././././././././././././././././././././././././././././././././././././././././././././././././././.][././././././././././././././././././././././././././././././././B/././././././././././././././././././././././././././././././.]
[ixt-sjc2-75:70767] MCW rank 15 bound to socket 1[core 96[hwt 0]]: [./././././././././././././././././././././././././././././././././././././././././././././././././././././././././././././././.][././././././././././././././././././././././././././././././././B/././././././././././././././././././././././././././././././.]
[ts1-sjc2-13:109476] MCW rank 23 bound to socket 1[core 96[hwt 0]]: [./././././././././././././././././././././././././././././././././././././././././././././././././././././././././././././././.][././././././././././././././././././././././././././././././././B/././././././././././././././././././././././././././././././.]
[ts1-sjc2-17:32609] MCW rank 39 bound to socket 1[core 96[hwt 0]]: [./././././././././././././././././././././././././././././././././././././././././././././././././././././././././././././././.][././././././././././././././././././././././././././././././././B/././././././././././././././././././././././././././././././.]
[ts1-sjc2-18:07273] MCW rank 47 bound to socket 1[core 96[hwt 0]]: [./././././././././././././././././././././././././././././././././././././././././././././././././././././././././././././././.][././././././././././././././././././././././././././././././././B/././././././././././././././././././././././././././././././.]
[ts1-sjc2-19:36364] MCW rank 55 bound to socket 1[core 96[hwt 0]]: [./././././././././././././././././././././././././././././././././././././././././././././././././././././././././././././././.][././././././././././././././././././././././././././././././././B/././././././././././././././././././././././././././././././.]
[ts1-sjc2-20:32494] MCW rank 63 bound to socket 1[core 96[hwt 0]]: [./././././././././././././././././././././././././././././././././././././././././././././././././././././././././././././././.][././././././././././././././././././././././././././././././././B/././././././././././././././././././././././././././././././.]
[ts1-sjc2-16:94109] MCW rank 32 bound to socket 1[core 112[hwt 0]]: [./././././././././././././././././././././././././././././././././././././././././././././././././././././././././././././././.][././././././././././././././././././././././././././././././././././././././././././././././././B/././././././././././././././.]
[ixt-sjc2-75:70767] MCW rank 16 bound to socket 1[core 112[hwt 0]]: [./././././././././././././././././././././././././././././././././././././././././././././././././././././././././././././././.][././././././././././././././././././././././././././././././././././././././././././././././././B/././././././././././././././.]
[ts1-sjc2-13:109476] MCW rank 24 bound to socket 1[core 112[hwt 0]]: [./././././././././././././././././././././././././././././././././././././././././././././././././././././././././././././././.][././././././././././././././././././././././././././././././././././././././././././././././././B/././././././././././././././.]
[ts1-sjc2-17:32609] MCW rank 40 bound to socket 1[core 112[hwt 0]]: [./././././././././././././././././././././././././././././././././././././././././././././././././././././././././././././././.][././././././././././././././././././././././././././././././././././././././././././././././././B/././././././././././././././.]
[ts1-sjc2-18:07273] MCW rank 48 bound to socket 1[core 112[hwt 0]]: [./././././././././././././././././././././././././././././././././././././././././././././././././././././././././././././././.][././././././././././././././././././././././././././././././././././././././././././././././././B/././././././././././././././.]
[ts1-sjc2-19:36364] MCW rank 56 bound to socket 1[core 112[hwt 0]]: [./././././././././././././././././././././././././././././././././././././././././././././././././././././././././././././././.][././././././././././././././././././././././././././././././././././././././././././././././././B/././././././././././././././.]
[ts1-sjc2-20:32494] MCW rank 64 bound to socket 1[core 112[hwt 0]]: [./././././././././././././././././././././././././././././././././././././././././././././././././././././././././././././././.][././././././././././././././././././././././././././././././././././././././././././././././././B/././././././././././././././.]
[Rank 0000000, 4.824114e-03 s, 00000018252536 kB] :: INITIALISE
[Rank 0000000, 4.869853e-03 s, 00000018252536 kB] :: ----------
[Rank 0000000, 4.883973e-03 s, 00000018252536 kB] :: --> loading input and decomposing geometry
[Rank 0000000, 4.055122e+00 s, 00000018379124 kB] :: ----> opened data file ../../cases/FileSharingIZPK/CBM2019_Arteries_patched.gmy
[Rank 0000000, 4.055517e+00 s, 00000018379124 kB] :: ----> reading preamble
[Rank 0000000, 4.055742e+00 s, 00000018379124 kB] :: ----> reading header (start)
[Rank 0000000, 8.947684e+00 s, 00000019151016 kB] :: ----> reading header (end)
[Rank 0000000, 1.040633e+01 s, 00000019151016 kB] :: ----> non-empty blocks: 199393
[Rank 0000000, 1.040636e+01 s, 00000019151016 kB] ::           total blocks: 119617344
[Rank 0000000, 1.040638e+01 s, 00000019151016 kB] ::                  ratio: 0.001667
[Rank 0000000, 1.040639e+01 s, 00000019151016 kB] ::                  sites: 66401494
[Rank 0000000, 1.040641e+01 s, 00000019151016 kB] :: ----> blockInformation.size(): 199393
[Rank 0000000, 1.040642e+01 s, 00000019151016 kB] ::  fluidSitesOnEachBlock.size(): 0
[Rank 0000000, 1.040643e+01 s, 00000019151016 kB] ::           blockWeights.size(): 0
[Rank 0000000, 1.040645e+01 s, 00000019151016 kB] :: ----> is blockInformation.size() == nonEmptyBlocks? yes
[Rank 0000000, 1.040647e+01 s, 00000019151016 kB] :: ----> not optimising decomposition
[Rank 0000000, 1.041105e+01 s, 00000019177748 kB] :: ----> basic decomposition (start)
[Rank 0000001, 1.523047e+01 s, 00000000164796 kB] :: ----> load distribution: 0.000160
[Rank 0000000, 1.532452e+01 s, 00000020192624 kB] :: ----> basic decomposition (end)
[Rank 0000000, 1.532457e+01 s, 00000020192624 kB] :: ----> read blocks (start)
[Rank 0000001, 2.335699e+01 s, 00000000171040 kB] :: ----> blockInformation.size(): 199393
[Rank 0000004, 2.335700e+01 s, 00000000164464 kB] :: ----> blockInformation.size(): 3166
[Rank 0000005, 2.335700e+01 s, 00000000164408 kB] :: ----> blockInformation.size(): 3231
[Rank 0000008, 2.335701e+01 s, 00000000163928 kB] :: ----> blockInformation.size(): 3214
[Rank 0000007, 2.335701e+01 s, 00000000164360 kB] :: ----> blockInformation.size(): 3212
[Rank 0000006, 2.335701e+01 s, 00000000164300 kB] :: ----> blockInformation.size(): 3249
[Rank 0000003, 2.335697e+01 s, 00000000164176 kB] :: ----> blockInformation.size(): 3179
[Rank 0000002, 2.335701e+01 s, 00000000170368 kB] :: ----> blockInformation.size(): 199393
[Rank 0000025, 2.335674e+01 s, 00000000368708 kB] :: ----> blockInformation.size(): 3372
[Rank 0000017, 2.335673e+01 s, 00000000378432 kB] :: ----> blockInformation.size(): 3228
[Rank 0000018, 2.335673e+01 s, 00000000368300 kB] :: ----> blockInformation.size(): 3207
[Rank 0000048, 2.335674e+01 s, 00000000368316 kB] :: ----> blockInformation.size(): 3126
[Rank 0000013, 2.335664e+01 s, 00000000164032 kB] :: ----> blockInformation.size(): 3244
[Rank 0000021, 2.335673e+01 s, 00000000368728 kB] :: ----> blockInformation.size(): 3354
[Rank 0000047, 2.335674e+01 s, 00000000368672 kB] :: ----> blockInformation.size(): 3205
[Rank 0000059, 2.335671e+01 s, 00000000363412 kB] :: ----> blockInformation.size(): 3181
[Rank 0000026, 2.335674e+01 s, 00000000368472 kB] :: ----> blockInformation.size(): 3519
[Rank 0000035, 2.335676e+01 s, 00000000368480 kB] :: ----> blockInformation.size(): 4415
[Rank 0000049, 2.335669e+01 s, 00000000375920 kB] :: ----> blockInformation.size(): 3204
[Rank 0000019, 2.335673e+01 s, 00000000368432 kB] :: ----> blockInformation.size(): 3262
[Rank 0000043, 2.335675e+01 s, 00000000368520 kB] :: ----> blockInformation.size(): 3214
[Rank 0000058, 2.335671e+01 s, 00000000362960 kB] :: ----> blockInformation.size(): 3243
[Rank 0000027, 2.335674e+01 s, 00000000368484 kB] :: ----> blockInformation.size(): 3935
[Rank 0000053, 2.335670e+01 s, 00000000366588 kB] :: ----> blockInformation.size(): 3198
[Rank 0000024, 2.335673e+01 s, 00000000368320 kB] :: ----> blockInformation.size(): 3312
[Rank 0000042, 2.335676e+01 s, 00000000368724 kB] :: ----> blockInformation.size(): 3298
[Rank 0000060, 2.335671e+01 s, 00000000363276 kB] :: ----> blockInformation.size(): 3252
[Rank 0000032, 2.335674e+01 s, 00000000368612 kB] :: ----> blockInformation.size(): 3841
[Rank 0000051, 2.335671e+01 s, 00000000365988 kB] :: ----> blockInformation.size(): 3327
[Rank 0000020, 2.335674e+01 s, 00000000368888 kB] :: ----> blockInformation.size(): 3233
[Rank 0000041, 2.335673e+01 s, 00000000368192 kB] :: ----> blockInformation.size(): 3295
[Rank 0000057, 2.335671e+01 s, 00000000362960 kB] :: ----> blockInformation.size(): 3260
[Rank 0000031, 2.335671e+01 s, 00000000368844 kB] :: ----> blockInformation.size(): 4353
[Rank 0000054, 2.335673e+01 s, 00000000366008 kB] :: ----> blockInformation.size(): 3240
[Rank 0000022, 2.335676e+01 s, 00000000368432 kB] :: ----> blockInformation.size(): 3233
[Rank 0000045, 2.335675e+01 s, 00000000368656 kB] :: ----> blockInformation.size(): 3284
[Rank 0000064, 2.335672e+01 s, 00000000362996 kB] :: ----> blockInformation.size(): 3144
[Rank 0000028, 2.335674e+01 s, 00000000368816 kB] :: ----> blockInformation.size(): 3932
[Rank 0000014, 2.335658e+01 s, 00000000164220 kB] :: ----> blockInformation.size(): 3346
[Rank 0000033, 2.335677e+01 s, 00000000378800 kB] :: ----> blockInformation.size(): 4657
[Rank 0000055, 2.335672e+01 s, 00000000366540 kB] :: ----> blockInformation.size(): 3274
[Rank 0000023, 2.335672e+01 s, 00000000369096 kB] :: ----> blockInformation.size(): 3298
[Rank 0000044, 2.335676e+01 s, 00000000368364 kB] :: ----> blockInformation.size(): 3243
[Rank 0000063, 2.335668e+01 s, 00000000363396 kB] :: ----> blockInformation.size(): 3180
[Rank 0000030, 2.335675e+01 s, 00000000368900 kB] :: ----> blockInformation.size(): 3934
[Rank 0000016, 2.335664e+01 s, 00000000164024 kB] :: ----> blockInformation.size(): 3231
[Rank 0000040, 2.335674e+01 s, 00000000368884 kB] :: ----> blockInformation.size(): 3610
[Rank 0000056, 2.335669e+01 s, 00000000366252 kB] :: ----> blockInformation.size(): 3211
[Rank 0000046, 2.335679e+01 s, 00000000368532 kB] :: ----> blockInformation.size(): 3245
[Rank 0000062, 2.335672e+01 s, 00000000363364 kB] :: ----> blockInformation.size(): 3169
[Rank 0000029, 2.335676e+01 s, 00000000368464 kB] :: ----> blockInformation.size(): 4225
[Rank 0000015, 2.335664e+01 s, 00000000164104 kB] :: ----> blockInformation.size(): 3205
[Rank 0000034, 2.335677e+01 s, 00000000368492 kB] :: ----> blockInformation.size(): 4423
[Rank 0000052, 2.335672e+01 s, 00000000366148 kB] :: ----> blockInformation.size(): 3238
[Rank 0000061, 2.335672e+01 s, 00000000363208 kB] :: ----> blockInformation.size(): 3151
[Rank 0000011, 2.335665e+01 s, 00000000164308 kB] :: ----> blockInformation.size(): 3259
[Rank 0000037, 2.335678e+01 s, 00000000368564 kB] :: ----> blockInformation.size(): 4229
[Rank 0000050, 2.335673e+01 s, 00000000366372 kB] :: ----> blockInformation.size(): 3222
[Rank 0000009, 2.335664e+01 s, 00000000163752 kB] :: ----> blockInformation.size(): 3352
[Rank 0000039, 2.335676e+01 s, 00000000368792 kB] :: ----> blockInformation.size(): 3560
[Rank 0000012, 2.335664e+01 s, 00000000163984 kB] :: ----> blockInformation.size(): 3201
[Rank 0000038, 2.335678e+01 s, 00000000368828 kB] :: ----> blockInformation.size(): 4475
[Rank 0000010, 2.335664e+01 s, 00000000164220 kB] :: ----> blockInformation.size(): 3287
[Rank 0000036, 2.335677e+01 s, 00000000368856 kB] :: ----> blockInformation.size(): 3947
[Rank 0000000, 1.501392e+02 s, 00000042762732 kB] :: ----> read blocks (end)
[Rank 0000000, 1.533444e+02 s, 00000042621040 kB] :: --> lattice data
[Rank 0000000, 1.581020e+02 s, 00000084179544 kB] :: ----> gathering lattice information (start)
[Rank 0000000, 1.581024e+02 s, 00000084179544 kB] :: ----> gathering lattice information (end)
[Rank 0000000, 1.733476e+02 s, 00000094032120 kB] :: --> neighbouring data manager
[Rank 0000000, 1.733477e+02 s, 00000094032120 kB] :: --> lattice-Boltzmann model
Rank 0: Detected 8 CUDA Capable device(s)
INDEED the Inlet Type of BCs is: NASHZEROTHORDERPRESSUREIOLET 
INDEED the Outlet Type of BCs is: NASHZEROTHORDERPRESSUREIOLET 
Rank: 48 - Total requested global memory 0.26GB 

INDEED the Inlet Type of BCs is: NASHZEROTHORDERPRESSUREIOLET 
INDEED the Outlet Type of BCs is: NASHZEROTHORDERPRESSUREIOLET 
Rank: 61 - Total requested global memory 0.26GB 

INDEED the Inlet Type of BCs is: NASHZEROTHORDERPRESSUREIOLET 
INDEED the Outlet Type of BCs is: NASHZEROTHORDERPRESSUREIOLET 
Rank: 64 - Total requested global memory 0.27GB 

INDEED the Inlet Type of BCs is: NASHZEROTHORDERPRESSUREIOLET 
INDEED the Outlet Type of BCs is: NASHZEROTHORDERPRESSUREIOLET 
Rank: 62 - Total requested global memory 0.35GB 

INDEED the Inlet Type of BCs is: NASHZEROTHORDERPRESSUREIOLET 
INDEED the Outlet Type of BCs is: NASHZEROTHORDERPRESSUREIOLET 
Rank: 58 - Total requested global memory 0.37GB 

INDEED the Inlet Type of BCs is: NASHZEROTHORDERPRESSUREIOLET 
INDEED the Outlet Type of BCs is: NASHZEROTHORDERPRESSUREIOLET 
Rank: 59 - Total requested global memory 0.38GB 

INDEED the Inlet Type of BCs is: NASHZEROTHORDERPRESSUREIOLET 
INDEED the Outlet Type of BCs is: NASHZEROTHORDERPRESSUREIOLET 
Rank: 60 - Total requested global memory 0.40GB 

INDEED the Inlet Type of BCs is: NASHZEROTHORDERPRESSUREIOLET 
INDEED the Outlet Type of BCs is: NASHZEROTHORDERPRESSUREIOLET 
Rank: 41 - Total requested global memory 0.48GB 

INDEED the Inlet Type of BCs is: NASHZEROTHORDERPRESSUREIOLET 
INDEED the Outlet Type of BCs is: NASHZEROTHORDERPRESSUREIOLET 
INDEED the Inlet Type of BCs is: NASHZEROTHORDERPRESSUREIOLET 
INDEED the Outlet Type of BCs is: NASHZEROTHORDERPRESSUREIOLET 
Rank: 46 - Total requested global memory 0.46GB 

Rank: 43 - Total requested global memory 0.43GB 

INDEED the Inlet Type of BCs is: NASHZEROTHORDERPRESSUREIOLET 
INDEED the Outlet Type of BCs is: NASHZEROTHORDERPRESSUREIOLET 
Rank: 63 - Total requested global memory 0.41GB 

Rank: 57, Iolet ID: 23, Frequency: 2 
Rank: 57, Iolet ID: 24, Frequency: 1 
Rank: 57, Iolet ID: 31, Frequency: 1 
Rank: 57, Iolet ID: 33, Frequency: 1 
Rank: 57, Iolet ID: 23, Frequency: 3 
Rank: 57, Iolet ID: 24, Frequency: 2 
Rank: 57, Iolet ID: 31, Frequency: 1 
Rank: 57, Iolet ID: 33, Frequency: 1 
INDEED the Inlet Type of BCs is: NASHZEROTHORDERPRESSUREIOLET 
INDEED the Outlet Type of BCs is: NASHZEROTHORDERPRESSUREIOLET 
Rank: 57 - Total requested global memory 0.45GB 

INDEED the Inlet Type of BCs is: NASHZEROTHORDERPRESSUREIOLET 
INDEED the Outlet Type of BCs is: NASHZEROTHORDERPRESSUREIOLET 
Rank: 47 - Total requested global memory 0.46GB 

INDEED the Inlet Type of BCs is: NASHZEROTHORDERPRESSUREIOLET 
INDEED the Outlet Type of BCs is: NASHZEROTHORDERPRESSUREIOLET 
Rank: 42 - Total requested global memory 0.49GB 

INDEED the Inlet Type of BCs is: NASHZEROTHORDERPRESSUREIOLET 
INDEED the Outlet Type of BCs is: NASHZEROTHORDERPRESSUREIOLET 
Rank: 44 - Total requested global memory 0.51GB 

INDEED the Inlet Type of BCs is: NASHZEROTHORDERPRESSUREIOLET 
INDEED the Outlet Type of BCs is: NASHZEROTHORDERPRESSUREIOLET 
Rank: 45 - Total requested global memory 0.52GB 

INDEED the Inlet Type of BCs is: NASHZEROTHORDERPRESSUREIOLET 
INDEED the Outlet Type of BCs is: NASHZEROTHORDERPRESSUREIOLET 
Rank: 5 - Total requested global memory 0.27GB 

INDEED the Inlet Type of BCs is: NASHZEROTHORDERPRESSUREIOLET 
INDEED the Outlet Type of BCs is: NASHZEROTHORDERPRESSUREIOLET 
Rank: 8 - Total requested global memory 0.25GB 

INDEED the Inlet Type of BCs is: NASHZEROTHORDERPRESSUREIOLET 
INDEED the Outlet Type of BCs is: NASHZEROTHORDERPRESSUREIOLET 
Rank: 4 - Total requested global memory 0.29GB 

INDEED the Inlet Type of BCs is: NASHZEROTHORDERPRESSUREIOLET 
INDEED the Outlet Type of BCs is: NASHZEROTHORDERPRESSUREIOLET 
Rank: 1 - Total requested global memory 0.37GB 

INDEED the Inlet Type of BCs is: NASHZEROTHORDERPRESSUREIOLET 
INDEED the Outlet Type of BCs is: NASHZEROTHORDERPRESSUREIOLET 
Rank: 3 - Total requested global memory 0.33GB 

INDEED the Inlet Type of BCs is: NASHZEROTHORDERPRESSUREIOLET 
INDEED the Outlet Type of BCs is: NASHZEROTHORDERPRESSUREIOLET 
Rank: 24 - Total requested global memory 0.45GB 

INDEED the Inlet Type of BCs is: NASHZEROTHORDERPRESSUREIOLET 
INDEED the Outlet Type of BCs is: NASHZEROTHORDERPRESSUREIOLET 
Rank: 22 - Total requested global memory 0.41GB 

INDEED the Inlet Type of BCs is: NASHZEROTHORDERPRESSUREIOLET 
INDEED the Outlet Type of BCs is: NASHZEROTHORDERPRESSUREIOLET 
Rank: 21 - Total requested global memory 0.51GB 

INDEED the Inlet Type of BCs is: NASHZEROTHORDERPRESSUREIOLET 
INDEED the Outlet Type of BCs is: NASHZEROTHORDERPRESSUREIOLET 
Rank: 20 - Total requested global memory 0.51GB 

INDEED the Inlet Type of BCs is: NASHZEROTHORDERPRESSUREIOLET 
INDEED the Outlet Type of BCs is: NASHZEROTHORDERPRESSUREIOLET 
Rank: 2 - Total requested global memory 0.40GB 

INDEED the Inlet Type of BCs is: NASHZEROTHORDERPRESSUREIOLET 
INDEED the Outlet Type of BCs is: NASHZEROTHORDERPRESSUREIOLET 
Rank: 7 - Total requested global memory 0.40GB 

INDEED the Inlet Type of BCs is: NASHZEROTHORDERPRESSUREIOLET 
INDEED the Outlet Type of BCs is: NASHZEROTHORDERPRESSUREIOLET 
Rank: 18 - Total requested global memory 0.47GB 

INDEED the Inlet Type of BCs is: NASHZEROTHORDERPRESSUREIOLET 
INDEED the Outlet Type of BCs is: NASHZEROTHORDERPRESSUREIOLET 
Rank: 23 - Total requested global memory 0.48GB 

INDEED the Inlet Type of BCs is: NASHZEROTHORDERPRESSUREIOLET 
INDEED the Outlet Type of BCs is: NASHZEROTHORDERPRESSUREIOLET 
Rank: 50 - Total requested global memory 0.50GB 

INDEED the Inlet Type of BCs is: NASHZEROTHORDERPRESSUREIOLET 
INDEED the Outlet Type of BCs is: NASHZEROTHORDERPRESSUREIOLET 
Rank: 17 - Total requested global memory 0.51GB 

INDEED the Inlet Type of BCs is: NASHZEROTHORDERPRESSUREIOLET 
INDEED the Outlet Type of BCs is: NASHZEROTHORDERPRESSUREIOLET 
Rank: 56 - Total requested global memory 0.44GB 

INDEED the Inlet Type of BCs is: NASHZEROTHORDERPRESSUREIOLET 
INDEED the Outlet Type of BCs is: NASHZEROTHORDERPRESSUREIOLET 
Rank: 54 - Total requested global memory 0.47GB 

INDEED the Inlet Type of BCs is: NASHZEROTHORDERPRESSUREIOLET 
INDEED the Outlet Type of BCs is: NASHZEROTHORDERPRESSUREIOLET 
Rank: 53 - Total requested global memory 0.45GB 

INDEED the Inlet Type of BCs is: NASHZEROTHORDERPRESSUREIOLET 
INDEED the Outlet Type of BCs is: NASHZEROTHORDERPRESSUREIOLET 
Rank: 52 - Total requested global memory 0.52GB 

INDEED the Inlet Type of BCs is: NASHZEROTHORDERPRESSUREIOLET 
INDEED the Outlet Type of BCs is: NASHZEROTHORDERPRESSUREIOLET 
Rank: 6 - Total requested global memory 0.47GB 

INDEED the Inlet Type of BCs is: NASHZEROTHORDERPRESSUREIOLET 
INDEED the Outlet Type of BCs is: NASHZEROTHORDERPRESSUREIOLET 
Rank: 19 - Total requested global memory 0.54GB 

INDEED the Inlet Type of BCs is: NASHZEROTHORDERPRESSUREIOLET 
INDEED the Outlet Type of BCs is: NASHZEROTHORDERPRESSUREIOLET 
Rank: 49 - Total requested global memory 0.50GB 

INDEED the Inlet Type of BCs is: NASHZEROTHORDERPRESSUREIOLET 
INDEED the Outlet Type of BCs is: NASHZEROTHORDERPRESSUREIOLET 
Rank: 51 - Total requested global memory 0.51GB 

INDEED the Inlet Type of BCs is: NASHZEROTHORDERPRESSUREIOLET 
INDEED the Outlet Type of BCs is: NASHZEROTHORDERPRESSUREIOLET 
Rank: 55 - Total requested global memory 0.52GB 

INDEED the Inlet Type of BCs is: NASHZEROTHORDERPRESSUREIOLET 
INDEED the Outlet Type of BCs is: NASHZEROTHORDERPRESSUREIOLET 
Rank: 25 - Total requested global memory 0.49GB 

INDEED the Inlet Type of BCs is: NASHZEROTHORDERPRESSUREIOLET 
INDEED the Outlet Type of BCs is: NASHZEROTHORDERPRESSUREIOLET 
Rank: 16 - Total requested global memory 0.41GB 

INDEED the Inlet Type of BCs is: NASHZEROTHORDERPRESSUREIOLET 
INDEED the Outlet Type of BCs is: NASHZEROTHORDERPRESSUREIOLET 
Rank: 26 - Total requested global memory 0.58GB 

INDEED the Inlet Type of BCs is: NASHZEROTHORDERPRESSUREIOLET 
INDEED the Outlet Type of BCs is: NASHZEROTHORDERPRESSUREIOLET 
Rank: 9 - Total requested global memory 0.46GB 

INDEED the Inlet Type of BCs is: NASHZEROTHORDERPRESSUREIOLET 
INDEED the Outlet Type of BCs is: NASHZEROTHORDERPRESSUREIOLET 
Rank: 10 - Total requested global memory 0.51GB 

INDEED the Inlet Type of BCs is: NASHZEROTHORDERPRESSUREIOLET 
INDEED the Outlet Type of BCs is: NASHZEROTHORDERPRESSUREIOLET 
Rank: 12 - Total requested global memory 0.47GB 

INDEED the Inlet Type of BCs is: NASHZEROTHORDERPRESSUREIOLET 
INDEED the Outlet Type of BCs is: NASHZEROTHORDERPRESSUREIOLET 
Rank: 15 - Total requested global memory 0.49GB 

INDEED the Inlet Type of BCs is: NASHZEROTHORDERPRESSUREIOLET 
INDEED the Outlet Type of BCs is: NASHZEROTHORDERPRESSUREIOLET 
Rank: 11 - Total requested global memory 0.49GB 

INDEED the Inlet Type of BCs is: NASHZEROTHORDERPRESSUREIOLET 
INDEED the Outlet Type of BCs is: NASHZEROTHORDERPRESSUREIOLET 
Rank: 27 - Total requested global memory 0.60GB 

INDEED the Inlet Type of BCs is: NASHZEROTHORDERPRESSUREIOLET 
INDEED the Outlet Type of BCs is: NASHZEROTHORDERPRESSUREIOLET 
INDEED the Inlet Type of BCs is: NASHZEROTHORDERPRESSUREIOLET 
INDEED the Outlet Type of BCs is: NASHZEROTHORDERPRESSUREIOLET 
Rank: 29 - Total requested global memory 0.64GB 

Rank: 32 - Total requested global memory 0.63GB 

INDEED the Inlet Type of BCs is: NASHZEROTHORDERPRESSUREIOLET 
INDEED the Outlet Type of BCs is: NASHZEROTHORDERPRESSUREIOLET 
Rank: 14 - Total requested global memory 0.52GB 

INDEED the Inlet Type of BCs is: NASHZEROTHORDERPRESSUREIOLET 
INDEED the Outlet Type of BCs is: NASHZEROTHORDERPRESSUREIOLET 
Rank: 13 - Total requested global memory 0.53GB 

INDEED the Inlet Type of BCs is: NASHZEROTHORDERPRESSUREIOLET 
INDEED the Outlet Type of BCs is: NASHZEROTHORDERPRESSUREIOLET 
Rank: 40 - Total requested global memory 0.55GB 

INDEED the Inlet Type of BCs is: NASHZEROTHORDERPRESSUREIOLET 
INDEED the Outlet Type of BCs is: NASHZEROTHORDERPRESSUREIOLET 
Rank: 28 - Total requested global memory 0.64GB 

INDEED the Inlet Type of BCs is: NASHZEROTHORDERPRESSUREIOLET 
INDEED the Outlet Type of BCs is: NASHZEROTHORDERPRESSUREIOLET 
Rank: 37 - Total requested global memory 0.58GB 

INDEED the Inlet Type of BCs is: NASHZEROTHORDERPRESSUREIOLET 
INDEED the Outlet Type of BCs is: NASHZEROTHORDERPRESSUREIOLET 
Rank: 38 - Total requested global memory 0.57GB 

INDEED the Inlet Type of BCs is: NASHZEROTHORDERPRESSUREIOLET 
INDEED the Outlet Type of BCs is: NASHZEROTHORDERPRESSUREIOLET 
Rank: 30 - Total requested global memory 0.65GB 

INDEED the Inlet Type of BCs is: NASHZEROTHORDERPRESSUREIOLET 
INDEED the Outlet Type of BCs is: NASHZEROTHORDERPRESSUREIOLET 
Rank: 31 - Total requested global memory 0.66GB 

INDEED the Inlet Type of BCs is: NASHZEROTHORDERPRESSUREIOLET 
INDEED the Outlet Type of BCs is: NASHZEROTHORDERPRESSUREIOLET 
Rank: 39 - Total requested global memory 0.59GB 

INDEED the Inlet Type of BCs is: NASHZEROTHORDERPRESSUREIOLET 
INDEED the Outlet Type of BCs is: NASHZEROTHORDERPRESSUREIOLET 
Rank: 36 - Total requested global memory 0.63GB 

INDEED the Inlet Type of BCs is: NASHZEROTHORDERPRESSUREIOLET 
INDEED the Outlet Type of BCs is: NASHZEROTHORDERPRESSUREIOLET 
Rank: 33 - Total requested global memory 0.67GB 

INDEED the Inlet Type of BCs is: NASHZEROTHORDERPRESSUREIOLET 
INDEED the Outlet Type of BCs is: NASHZEROTHORDERPRESSUREIOLET 
Rank: 34 - Total requested global memory 0.67GB 

INDEED the Inlet Type of BCs is: NASHZEROTHORDERPRESSUREIOLET 
INDEED the Outlet Type of BCs is: NASHZEROTHORDERPRESSUREIOLET 
Rank: 35 - Total requested global memory 0.67GB 

[Rank 0000000, 1.755784e+02 s, 00000162638304 kB] :: -------------------
[Rank 0000000, 1.755784e+02 s, 00000162638304 kB] :: INITIALISE FINISHED
[Rank 0000000, 1.756389e+02 s, 00000162493232 kB] :: SIMULATION STARTING
[Rank 0000000, 1.756389e+02 s, 00000162493232 kB] :: -------------------
[Rank 0000000, 1.766618e+02 s, 00000164090284 kB] :: time step 0000200 :: write_image_to_disk 0
[Rank 0000000, 1.776887e+02 s, 00000164091076 kB] :: time step 0000400 :: write_image_to_disk 0
[Rank 0000000, 1.787220e+02 s, 00000164091076 kB] :: time step 0000600 :: write_image_to_disk 0
[Rank 0000000, 1.797582e+02 s, 00000164091076 kB] :: time step 0000800 :: write_image_to_disk 0
[Rank 0000000, 1.807979e+02 s, 00000164091076 kB] :: time step 0001000 :: write_image_to_disk 0
[Rank 0000000, 1.818540e+02 s, 00000166062940 kB] :: time step 0001200 :: write_image_to_disk 0
[Rank 0000000, 1.828941e+02 s, 00000166063372 kB] :: time step 0001400 :: write_image_to_disk 0
[Rank 0000000, 1.839336e+02 s, 00000166063940 kB] :: time step 0001600 :: write_image_to_disk 0
[Rank 0000000, 1.849724e+02 s, 00000166063940 kB] :: time step 0001800 :: write_image_to_disk 0
[Rank 0000000, 1.860104e+02 s, 00000166063940 kB] :: time step 0002000 :: write_image_to_disk 0
[Rank 0000000, 1.870590e+02 s, 00000167101580 kB] :: time step 0002200 :: write_image_to_disk 0
[Rank 0000000, 1.880909e+02 s, 00000167101580 kB] :: time step 0002400 :: write_image_to_disk 0
[Rank 0000000, 1.891200e+02 s, 00000167102000 kB] :: time step 0002600 :: write_image_to_disk 0
[Rank 0000000, 1.901514e+02 s, 00000167102000 kB] :: time step 0002800 :: write_image_to_disk 0
[Rank 0000000, 1.911844e+02 s, 00000167102000 kB] :: time step 0003000 :: write_image_to_disk 0
[Rank 0000000, 1.922299e+02 s, 00000168139520 kB] :: time step 0003200 :: write_image_to_disk 0
[Rank 0000000, 1.932568e+02 s, 00000168139520 kB] :: time step 0003400 :: write_image_to_disk 0
[Rank 0000000, 1.942897e+02 s, 00000168139520 kB] :: time step 0003600 :: write_image_to_disk 0
[Rank 0000000, 1.953199e+02 s, 00000168139520 kB] :: time step 0003800 :: write_image_to_disk 0
[Rank 0000000, 1.963491e+02 s, 00000168139520 kB] :: time step 0004000 :: write_image_to_disk 0
[Rank 0000000, 1.973921e+02 s, 00000169176144 kB] :: time step 0004200 :: write_image_to_disk 0
[Rank 0000000, 1.984230e+02 s, 00000169176144 kB] :: time step 0004400 :: write_image_to_disk 0
[Rank 0000000, 1.994546e+02 s, 00000169176144 kB] :: time step 0004600 :: write_image_to_disk 0
[Rank 0000000, 2.004873e+02 s, 00000169176144 kB] :: time step 0004800 :: write_image_to_disk 0
[Rank 0000000, 2.015149e+02 s, 00000169176144 kB] :: time step 0005000 :: write_image_to_disk 0
[Rank 0000000, 2.025583e+02 s, 00000170214456 kB] :: time step 0005200 :: write_image_to_disk 0
[Rank 0000000, 2.035937e+02 s, 00000170214456 kB] :: time step 0005400 :: write_image_to_disk 0
[Rank 0000000, 2.046271e+02 s, 00000170214456 kB] :: time step 0005600 :: write_image_to_disk 0
[Rank 0000000, 2.056606e+02 s, 00000170214456 kB] :: time step 0005800 :: write_image_to_disk 0
[Rank 0000000, 2.066915e+02 s, 00000170214456 kB] :: time step 0006000 :: write_image_to_disk 0
[Rank 0000000, 2.077362e+02 s, 00000171249600 kB] :: time step 0006200 :: write_image_to_disk 0
[Rank 0000000, 2.087696e+02 s, 00000171249600 kB] :: time step 0006400 :: write_image_to_disk 0
[Rank 0000000, 2.097956e+02 s, 00000171249600 kB] :: time step 0006600 :: write_image_to_disk 0
[Rank 0000000, 2.108281e+02 s, 00000171249600 kB] :: time step 0006800 :: write_image_to_disk 0
[Rank 0000000, 2.118660e+02 s, 00000171249600 kB] :: time step 0007000 :: write_image_to_disk 0
[Rank 0000000, 2.129155e+02 s, 00000172287172 kB] :: time step 0007200 :: write_image_to_disk 0
[Rank 0000000, 2.139515e+02 s, 00000172287172 kB] :: time step 0007400 :: write_image_to_disk 0
[Rank 0000000, 2.149807e+02 s, 00000172287172 kB] :: time step 0007600 :: write_image_to_disk 0
[Rank 0000000, 2.159983e+02 s, 00000172287172 kB] :: time step 0007800 :: write_image_to_disk 0
[Rank 0000000, 2.170254e+02 s, 00000172287172 kB] :: time step 0008000 :: write_image_to_disk 0
[Rank 0000000, 2.180599e+02 s, 00000173325748 kB] :: time step 0008200 :: write_image_to_disk 0
[Rank 0000000, 2.190865e+02 s, 00000173325748 kB] :: time step 0008400 :: write_image_to_disk 0
[Rank 0000000, 2.201114e+02 s, 00000173325748 kB] :: time step 0008600 :: write_image_to_disk 0
[Rank 0000000, 2.211371e+02 s, 00000173325748 kB] :: time step 0008800 :: write_image_to_disk 0
[Rank 0000000, 2.221631e+02 s, 00000173325748 kB] :: time step 0009000 :: write_image_to_disk 0
[Rank 0000000, 2.232026e+02 s, 00000174361684 kB] :: time step 0009200 :: write_image_to_disk 0
[Rank 0000000, 2.242307e+02 s, 00000174361684 kB] :: time step 0009400 :: write_image_to_disk 0
[Rank 0000000, 2.252599e+02 s, 00000174361684 kB] :: time step 0009600 :: write_image_to_disk 0
[Rank 0000000, 2.262899e+02 s, 00000174361684 kB] :: time step 0009800 :: write_image_to_disk 0
[Rank 0000000, 2.273147e+02 s, 00000174361684 kB] :: time step 0010000 :: write_image_to_disk 1
[Rank 0000000, 2.283546e+02 s, 00000175398940 kB] :: time step 0010200 :: write_image_to_disk 0
[Rank 0000000, 2.293837e+02 s, 00000175398940 kB] :: time step 0010400 :: write_image_to_disk 0
[Rank 0000000, 2.304090e+02 s, 00000175398940 kB] :: time step 0010600 :: write_image_to_disk 0
[Rank 0000000, 2.314334e+02 s, 00000175398940 kB] :: time step 0010800 :: write_image_to_disk 0
[Rank 0000000, 2.324585e+02 s, 00000175398940 kB] :: time step 0011000 :: write_image_to_disk 0
[Rank 0000000, 2.334971e+02 s, 00000176435668 kB] :: time step 0011200 :: write_image_to_disk 0
[Rank 0000000, 2.345198e+02 s, 00000176435668 kB] :: time step 0011400 :: write_image_to_disk 0
[Rank 0000000, 2.355440e+02 s, 00000176435668 kB] :: time step 0011600 :: write_image_to_disk 0
[Rank 0000000, 2.365714e+02 s, 00000176435668 kB] :: time step 0011800 :: write_image_to_disk 0
[Rank 0000000, 2.375980e+02 s, 00000176435668 kB] :: time step 0012000 :: write_image_to_disk 0
[Rank 0000000, 2.386355e+02 s, 00000177472404 kB] :: time step 0012200 :: write_image_to_disk 0
[Rank 0000000, 2.396617e+02 s, 00000177472404 kB] :: time step 0012400 :: write_image_to_disk 0
[Rank 0000000, 2.406859e+02 s, 00000177472404 kB] :: time step 0012600 :: write_image_to_disk 0
[Rank 0000000, 2.417141e+02 s, 00000177472404 kB] :: time step 0012800 :: write_image_to_disk 0
[Rank 0000000, 2.427420e+02 s, 00000177472404 kB] :: time step 0013000 :: write_image_to_disk 0
[Rank 0000000, 2.437802e+02 s, 00000178509660 kB] :: time step 0013200 :: write_image_to_disk 0
[Rank 0000000, 2.448073e+02 s, 00000178509660 kB] :: time step 0013400 :: write_image_to_disk 0
[Rank 0000000, 2.458327e+02 s, 00000178509660 kB] :: time step 0013600 :: write_image_to_disk 0
[Rank 0000000, 2.468610e+02 s, 00000178509660 kB] :: time step 0013800 :: write_image_to_disk 0
[Rank 0000000, 2.478904e+02 s, 00000178509660 kB] :: time step 0014000 :: write_image_to_disk 0
[Rank 0000000, 2.489337e+02 s, 00000179547972 kB] :: time step 0014200 :: write_image_to_disk 0
[Rank 0000000, 2.499611e+02 s, 00000179547972 kB] :: time step 0014400 :: write_image_to_disk 0
[Rank 0000000, 2.509885e+02 s, 00000179547972 kB] :: time step 0014600 :: write_image_to_disk 0
[Rank 0000000, 2.520138e+02 s, 00000179547972 kB] :: time step 0014800 :: write_image_to_disk 0
[Rank 0000000, 2.530401e+02 s, 00000179547972 kB] :: time step 0015000 :: write_image_to_disk 0
[Rank 0000000, 2.540804e+02 s, 00000180584448 kB] :: time step 0015200 :: write_image_to_disk 0
[Rank 0000000, 2.551080e+02 s, 00000180584448 kB] :: time step 0015400 :: write_image_to_disk 0
[Rank 0000000, 2.561337e+02 s, 00000180584448 kB] :: time step 0015600 :: write_image_to_disk 0
[Rank 0000000, 2.571587e+02 s, 00000180584448 kB] :: time step 0015800 :: write_image_to_disk 0
[Rank 0000000, 2.581850e+02 s, 00000180584448 kB] :: time step 0016000 :: write_image_to_disk 0
[Rank 0000000, 2.592284e+02 s, 00000181620384 kB] :: time step 0016200 :: write_image_to_disk 0
[Rank 0000000, 2.602536e+02 s, 00000181620384 kB] :: time step 0016400 :: write_image_to_disk 0
[Rank 0000000, 2.612797e+02 s, 00000181620384 kB] :: time step 0016600 :: write_image_to_disk 0
[Rank 0000000, 2.623068e+02 s, 00000181620384 kB] :: time step 0016800 :: write_image_to_disk 0
[Rank 0000000, 2.633342e+02 s, 00000181620384 kB] :: time step 0017000 :: write_image_to_disk 0
[Rank 0000000, 2.643745e+02 s, 00000182659256 kB] :: time step 0017200 :: write_image_to_disk 0
[Rank 0000000, 2.654009e+02 s, 00000182659256 kB] :: time step 0017400 :: write_image_to_disk 0
[Rank 0000000, 2.664272e+02 s, 00000182659256 kB] :: time step 0017600 :: write_image_to_disk 0
[Rank 0000000, 2.674569e+02 s, 00000182659256 kB] :: time step 0017800 :: write_image_to_disk 0
[Rank 0000000, 2.684819e+02 s, 00000182659256 kB] :: time step 0018000 :: write_image_to_disk 0
[Rank 0000000, 2.695243e+02 s, 00000183698076 kB] :: time step 0018200 :: write_image_to_disk 0
[Rank 0000000, 2.705496e+02 s, 00000183698076 kB] :: time step 0018400 :: write_image_to_disk 0
[Rank 0000000, 2.715742e+02 s, 00000183698076 kB] :: time step 0018600 :: write_image_to_disk 0
[Rank 0000000, 2.725987e+02 s, 00000183698076 kB] :: time step 0018800 :: write_image_to_disk 0
[Rank 0000000, 2.736243e+02 s, 00000183698076 kB] :: time step 0019000 :: write_image_to_disk 0
[Rank 0000000, 2.746628e+02 s, 00000184740264 kB] :: time step 0019200 :: write_image_to_disk 0
[Rank 0000000, 2.756871e+02 s, 00000184740264 kB] :: time step 0019400 :: write_image_to_disk 0
[Rank 0000000, 2.767097e+02 s, 00000184740264 kB] :: time step 0019600 :: write_image_to_disk 0
[Rank 0000000, 2.777340e+02 s, 00000184740264 kB] :: time step 0019800 :: write_image_to_disk 0
[Rank 0000000, 2.787600e+02 s, 00000184740264 kB] :: time step 0020000 :: write_image_to_disk 1
[Rank 0000000, 2.797969e+02 s, 00000185778020 kB] :: time step 0020200 :: write_image_to_disk 0
[Rank 0000000, 2.808230e+02 s, 00000185778020 kB] :: time step 0020400 :: write_image_to_disk 0
[Rank 0000000, 2.818500e+02 s, 00000185778020 kB] :: time step 0020600 :: write_image_to_disk 0
[Rank 0000000, 2.828741e+02 s, 00000185778020 kB] :: time step 0020800 :: write_image_to_disk 0
[Rank 0000000, 2.838981e+02 s, 00000185778020 kB] :: time step 0021000 :: write_image_to_disk 0
[Rank 0000000, 2.849391e+02 s, 00000186816848 kB] :: time step 0021200 :: write_image_to_disk 0
[Rank 0000000, 2.859647e+02 s, 00000186816848 kB] :: time step 0021400 :: write_image_to_disk 0
[Rank 0000000, 2.869912e+02 s, 00000186816848 kB] :: time step 0021600 :: write_image_to_disk 0
[Rank 0000000, 2.880175e+02 s, 00000186816848 kB] :: time step 0021800 :: write_image_to_disk 0
[Rank 0000000, 2.890417e+02 s, 00000186816848 kB] :: time step 0022000 :: write_image_to_disk 0
[Rank 0000000, 2.900797e+02 s, 00000187853576 kB] :: time step 0022200 :: write_image_to_disk 0
[Rank 0000000, 2.911074e+02 s, 00000187853576 kB] :: time step 0022400 :: write_image_to_disk 0
[Rank 0000000, 2.921340e+02 s, 00000187853576 kB] :: time step 0022600 :: write_image_to_disk 0
[Rank 0000000, 2.931619e+02 s, 00000187853576 kB] :: time step 0022800 :: write_image_to_disk 0
[Rank 0000000, 2.941836e+02 s, 00000187853576 kB] :: time step 0023000 :: write_image_to_disk 0
[Rank 0000000, 2.952232e+02 s, 00000188890568 kB] :: time step 0023200 :: write_image_to_disk 0
[Rank 0000000, 2.962481e+02 s, 00000188890568 kB] :: time step 0023400 :: write_image_to_disk 0
[Rank 0000000, 2.972733e+02 s, 00000188890568 kB] :: time step 0023600 :: write_image_to_disk 0
[Rank 0000000, 2.982986e+02 s, 00000188890568 kB] :: time step 0023800 :: write_image_to_disk 0
[Rank 0000000, 2.993256e+02 s, 00000188890568 kB] :: time step 0024000 :: write_image_to_disk 0
[Rank 0000000, 3.003726e+02 s, 00000189927560 kB] :: time step 0024200 :: write_image_to_disk 0
[Rank 0000000, 3.014041e+02 s, 00000189927560 kB] :: time step 0024400 :: write_image_to_disk 0
[Rank 0000000, 3.024333e+02 s, 00000189927560 kB] :: time step 0024600 :: write_image_to_disk 0
[Rank 0000000, 3.034656e+02 s, 00000189927560 kB] :: time step 0024800 :: write_image_to_disk 0
[Rank 0000000, 3.044967e+02 s, 00000189927560 kB] :: time step 0025000 :: write_image_to_disk 0
[Rank 0000000, 3.055425e+02 s, 00000190965168 kB] :: time step 0025200 :: write_image_to_disk 0
[Rank 0000000, 3.065726e+02 s, 00000190965168 kB] :: time step 0025400 :: write_image_to_disk 0
[Rank 0000000, 3.076026e+02 s, 00000190965168 kB] :: time step 0025600 :: write_image_to_disk 0
[Rank 0000000, 3.086315e+02 s, 00000190965168 kB] :: time step 0025800 :: write_image_to_disk 0
[Rank 0000000, 3.096625e+02 s, 00000190965168 kB] :: time step 0026000 :: write_image_to_disk 0
[Rank 0000000, 3.107064e+02 s, 00000192002688 kB] :: time step 0026200 :: write_image_to_disk 0
[Rank 0000000, 3.117367e+02 s, 00000192002688 kB] :: time step 0026400 :: write_image_to_disk 0
[Rank 0000000, 3.127693e+02 s, 00000192002688 kB] :: time step 0026600 :: write_image_to_disk 0
[Rank 0000000, 3.138000e+02 s, 00000192002688 kB] :: time step 0026800 :: write_image_to_disk 0
[Rank 0000000, 3.148291e+02 s, 00000192002688 kB] :: time step 0027000 :: write_image_to_disk 0
[Rank 0000000, 3.158748e+02 s, 00000193040668 kB] :: time step 0027200 :: write_image_to_disk 0
[Rank 0000000, 3.169051e+02 s, 00000193040668 kB] :: time step 0027400 :: write_image_to_disk 0
[Rank 0000000, 3.179346e+02 s, 00000193040668 kB] :: time step 0027600 :: write_image_to_disk 0
[Rank 0000000, 3.189702e+02 s, 00000193040668 kB] :: time step 0027800 :: write_image_to_disk 0
[Rank 0000000, 3.199977e+02 s, 00000193040668 kB] :: time step 0028000 :: write_image_to_disk 0
[Rank 0000000, 3.210372e+02 s, 00000194083932 kB] :: time step 0028200 :: write_image_to_disk 0
[Rank 0000000, 3.220618e+02 s, 00000194083932 kB] :: time step 0028400 :: write_image_to_disk 0
[Rank 0000000, 3.230862e+02 s, 00000194083932 kB] :: time step 0028600 :: write_image_to_disk 0
[Rank 0000000, 3.241124e+02 s, 00000194083932 kB] :: time step 0028800 :: write_image_to_disk 0
[Rank 0000000, 3.251402e+02 s, 00000194083932 kB] :: time step 0029000 :: write_image_to_disk 0
[Rank 0000000, 3.261819e+02 s, 00000195127280 kB] :: time step 0029200 :: write_image_to_disk 0
[Rank 0000000, 3.272083e+02 s, 00000195127280 kB] :: time step 0029400 :: write_image_to_disk 0
[Rank 0000000, 3.282343e+02 s, 00000195127280 kB] :: time step 0029600 :: write_image_to_disk 0
[Rank 0000000, 3.292594e+02 s, 00000195127280 kB] :: time step 0029800 :: write_image_to_disk 0
[Rank 0000000, 3.302853e+02 s, 00000195127280 kB] :: time step 0030000 :: write_image_to_disk 1
[Rank 0000000, 3.313266e+02 s, 00000196166120 kB] :: time step 0030200 :: write_image_to_disk 0
[Rank 0000000, 3.323534e+02 s, 00000196166120 kB] :: time step 0030400 :: write_image_to_disk 0
[Rank 0000000, 3.333779e+02 s, 00000196166120 kB] :: time step 0030600 :: write_image_to_disk 0
[Rank 0000000, 3.344056e+02 s, 00000196166120 kB] :: time step 0030800 :: write_image_to_disk 0
[Rank 0000000, 3.354400e+02 s, 00000196166120 kB] :: time step 0031000 :: write_image_to_disk 0
[Rank 0000000, 3.364906e+02 s, 00000197203376 kB] :: time step 0031200 :: write_image_to_disk 0
[Rank 0000000, 3.375258e+02 s, 00000197203376 kB] :: time step 0031400 :: write_image_to_disk 0
[Rank 0000000, 3.385597e+02 s, 00000197203376 kB] :: time step 0031600 :: write_image_to_disk 0
[Rank 0000000, 3.395947e+02 s, 00000197203376 kB] :: time step 0031800 :: write_image_to_disk 0
[Rank 0000000, 3.406293e+02 s, 00000197203376 kB] :: time step 0032000 :: write_image_to_disk 0
[Rank 0000000, 3.416780e+02 s, 00000198241160 kB] :: time step 0032200 :: write_image_to_disk 0
[Rank 0000000, 3.427108e+02 s, 00000198241160 kB] :: time step 0032400 :: write_image_to_disk 0
[Rank 0000000, 3.437449e+02 s, 00000198241160 kB] :: time step 0032600 :: write_image_to_disk 0
[Rank 0000000, 3.447785e+02 s, 00000198241160 kB] :: time step 0032800 :: write_image_to_disk 0
[Rank 0000000, 3.458120e+02 s, 00000198241160 kB] :: time step 0033000 :: write_image_to_disk 0
[Rank 0000000, 3.468602e+02 s, 00000199277096 kB] :: time step 0033200 :: write_image_to_disk 0
[Rank 0000000, 3.478934e+02 s, 00000199277096 kB] :: time step 0033400 :: write_image_to_disk 0
[Rank 0000000, 3.489268e+02 s, 00000199277096 kB] :: time step 0033600 :: write_image_to_disk 0
[Rank 0000000, 3.499587e+02 s, 00000199277096 kB] :: time step 0033800 :: write_image_to_disk 0
[Rank 0000000, 3.509908e+02 s, 00000199277096 kB] :: time step 0034000 :: write_image_to_disk 0
[Rank 0000000, 3.520369e+02 s, 00000200314880 kB] :: time step 0034200 :: write_image_to_disk 0
[Rank 0000000, 3.530593e+02 s, 00000200314880 kB] :: time step 0034400 :: write_image_to_disk 0
[Rank 0000000, 3.540824e+02 s, 00000200314880 kB] :: time step 0034600 :: write_image_to_disk 0
[Rank 0000000, 3.551052e+02 s, 00000200314880 kB] :: time step 0034800 :: write_image_to_disk 0
[Rank 0000000, 3.561255e+02 s, 00000200314880 kB] :: time step 0035000 :: write_image_to_disk 0
[Rank 0000000, 3.571642e+02 s, 00000201352400 kB] :: time step 0035200 :: write_image_to_disk 0
[Rank 0000000, 3.581881e+02 s, 00000201352400 kB] :: time step 0035400 :: write_image_to_disk 0
[Rank 0000000, 3.592106e+02 s, 00000201352400 kB] :: time step 0035600 :: write_image_to_disk 0
[Rank 0000000, 3.602384e+02 s, 00000201352400 kB] :: time step 0035800 :: write_image_to_disk 0
[Rank 0000000, 3.612602e+02 s, 00000201352400 kB] :: time step 0036000 :: write_image_to_disk 0
[Rank 0000000, 3.623032e+02 s, 00000202388864 kB] :: time step 0036200 :: write_image_to_disk 0
[Rank 0000000, 3.633264e+02 s, 00000202388864 kB] :: time step 0036400 :: write_image_to_disk 0
[Rank 0000000, 3.643472e+02 s, 00000202388864 kB] :: time step 0036600 :: write_image_to_disk 0
[Rank 0000000, 3.653662e+02 s, 00000202388864 kB] :: time step 0036800 :: write_image_to_disk 0
[Rank 0000000, 3.663888e+02 s, 00000202388864 kB] :: time step 0037000 :: write_image_to_disk 0
[Rank 0000000, 3.674300e+02 s, 00000203425328 kB] :: time step 0037200 :: write_image_to_disk 0
[Rank 0000000, 3.684616e+02 s, 00000203425328 kB] :: time step 0037400 :: write_image_to_disk 0
[Rank 0000000, 3.694922e+02 s, 00000203425328 kB] :: time step 0037600 :: write_image_to_disk 0
[Rank 0000000, 3.705225e+02 s, 00000203425328 kB] :: time step 0037800 :: write_image_to_disk 0
[Rank 0000000, 3.715530e+02 s, 00000203425328 kB] :: time step 0038000 :: write_image_to_disk 0
[Rank 0000000, 3.725992e+02 s, 00000204462848 kB] :: time step 0038200 :: write_image_to_disk 0
[Rank 0000000, 3.736294e+02 s, 00000204462848 kB] :: time step 0038400 :: write_image_to_disk 0
[Rank 0000000, 3.746603e+02 s, 00000204462848 kB] :: time step 0038600 :: write_image_to_disk 0
[Rank 0000000, 3.756938e+02 s, 00000204462848 kB] :: time step 0038800 :: write_image_to_disk 0
[Rank 0000000, 3.767272e+02 s, 00000204462848 kB] :: time step 0039000 :: write_image_to_disk 0
[Rank 0000000, 3.777738e+02 s, 00000205499840 kB] :: time step 0039200 :: write_image_to_disk 0
[Rank 0000000, 3.788051e+02 s, 00000205499840 kB] :: time step 0039400 :: write_image_to_disk 0
[Rank 0000000, 3.798367e+02 s, 00000205499840 kB] :: time step 0039600 :: write_image_to_disk 0
[Rank 0000000, 3.808688e+02 s, 00000205499840 kB] :: time step 0039800 :: write_image_to_disk 0
[Rank 0000000, 3.819009e+02 s, 00000205499840 kB] :: time step 0040000 :: write_image_to_disk 1
[Rank 0000000, 3.829482e+02 s, 00000206536568 kB] :: time step 0040200 :: write_image_to_disk 0
[Rank 0000000, 3.839816e+02 s, 00000206536568 kB] :: time step 0040400 :: write_image_to_disk 0
[Rank 0000000, 3.850147e+02 s, 00000206536568 kB] :: time step 0040600 :: write_image_to_disk 0
[Rank 0000000, 3.860479e+02 s, 00000206536568 kB] :: time step 0040800 :: write_image_to_disk 0
[Rank 0000000, 3.870805e+02 s, 00000206536568 kB] :: time step 0041000 :: write_image_to_disk 0
[Rank 0000000, 3.881277e+02 s, 00000207574352 kB] :: time step 0041200 :: write_image_to_disk 0
[Rank 0000000, 3.891611e+02 s, 00000207574352 kB] :: time step 0041400 :: write_image_to_disk 0
[Rank 0000000, 3.901937e+02 s, 00000207574352 kB] :: time step 0041600 :: write_image_to_disk 0
[Rank 0000000, 3.912258e+02 s, 00000207574352 kB] :: time step 0041800 :: write_image_to_disk 0
[Rank 0000000, 3.922588e+02 s, 00000207574352 kB] :: time step 0042000 :: write_image_to_disk 0
[Rank 0000000, 3.933057e+02 s, 00000208609496 kB] :: time step 0042200 :: write_image_to_disk 0
[Rank 0000000, 3.943394e+02 s, 00000208609496 kB] :: time step 0042400 :: write_image_to_disk 0
[Rank 0000000, 3.953726e+02 s, 00000208609496 kB] :: time step 0042600 :: write_image_to_disk 0
[Rank 0000000, 3.964059e+02 s, 00000208609496 kB] :: time step 0042800 :: write_image_to_disk 0
[Rank 0000000, 3.974387e+02 s, 00000208609496 kB] :: time step 0043000 :: write_image_to_disk 0
[Rank 0000000, 3.984863e+02 s, 00000209647544 kB] :: time step 0043200 :: write_image_to_disk 0
[Rank 0000000, 3.995201e+02 s, 00000209647544 kB] :: time step 0043400 :: write_image_to_disk 0
[Rank 0000000, 4.005539e+02 s, 00000209647544 kB] :: time step 0043600 :: write_image_to_disk 0
[Rank 0000000, 4.015867e+02 s, 00000209647544 kB] :: time step 0043800 :: write_image_to_disk 0
[Rank 0000000, 4.026205e+02 s, 00000209647544 kB] :: time step 0044000 :: write_image_to_disk 0
[Rank 0000000, 4.036699e+02 s, 00000210685592 kB] :: time step 0044200 :: write_image_to_disk 0
[Rank 0000000, 4.047053e+02 s, 00000210685592 kB] :: time step 0044400 :: write_image_to_disk 0
[Rank 0000000, 4.057400e+02 s, 00000210685592 kB] :: time step 0044600 :: write_image_to_disk 0
[Rank 0000000, 4.067742e+02 s, 00000210685592 kB] :: time step 0044800 :: write_image_to_disk 0
[Rank 0000000, 4.078089e+02 s, 00000210685592 kB] :: time step 0045000 :: write_image_to_disk 0
[Rank 0000000, 4.088567e+02 s, 00000211721792 kB] :: time step 0045200 :: write_image_to_disk 0
[Rank 0000000, 4.098911e+02 s, 00000211721792 kB] :: time step 0045400 :: write_image_to_disk 0
[Rank 0000000, 4.109239e+02 s, 00000211721792 kB] :: time step 0045600 :: write_image_to_disk 0
[Rank 0000000, 4.119558e+02 s, 00000211721792 kB] :: time step 0045800 :: write_image_to_disk 0
[Rank 0000000, 4.129878e+02 s, 00000211721792 kB] :: time step 0046000 :: write_image_to_disk 0
[Rank 0000000, 4.140348e+02 s, 00000212757992 kB] :: time step 0046200 :: write_image_to_disk 0
[Rank 0000000, 4.150713e+02 s, 00000212757992 kB] :: time step 0046400 :: write_image_to_disk 0
[Rank 0000000, 4.161049e+02 s, 00000212757992 kB] :: time step 0046600 :: write_image_to_disk 0
[Rank 0000000, 4.171386e+02 s, 00000212757992 kB] :: time step 0046800 :: write_image_to_disk 0
[Rank 0000000, 4.181708e+02 s, 00000212757992 kB] :: time step 0047000 :: write_image_to_disk 0
[Rank 0000000, 4.192184e+02 s, 00000213795776 kB] :: time step 0047200 :: write_image_to_disk 0
[Rank 0000000, 4.202518e+02 s, 00000213795776 kB] :: time step 0047400 :: write_image_to_disk 0
[Rank 0000000, 4.212862e+02 s, 00000213795776 kB] :: time step 0047600 :: write_image_to_disk 0
[Rank 0000000, 4.223192e+02 s, 00000213795776 kB] :: time step 0047800 :: write_image_to_disk 0
[Rank 0000000, 4.233538e+02 s, 00000213795776 kB] :: time step 0048000 :: write_image_to_disk 0
[Rank 0000000, 4.244024e+02 s, 00000214833824 kB] :: time step 0048200 :: write_image_to_disk 0
[Rank 0000000, 4.254345e+02 s, 00000214833824 kB] :: time step 0048400 :: write_image_to_disk 0
[Rank 0000000, 4.264666e+02 s, 00000214833824 kB] :: time step 0048600 :: write_image_to_disk 0
[Rank 0000000, 4.274990e+02 s, 00000214833824 kB] :: time step 0048800 :: write_image_to_disk 0
[Rank 0000000, 4.285329e+02 s, 00000214833824 kB] :: time step 0049000 :: write_image_to_disk 0
[Rank 0000000, 4.295805e+02 s, 00000215869496 kB] :: time step 0049200 :: write_image_to_disk 0
[Rank 0000000, 4.306124e+02 s, 00000215869496 kB] :: time step 0049400 :: write_image_to_disk 0
[Rank 0000000, 4.316457e+02 s, 00000215869496 kB] :: time step 0049600 :: write_image_to_disk 0
[Rank 0000000, 4.326779e+02 s, 00000215869496 kB] :: time step 0049800 :: write_image_to_disk 0
[Rank 0000000, 4.337099e+02 s, 00000215869496 kB] :: time step 0050000 :: write_image_to_disk 1
[Rank 0000000, 4.347558e+02 s, 00000216906488 kB] :: time step 0050200 :: write_image_to_disk 0
[Rank 0000000, 4.357869e+02 s, 00000216906488 kB] :: time step 0050400 :: write_image_to_disk 0
[Rank 0000000, 4.368190e+02 s, 00000216906488 kB] :: time step 0050600 :: write_image_to_disk 0
[Rank 0000000, 4.378524e+02 s, 00000216906488 kB] :: time step 0050800 :: write_image_to_disk 0
[Rank 0000000, 4.388873e+02 s, 00000216906488 kB] :: time step 0051000 :: write_image_to_disk 0
[Rank 0000000, 4.399368e+02 s, 00000217945592 kB] :: time step 0051200 :: write_image_to_disk 0
[Rank 0000000, 4.409704e+02 s, 00000217945592 kB] :: time step 0051400 :: write_image_to_disk 0
[Rank 0000000, 4.420040e+02 s, 00000217945592 kB] :: time step 0051600 :: write_image_to_disk 0
[Rank 0000000, 4.430384e+02 s, 00000217945592 kB] :: time step 0051800 :: write_image_to_disk 0
[Rank 0000000, 4.440722e+02 s, 00000217945592 kB] :: time step 0052000 :: write_image_to_disk 0
[Rank 0000000, 4.451201e+02 s, 00000218985752 kB] :: time step 0052200 :: write_image_to_disk 0
[Rank 0000000, 4.461540e+02 s, 00000218985752 kB] :: time step 0052400 :: write_image_to_disk 0
[Rank 0000000, 4.471885e+02 s, 00000218985752 kB] :: time step 0052600 :: write_image_to_disk 0
[Rank 0000000, 4.482215e+02 s, 00000218985752 kB] :: time step 0052800 :: write_image_to_disk 0
[Rank 0000000, 4.492539e+02 s, 00000218985752 kB] :: time step 0053000 :: write_image_to_disk 0
[Rank 0000000, 4.503012e+02 s, 00000220023800 kB] :: time step 0053200 :: write_image_to_disk 0
[Rank 0000000, 4.513346e+02 s, 00000220023800 kB] :: time step 0053400 :: write_image_to_disk 0
[Rank 0000000, 4.523699e+02 s, 00000220023800 kB] :: time step 0053600 :: write_image_to_disk 0
[Rank 0000000, 4.534024e+02 s, 00000220023800 kB] :: time step 0053800 :: write_image_to_disk 0
[Rank 0000000, 4.544366e+02 s, 00000220023800 kB] :: time step 0054000 :: write_image_to_disk 0
[Rank 0000000, 4.554856e+02 s, 00000221061584 kB] :: time step 0054200 :: write_image_to_disk 0
[Rank 0000000, 4.565207e+02 s, 00000221061584 kB] :: time step 0054400 :: write_image_to_disk 0
[Rank 0000000, 4.575544e+02 s, 00000221061584 kB] :: time step 0054600 :: write_image_to_disk 0
[Rank 0000000, 4.585893e+02 s, 00000221061584 kB] :: time step 0054800 :: write_image_to_disk 0
[Rank 0000000, 4.596232e+02 s, 00000221061584 kB] :: time step 0055000 :: write_image_to_disk 0
[Rank 0000000, 4.606716e+02 s, 00000222098048 kB] :: time step 0055200 :: write_image_to_disk 0
[Rank 0000000, 4.617075e+02 s, 00000222098048 kB] :: time step 0055400 :: write_image_to_disk 0
[Rank 0000000, 4.627418e+02 s, 00000222098048 kB] :: time step 0055600 :: write_image_to_disk 0
[Rank 0000000, 4.637754e+02 s, 00000222098048 kB] :: time step 0055800 :: write_image_to_disk 0
[Rank 0000000, 4.648085e+02 s, 00000222098048 kB] :: time step 0056000 :: write_image_to_disk 0
[Rank 0000000, 4.658571e+02 s, 00000223135832 kB] :: time step 0056200 :: write_image_to_disk 0
[Rank 0000000, 4.668909e+02 s, 00000223135832 kB] :: time step 0056400 :: write_image_to_disk 0
[Rank 0000000, 4.679273e+02 s, 00000223135832 kB] :: time step 0056600 :: write_image_to_disk 0
[Rank 0000000, 4.689622e+02 s, 00000223135832 kB] :: time step 0056800 :: write_image_to_disk 0
[Rank 0000000, 4.699971e+02 s, 00000223135832 kB] :: time step 0057000 :: write_image_to_disk 0
[Rank 0000000, 4.710450e+02 s, 00000224172824 kB] :: time step 0057200 :: write_image_to_disk 0
[Rank 0000000, 4.720786e+02 s, 00000224172824 kB] :: time step 0057400 :: write_image_to_disk 0
[Rank 0000000, 4.731120e+02 s, 00000224172824 kB] :: time step 0057600 :: write_image_to_disk 0
[Rank 0000000, 4.741460e+02 s, 00000224172824 kB] :: time step 0057800 :: write_image_to_disk 0
[Rank 0000000, 4.751797e+02 s, 00000224172824 kB] :: time step 0058000 :: write_image_to_disk 0
[Rank 0000000, 4.762286e+02 s, 00000225210344 kB] :: time step 0058200 :: write_image_to_disk 0
[Rank 0000000, 4.772640e+02 s, 00000225210344 kB] :: time step 0058400 :: write_image_to_disk 0
[Rank 0000000, 4.782990e+02 s, 00000225210344 kB] :: time step 0058600 :: write_image_to_disk 0
[Rank 0000000, 4.793326e+02 s, 00000225210344 kB] :: time step 0058800 :: write_image_to_disk 0
[Rank 0000000, 4.803668e+02 s, 00000225210344 kB] :: time step 0059000 :: write_image_to_disk 0
[Rank 0000000, 4.814153e+02 s, 00000226246808 kB] :: time step 0059200 :: write_image_to_disk 0
[Rank 0000000, 4.824499e+02 s, 00000226246808 kB] :: time step 0059400 :: write_image_to_disk 0
[Rank 0000000, 4.834846e+02 s, 00000226246808 kB] :: time step 0059600 :: write_image_to_disk 0
[Rank 0000000, 4.845188e+02 s, 00000226246808 kB] :: time step 0059800 :: write_image_to_disk 0
[Rank 0000000, 4.855547e+02 s, 00000226246808 kB] :: time step 0060000 :: write_image_to_disk 1
[Rank 0000000, 4.866037e+02 s, 00000227285384 kB] :: time step 0060200 :: write_image_to_disk 0
[Rank 0000000, 4.876388e+02 s, 00000227285384 kB] :: time step 0060400 :: write_image_to_disk 0
[Rank 0000000, 4.886729e+02 s, 00000227285384 kB] :: time step 0060600 :: write_image_to_disk 0
[Rank 0000000, 4.897068e+02 s, 00000227285384 kB] :: time step 0060800 :: write_image_to_disk 0
[Rank 0000000, 4.907416e+02 s, 00000227285384 kB] :: time step 0061000 :: write_image_to_disk 0
[Rank 0000000, 4.917906e+02 s, 00000228326072 kB] :: time step 0061200 :: write_image_to_disk 0
[Rank 0000000, 4.928249e+02 s, 00000228326072 kB] :: time step 0061400 :: write_image_to_disk 0
[Rank 0000000, 4.938603e+02 s, 00000228326072 kB] :: time step 0061600 :: write_image_to_disk 0
[Rank 0000000, 4.948942e+02 s, 00000228326072 kB] :: time step 0061800 :: write_image_to_disk 0
[Rank 0000000, 4.959273e+02 s, 00000228326072 kB] :: time step 0062000 :: write_image_to_disk 0
[Rank 0000000, 4.969759e+02 s, 00000229366760 kB] :: time step 0062200 :: write_image_to_disk 0
[Rank 0000000, 4.980094e+02 s, 00000229366760 kB] :: time step 0062400 :: write_image_to_disk 0
[Rank 0000000, 4.990417e+02 s, 00000229366760 kB] :: time step 0062600 :: write_image_to_disk 0
[Rank 0000000, 5.000751e+02 s, 00000229366760 kB] :: time step 0062800 :: write_image_to_disk 0
[Rank 0000000, 5.011084e+02 s, 00000229366760 kB] :: time step 0063000 :: write_image_to_disk 0
[Rank 0000000, 5.021551e+02 s, 00000230405864 kB] :: time step 0063200 :: write_image_to_disk 0
[Rank 0000000, 5.031883e+02 s, 00000230405864 kB] :: time step 0063400 :: write_image_to_disk 0
[Rank 0000000, 5.042230e+02 s, 00000230405864 kB] :: time step 0063600 :: write_image_to_disk 0
[Rank 0000000, 5.052575e+02 s, 00000230405864 kB] :: time step 0063800 :: write_image_to_disk 0
[Rank 0000000, 5.062930e+02 s, 00000230405864 kB] :: time step 0064000 :: write_image_to_disk 0
[Rank 0000000, 5.073422e+02 s, 00000231442064 kB] :: time step 0064200 :: write_image_to_disk 0
[Rank 0000000, 5.083788e+02 s, 00000231442064 kB] :: time step 0064400 :: write_image_to_disk 0
[Rank 0000000, 5.094144e+02 s, 00000231442064 kB] :: time step 0064600 :: write_image_to_disk 0
[Rank 0000000, 5.104506e+02 s, 00000231442064 kB] :: time step 0064800 :: write_image_to_disk 0
[Rank 0000000, 5.114867e+02 s, 00000231442064 kB] :: time step 0065000 :: write_image_to_disk 0
[Rank 0000000, 5.125358e+02 s, 00000232479056 kB] :: time step 0065200 :: write_image_to_disk 0
[Rank 0000000, 5.135707e+02 s, 00000232479056 kB] :: time step 0065400 :: write_image_to_disk 0
[Rank 0000000, 5.146064e+02 s, 00000232479056 kB] :: time step 0065600 :: write_image_to_disk 0
[Rank 0000000, 5.156419e+02 s, 00000232479056 kB] :: time step 0065800 :: write_image_to_disk 0
[Rank 0000000, 5.166771e+02 s, 00000232479056 kB] :: time step 0066000 :: write_image_to_disk 0
[Rank 0000000, 5.177267e+02 s, 00000233515520 kB] :: time step 0066200 :: write_image_to_disk 0
[Rank 0000000, 5.187617e+02 s, 00000233515520 kB] :: time step 0066400 :: write_image_to_disk 0
[Rank 0000000, 5.197978e+02 s, 00000233515520 kB] :: time step 0066600 :: write_image_to_disk 0
[Rank 0000000, 5.208315e+02 s, 00000233515520 kB] :: time step 0066800 :: write_image_to_disk 0
[Rank 0000000, 5.218670e+02 s, 00000233515520 kB] :: time step 0067000 :: write_image_to_disk 0
[Rank 0000000, 5.229147e+02 s, 00000234553304 kB] :: time step 0067200 :: write_image_to_disk 0
[Rank 0000000, 5.239480e+02 s, 00000234553304 kB] :: time step 0067400 :: write_image_to_disk 0
[Rank 0000000, 5.249775e+02 s, 00000234553304 kB] :: time step 0067600 :: write_image_to_disk 0
[Rank 0000000, 5.260098e+02 s, 00000234553304 kB] :: time step 0067800 :: write_image_to_disk 0
[Rank 0000000, 5.270432e+02 s, 00000234553304 kB] :: time step 0068000 :: write_image_to_disk 0
[Rank 0000000, 5.280890e+02 s, 00000235590560 kB] :: time step 0068200 :: write_image_to_disk 0
[Rank 0000000, 5.291214e+02 s, 00000235590560 kB] :: time step 0068400 :: write_image_to_disk 0
[Rank 0000000, 5.301525e+02 s, 00000235590560 kB] :: time step 0068600 :: write_image_to_disk 0
[Rank 0000000, 5.311869e+02 s, 00000235590560 kB] :: time step 0068800 :: write_image_to_disk 0
[Rank 0000000, 5.322181e+02 s, 00000235590560 kB] :: time step 0069000 :: write_image_to_disk 0
[Rank 0000000, 5.332628e+02 s, 00000236626496 kB] :: time step 0069200 :: write_image_to_disk 0
[Rank 0000000, 5.342951e+02 s, 00000236626496 kB] :: time step 0069400 :: write_image_to_disk 0
[Rank 0000000, 5.353277e+02 s, 00000236626496 kB] :: time step 0069600 :: write_image_to_disk 0
[Rank 0000000, 5.363576e+02 s, 00000236626496 kB] :: time step 0069800 :: write_image_to_disk 0
[Rank 0000000, 5.373869e+02 s, 00000236626496 kB] :: time step 0070000 :: write_image_to_disk 1
[Rank 0000000, 5.384283e+02 s, 00000237663224 kB] :: time step 0070200 :: write_image_to_disk 0
[Rank 0000000, 5.394600e+02 s, 00000237663224 kB] :: time step 0070400 :: write_image_to_disk 0
[Rank 0000000, 5.404897e+02 s, 00000237663224 kB] :: time step 0070600 :: write_image_to_disk 0
[Rank 0000000, 5.415193e+02 s, 00000237663224 kB] :: time step 0070800 :: write_image_to_disk 0
[Rank 0000000, 5.425490e+02 s, 00000237663224 kB] :: time step 0071000 :: write_image_to_disk 0
[Rank 0000000, 5.435927e+02 s, 00000238701008 kB] :: time step 0071200 :: write_image_to_disk 0
[Rank 0000000, 5.446258e+02 s, 00000238701008 kB] :: time step 0071400 :: write_image_to_disk 0
[Rank 0000000, 5.456576e+02 s, 00000238701008 kB] :: time step 0071600 :: write_image_to_disk 0
[Rank 0000000, 5.466893e+02 s, 00000238701008 kB] :: time step 0071800 :: write_image_to_disk 0
[Rank 0000000, 5.477205e+02 s, 00000238701008 kB] :: time step 0072000 :: write_image_to_disk 0
[Rank 0000000, 5.487632e+02 s, 00000239737208 kB] :: time step 0072200 :: write_image_to_disk 0
[Rank 0000000, 5.497928e+02 s, 00000239737208 kB] :: time step 0072400 :: write_image_to_disk 0
[Rank 0000000, 5.508235e+02 s, 00000239737208 kB] :: time step 0072600 :: write_image_to_disk 0
[Rank 0000000, 5.518538e+02 s, 00000239737208 kB] :: time step 0072800 :: write_image_to_disk 0
[Rank 0000000, 5.528852e+02 s, 00000239737208 kB] :: time step 0073000 :: write_image_to_disk 0
[Rank 0000000, 5.539319e+02 s, 00000240774728 kB] :: time step 0073200 :: write_image_to_disk 0
[Rank 0000000, 5.549642e+02 s, 00000240774728 kB] :: time step 0073400 :: write_image_to_disk 0
[Rank 0000000, 5.559948e+02 s, 00000240774728 kB] :: time step 0073600 :: write_image_to_disk 0
[Rank 0000000, 5.570254e+02 s, 00000240774728 kB] :: time step 0073800 :: write_image_to_disk 0
[Rank 0000000, 5.580567e+02 s, 00000240774728 kB] :: time step 0074000 :: write_image_to_disk 0
[Rank 0000000, 5.591058e+02 s, 00000241811456 kB] :: time step 0074200 :: write_image_to_disk 0
[Rank 0000000, 5.601366e+02 s, 00000241811456 kB] :: time step 0074400 :: write_image_to_disk 0
[Rank 0000000, 5.611662e+02 s, 00000241811456 kB] :: time step 0074600 :: write_image_to_disk 0
[Rank 0000000, 5.621952e+02 s, 00000241811456 kB] :: time step 0074800 :: write_image_to_disk 0
[Rank 0000000, 5.632264e+02 s, 00000241811456 kB] :: time step 0075000 :: write_image_to_disk 0
[Rank 0000000, 5.642725e+02 s, 00000242849240 kB] :: time step 0075200 :: write_image_to_disk 0
[Rank 0000000, 5.653040e+02 s, 00000242849240 kB] :: time step 0075400 :: write_image_to_disk 0
[Rank 0000000, 5.663332e+02 s, 00000242849240 kB] :: time step 0075600 :: write_image_to_disk 0
[Rank 0000000, 5.673607e+02 s, 00000242849240 kB] :: time step 0075800 :: write_image_to_disk 0
[Rank 0000000, 5.683914e+02 s, 00000242849240 kB] :: time step 0076000 :: write_image_to_disk 0
[Rank 0000000, 5.694363e+02 s, 00000243885704 kB] :: time step 0076200 :: write_image_to_disk 0
[Rank 0000000, 5.704686e+02 s, 00000243885704 kB] :: time step 0076400 :: write_image_to_disk 0
[Rank 0000000, 5.714985e+02 s, 00000243885704 kB] :: time step 0076600 :: write_image_to_disk 0
[Rank 0000000, 5.725320e+02 s, 00000243885704 kB] :: time step 0076800 :: write_image_to_disk 0
[Rank 0000000, 5.735653e+02 s, 00000243885704 kB] :: time step 0077000 :: write_image_to_disk 0
[Rank 0000000, 5.746082e+02 s, 00000244922960 kB] :: time step 0077200 :: write_image_to_disk 0
[Rank 0000000, 5.756355e+02 s, 00000244922960 kB] :: time step 0077400 :: write_image_to_disk 0
[Rank 0000000, 5.766625e+02 s, 00000244922960 kB] :: time step 0077600 :: write_image_to_disk 0
[Rank 0000000, 5.776891e+02 s, 00000244922960 kB] :: time step 0077800 :: write_image_to_disk 0
[Rank 0000000, 5.787178e+02 s, 00000244922960 kB] :: time step 0078000 :: write_image_to_disk 0
[Rank 0000000, 5.797609e+02 s, 00000245959424 kB] :: time step 0078200 :: write_image_to_disk 0
[Rank 0000000, 5.807867e+02 s, 00000245959424 kB] :: time step 0078400 :: write_image_to_disk 0
[Rank 0000000, 5.818123e+02 s, 00000245959424 kB] :: time step 0078600 :: write_image_to_disk 0
[Rank 0000000, 5.828381e+02 s, 00000245959424 kB] :: time step 0078800 :: write_image_to_disk 0
[Rank 0000000, 5.838616e+02 s, 00000245959424 kB] :: time step 0079000 :: write_image_to_disk 0
[Rank 0000000, 5.849015e+02 s, 00000246996944 kB] :: time step 0079200 :: write_image_to_disk 0
[Rank 0000000, 5.859254e+02 s, 00000246996944 kB] :: time step 0079400 :: write_image_to_disk 0
[Rank 0000000, 5.869534e+02 s, 00000246996944 kB] :: time step 0079600 :: write_image_to_disk 0
[Rank 0000000, 5.879836e+02 s, 00000246996944 kB] :: time step 0079800 :: write_image_to_disk 0
[Rank 0000000, 5.890157e+02 s, 00000246996944 kB] :: time step 0080000 :: write_image_to_disk 1
[Rank 0000000, 5.900597e+02 s, 00000248034464 kB] :: time step 0080200 :: write_image_to_disk 0
[Rank 0000000, 5.910894e+02 s, 00000248034464 kB] :: time step 0080400 :: write_image_to_disk 0
[Rank 0000000, 5.921164e+02 s, 00000248034464 kB] :: time step 0080600 :: write_image_to_disk 0
[Rank 0000000, 5.931458e+02 s, 00000248034464 kB] :: time step 0080800 :: write_image_to_disk 0
[Rank 0000000, 5.941738e+02 s, 00000248034464 kB] :: time step 0081000 :: write_image_to_disk 0
[Rank 0000000, 5.952151e+02 s, 00000249070928 kB] :: time step 0081200 :: write_image_to_disk 0
[Rank 0000000, 5.962439e+02 s, 00000249070928 kB] :: time step 0081400 :: write_image_to_disk 0
[Rank 0000000, 5.972728e+02 s, 00000249070928 kB] :: time step 0081600 :: write_image_to_disk 0
[Rank 0000000, 5.983008e+02 s, 00000249070928 kB] :: time step 0081800 :: write_image_to_disk 0
[Rank 0000000, 5.993298e+02 s, 00000249070928 kB] :: time step 0082000 :: write_image_to_disk 0
[Rank 0000000, 6.003748e+02 s, 00000250108448 kB] :: time step 0082200 :: write_image_to_disk 0
[Rank 0000000, 6.014096e+02 s, 00000250108448 kB] :: time step 0082400 :: write_image_to_disk 0
[Rank 0000000, 6.024360e+02 s, 00000250108448 kB] :: time step 0082600 :: write_image_to_disk 0
[Rank 0000000, 6.034654e+02 s, 00000250108448 kB] :: time step 0082800 :: write_image_to_disk 0
[Rank 0000000, 6.044919e+02 s, 00000250108448 kB] :: time step 0083000 :: write_image_to_disk 0
[Rank 0000000, 6.055361e+02 s, 00000251146496 kB] :: time step 0083200 :: write_image_to_disk 0
[Rank 0000000, 6.065645e+02 s, 00000251146496 kB] :: time step 0083400 :: write_image_to_disk 0
[Rank 0000000, 6.075913e+02 s, 00000251146496 kB] :: time step 0083600 :: write_image_to_disk 0
[Rank 0000000, 6.086232e+02 s, 00000251146496 kB] :: time step 0083800 :: write_image_to_disk 0
[Rank 0000000, 6.096530e+02 s, 00000251146496 kB] :: time step 0084000 :: write_image_to_disk 0
[Rank 0000000, 6.106984e+02 s, 00000252183224 kB] :: time step 0084200 :: write_image_to_disk 0
[Rank 0000000, 6.117271e+02 s, 00000252183224 kB] :: time step 0084400 :: write_image_to_disk 0
[Rank 0000000, 6.127500e+02 s, 00000252183224 kB] :: time step 0084600 :: write_image_to_disk 0
[Rank 0000000, 6.137760e+02 s, 00000252183224 kB] :: time step 0084800 :: write_image_to_disk 0
[Rank 0000000, 6.148030e+02 s, 00000252183224 kB] :: time step 0085000 :: write_image_to_disk 0
[Rank 0000000, 6.158457e+02 s, 00000253224704 kB] :: time step 0085200 :: write_image_to_disk 0
[Rank 0000000, 6.168708e+02 s, 00000253224704 kB] :: time step 0085400 :: write_image_to_disk 0
[Rank 0000000, 6.178959e+02 s, 00000253224704 kB] :: time step 0085600 :: write_image_to_disk 0
[Rank 0000000, 6.189271e+02 s, 00000253224704 kB] :: time step 0085800 :: write_image_to_disk 0
[Rank 0000000, 6.199561e+02 s, 00000253224704 kB] :: time step 0086000 :: write_image_to_disk 0
[Rank 0000000, 6.209997e+02 s, 00000254261696 kB] :: time step 0086200 :: write_image_to_disk 0
[Rank 0000000, 6.220290e+02 s, 00000254261696 kB] :: time step 0086400 :: write_image_to_disk 0
[Rank 0000000, 6.230569e+02 s, 00000254261696 kB] :: time step 0086600 :: write_image_to_disk 0
[Rank 0000000, 6.240837e+02 s, 00000254261696 kB] :: time step 0086800 :: write_image_to_disk 0
[Rank 0000000, 6.251129e+02 s, 00000254261696 kB] :: time step 0087000 :: write_image_to_disk 0
[Rank 0000000, 6.261588e+02 s, 00000255299744 kB] :: time step 0087200 :: write_image_to_disk 0
[Rank 0000000, 6.271912e+02 s, 00000255299744 kB] :: time step 0087400 :: write_image_to_disk 0
[Rank 0000000, 6.282182e+02 s, 00000255299744 kB] :: time step 0087600 :: write_image_to_disk 0
[Rank 0000000, 6.292447e+02 s, 00000255299744 kB] :: time step 0087800 :: write_image_to_disk 0
[Rank 0000000, 6.302747e+02 s, 00000255299744 kB] :: time step 0088000 :: write_image_to_disk 0
[Rank 0000000, 6.313249e+02 s, 00000256337264 kB] :: time step 0088200 :: write_image_to_disk 0
[Rank 0000000, 6.323547e+02 s, 00000256337264 kB] :: time step 0088400 :: write_image_to_disk 0
[Rank 0000000, 6.333901e+02 s, 00000256337264 kB] :: time step 0088600 :: write_image_to_disk 0
[Rank 0000000, 6.344242e+02 s, 00000256337264 kB] :: time step 0088800 :: write_image_to_disk 0
[Rank 0000000, 6.354545e+02 s, 00000256337264 kB] :: time step 0089000 :: write_image_to_disk 0
[Rank 0000000, 6.365035e+02 s, 00000257373992 kB] :: time step 0089200 :: write_image_to_disk 0
[Rank 0000000, 6.375346e+02 s, 00000257373992 kB] :: time step 0089400 :: write_image_to_disk 0
[Rank 0000000, 6.385634e+02 s, 00000257373992 kB] :: time step 0089600 :: write_image_to_disk 0
[Rank 0000000, 6.395953e+02 s, 00000257373992 kB] :: time step 0089800 :: write_image_to_disk 0
[Rank 0000000, 6.406302e+02 s, 00000257373992 kB] :: time step 0090000 :: write_image_to_disk 1
[Rank 0000000, 6.416765e+02 s, 00000258416000 kB] :: time step 0090200 :: write_image_to_disk 0
[Rank 0000000, 6.427082e+02 s, 00000258416000 kB] :: time step 0090400 :: write_image_to_disk 0
[Rank 0000000, 6.437409e+02 s, 00000258416000 kB] :: time step 0090600 :: write_image_to_disk 0
[Rank 0000000, 6.447723e+02 s, 00000258416000 kB] :: time step 0090800 :: write_image_to_disk 0
[Rank 0000000, 6.458085e+02 s, 00000258416000 kB] :: time step 0091000 :: write_image_to_disk 0
[Rank 0000000, 6.468571e+02 s, 00000259457744 kB] :: time step 0091200 :: write_image_to_disk 0
[Rank 0000000, 6.478840e+02 s, 00000259457744 kB] :: time step 0091400 :: write_image_to_disk 0
[Rank 0000000, 6.489121e+02 s, 00000259457744 kB] :: time step 0091600 :: write_image_to_disk 0
[Rank 0000000, 6.499457e+02 s, 00000259457744 kB] :: time step 0091800 :: write_image_to_disk 0
[Rank 0000000, 6.509812e+02 s, 00000259457744 kB] :: time step 0092000 :: write_image_to_disk 0
[Rank 0000000, 6.520286e+02 s, 00000260499752 kB] :: time step 0092200 :: write_image_to_disk 0
[Rank 0000000, 6.530599e+02 s, 00000260499752 kB] :: time step 0092400 :: write_image_to_disk 0
[Rank 0000000, 6.540904e+02 s, 00000260499752 kB] :: time step 0092600 :: write_image_to_disk 0
[Rank 0000000, 6.551199e+02 s, 00000260499752 kB] :: time step 0092800 :: write_image_to_disk 0
[Rank 0000000, 6.561550e+02 s, 00000260499752 kB] :: time step 0093000 :: write_image_to_disk 0
[Rank 0000000, 6.572034e+02 s, 00000261537536 kB] :: time step 0093200 :: write_image_to_disk 0
[Rank 0000000, 6.582394e+02 s, 00000261537536 kB] :: time step 0093400 :: write_image_to_disk 0
[Rank 0000000, 6.592709e+02 s, 00000261537536 kB] :: time step 0093600 :: write_image_to_disk 0
[Rank 0000000, 6.603030e+02 s, 00000261537536 kB] :: time step 0093800 :: write_image_to_disk 0
[Rank 0000000, 6.613347e+02 s, 00000261537536 kB] :: time step 0094000 :: write_image_to_disk 0
[Rank 0000000, 6.623850e+02 s, 00000262583504 kB] :: time step 0094200 :: write_image_to_disk 0
[Rank 0000000, 6.634203e+02 s, 00000262583504 kB] :: time step 0094400 :: write_image_to_disk 0
[Rank 0000000, 6.644535e+02 s, 00000262583504 kB] :: time step 0094600 :: write_image_to_disk 0
[Rank 0000000, 6.654852e+02 s, 00000262583504 kB] :: time step 0094800 :: write_image_to_disk 0
[Rank 0000000, 6.665187e+02 s, 00000262583504 kB] :: time step 0095000 :: write_image_to_disk 0
[Rank 0000000, 6.675661e+02 s, 00000263622872 kB] :: time step 0095200 :: write_image_to_disk 0
[Rank 0000000, 6.685955e+02 s, 00000263622872 kB] :: time step 0095400 :: write_image_to_disk 0
[Rank 0000000, 6.696297e+02 s, 00000263622872 kB] :: time step 0095600 :: write_image_to_disk 0
[Rank 0000000, 6.706608e+02 s, 00000263622872 kB] :: time step 0095800 :: write_image_to_disk 0
[Rank 0000000, 6.716925e+02 s, 00000263622872 kB] :: time step 0096000 :: write_image_to_disk 0
[Rank 0000000, 6.727412e+02 s, 00000264666200 kB] :: time step 0096200 :: write_image_to_disk 0
[Rank 0000000, 6.737716e+02 s, 00000264666200 kB] :: time step 0096400 :: write_image_to_disk 0
[Rank 0000000, 6.748041e+02 s, 00000264666200 kB] :: time step 0096600 :: write_image_to_disk 0
[Rank 0000000, 6.758380e+02 s, 00000264666200 kB] :: time step 0096800 :: write_image_to_disk 0
[Rank 0000000, 6.768680e+02 s, 00000264666200 kB] :: time step 0097000 :: write_image_to_disk 0
[Rank 0000000, 6.779136e+02 s, 00000265703192 kB] :: time step 0097200 :: write_image_to_disk 0
[Rank 0000000, 6.789462e+02 s, 00000265703192 kB] :: time step 0097400 :: write_image_to_disk 0
[Rank 0000000, 6.799772e+02 s, 00000265703192 kB] :: time step 0097600 :: write_image_to_disk 0
[Rank 0000000, 6.810067e+02 s, 00000265703192 kB] :: time step 0097800 :: write_image_to_disk 0
[Rank 0000000, 6.820357e+02 s, 00000265703192 kB] :: time step 0098000 :: write_image_to_disk 0
[Rank 0000000, 6.830810e+02 s, 00000266744144 kB] :: time step 0098200 :: write_image_to_disk 0
[Rank 0000000, 6.841134e+02 s, 00000266744144 kB] :: time step 0098400 :: write_image_to_disk 0
[Rank 0000000, 6.851429e+02 s, 00000266744144 kB] :: time step 0098600 :: write_image_to_disk 0
[Rank 0000000, 6.861777e+02 s, 00000266744144 kB] :: time step 0098800 :: write_image_to_disk 0
[Rank 0000000, 6.872056e+02 s, 00000266744144 kB] :: time step 0099000 :: write_image_to_disk 0
[Rank 0000000, 6.882518e+02 s, 00000267780872 kB] :: time step 0099200 :: write_image_to_disk 0
[Rank 0000000, 6.892848e+02 s, 00000267780872 kB] :: time step 0099400 :: write_image_to_disk 0
[Rank 0000000, 6.903187e+02 s, 00000267780872 kB] :: time step 0099600 :: write_image_to_disk 0
[Rank 0000000, 6.913521e+02 s, 00000267780872 kB] :: time step 0099800 :: write_image_to_disk 0
[Rank 0000000, 6.923822e+02 s, 00000267780872 kB] :: time step 0100000 :: write_image_to_disk 1
[Rank 0000000, 7.054540e+02 s, 00000263418812 kB] :: -------------------
[Rank 0000000, 7.054540e+02 s, 00000263418812 kB] :: SIMULATION FINISHED

real	11m59.053s
user	120m9.273s
sys	61m59.619s
