The system is: Linux - 4.18.0-193.46.1.el8_2.ppc64le - ppc64le
Compiling the C compiler identification source file "CMakeCCompilerId.c" succeeded.
Compiler: /sw/summit/gcc/9.3.0-2/bin/gcc 
Build flags: 
Id flags:  

The output was:
0


Compilation of the C compiler identification source "CMakeCCompilerId.c" produced "a.out"

The C compiler identification is GNU, found in "/gpfs/alpine/proj-shared/chm155/izacharo/hemeLB_HIP/HemePure_GPU-master_hipified_June2022/src_v27_swapPointers_post_hack2022/build/CMakeFiles/3.21.3/CompilerIdC/a.out"

Compiling the CXX compiler identification source file "CMakeCXXCompilerId.cpp" succeeded.
Compiler: /sw/summit/gcc/9.3.0-2/bin/g++ 
Build flags: 
Id flags:  

The output was:
0


Compilation of the CXX compiler identification source "CMakeCXXCompilerId.cpp" produced "a.out"

The CXX compiler identification is GNU, found in "/gpfs/alpine/proj-shared/chm155/izacharo/hemeLB_HIP/HemePure_GPU-master_hipified_June2022/src_v27_swapPointers_post_hack2022/build/CMakeFiles/3.21.3/CompilerIdCXX/a.out"

Detecting C compiler ABI info compiled with the following output:
Change Dir: /gpfs/alpine/proj-shared/chm155/izacharo/hemeLB_HIP/HemePure_GPU-master_hipified_June2022/src_v27_swapPointers_post_hack2022/build/CMakeFiles/CMakeTmp

Run Build Command(s):/usr/bin/gmake -f Makefile cmTC_0dc5d/fast && /usr/bin/gmake  -f CMakeFiles/cmTC_0dc5d.dir/build.make CMakeFiles/cmTC_0dc5d.dir/build
gmake[1]: Entering directory '/gpfs/alpine/chm155/proj-shared/izacharo/hemeLB_HIP/HemePure_GPU-master_hipified_June2022/src_v27_swapPointers_post_hack2022/build/CMakeFiles/CMakeTmp'
Building C object CMakeFiles/cmTC_0dc5d.dir/CMakeCCompilerABI.c.o
/sw/summit/gcc/9.3.0-2/bin/gcc   -v -o CMakeFiles/cmTC_0dc5d.dir/CMakeCCompilerABI.c.o -c /autofs/nccs-svm1_sw/summit/spack-envs/base/opt/linux-rhel8-ppc64le/gcc-9.3.0/cmake-3.21.3-5ufcufnkyw5xxspnuotfgqsdx7r4babk/share/cmake-3.21/Modules/CMakeCCompilerABI.c
Using built-in specs.
COLLECT_GCC=/sw/summit/gcc/9.3.0-2/bin/gcc
OFFLOAD_TARGET_NAMES=nvptx-none
Target: powerpc64le-unknown-linux-gnu
Configured with: /gpfs/alpine/scratch/belhorn/stf007/builds/gcc-build-9.3.0-3/gcc-9.3.0/configure --prefix=/sw/summit/gcc/9.3.0-3 --enable-offload-targets=nvptx-none --with-cuda-driver-include=/sw/summit/cuda/11.0.3/include --with-cuda-driver-lib=/sw/summit/cuda/11.0.3/lib64 --with-cuda-driver=/sw/summit/cuda/11.0.3 --enable-languages=c,c++,fortran,lto --disable-multilib CFLAGS=-m64
Thread model: posix
gcc version 9.3.0 (GCC) 
COLLECT_GCC_OPTIONS='-v' '-o' 'CMakeFiles/cmTC_0dc5d.dir/CMakeCCompilerABI.c.o' '-c'
 /autofs/nccs-svm1_sw/summit/gcc/9.3.0-2/bin/../libexec/gcc/powerpc64le-unknown-linux-gnu/9.3.0/cc1 -quiet -v -iprefix /autofs/nccs-svm1_sw/summit/gcc/9.3.0-2/bin/../lib/gcc/powerpc64le-unknown-linux-gnu/9.3.0/ /autofs/nccs-svm1_sw/summit/spack-envs/base/opt/linux-rhel8-ppc64le/gcc-9.3.0/cmake-3.21.3-5ufcufnkyw5xxspnuotfgqsdx7r4babk/share/cmake-3.21/Modules/CMakeCCompilerABI.c -quiet -dumpbase CMakeCCompilerABI.c -auxbase-strip CMakeFiles/cmTC_0dc5d.dir/CMakeCCompilerABI.c.o -version -o /tmp/ccRDodLU.s
GNU C17 (GCC) version 9.3.0 (powerpc64le-unknown-linux-gnu)
	compiled by GNU C version 9.3.0, GMP version 6.1.0, MPFR version 3.1.4, MPC version 1.0.3, isl version isl-0.18-GMP

GGC heuristics: --param ggc-min-expand=100 --param ggc-min-heapsize=131072
ignoring nonexistent directory "/autofs/nccs-svm1_sw/summit/gcc/9.3.0-2/bin/../lib/gcc/powerpc64le-unknown-linux-gnu/9.3.0/../../../../powerpc64le-unknown-linux-gnu/include"
ignoring duplicate directory "/autofs/nccs-svm1_sw/summit/gcc/9.3.0-2/bin/../lib/gcc/../../lib/gcc/powerpc64le-unknown-linux-gnu/9.3.0/include"
ignoring duplicate directory "/autofs/nccs-svm1_sw/summit/gcc/9.3.0-2/bin/../lib/gcc/../../lib/gcc/powerpc64le-unknown-linux-gnu/9.3.0/include-fixed"
ignoring nonexistent directory "/autofs/nccs-svm1_sw/summit/gcc/9.3.0-2/bin/../lib/gcc/../../lib/gcc/powerpc64le-unknown-linux-gnu/9.3.0/../../../../powerpc64le-unknown-linux-gnu/include"
#include "..." search starts here:
#include <...> search starts here:
 /sw/summit/spack-envs/base/opt/linux-rhel8-ppc64le/gcc-9.3.0/boost-1.77.0-spk7c7syg7nwq3i2adexfvgjfljmcac3/include
 /sw/summit/cuda/11.5.2/include
 /sw/summit/spack-envs/base/opt/linux-rhel8-ppc64le/gcc-9.3.0/spectrum-mpi-10.4.0.3-20210112-6depextb6p6ulrvmehgtbskbmcsyhtdi/include
 /autofs/nccs-svm1_sw/summit/gcc/9.3.0-2/bin/../lib/gcc/powerpc64le-unknown-linux-gnu/9.3.0/include
 /autofs/nccs-svm1_sw/summit/gcc/9.3.0-2/bin/../lib/gcc/powerpc64le-unknown-linux-gnu/9.3.0/include-fixed
 /usr/local/include
 /autofs/nccs-svm1_sw/summit/gcc/9.3.0-2/bin/../lib/gcc/../../include
 /usr/include
End of search list.
GNU C17 (GCC) version 9.3.0 (powerpc64le-unknown-linux-gnu)
	compiled by GNU C version 9.3.0, GMP version 6.1.0, MPFR version 3.1.4, MPC version 1.0.3, isl version isl-0.18-GMP

GGC heuristics: --param ggc-min-expand=100 --param ggc-min-heapsize=131072
Compiler executable checksum: 14cf21f06ad12b6150ec465715940b63
COLLECT_GCC_OPTIONS='-v' '-o' 'CMakeFiles/cmTC_0dc5d.dir/CMakeCCompilerABI.c.o' '-c'
 as -v -a64 -mppc64 -many -mlittle -o CMakeFiles/cmTC_0dc5d.dir/CMakeCCompilerABI.c.o /tmp/ccRDodLU.s
GNU assembler version 2.30 (ppc64le-redhat-linux) using BFD version version 2.30-73.el8
COMPILER_PATH=/autofs/nccs-svm1_sw/summit/gcc/9.3.0-2/bin/../libexec/gcc/powerpc64le-unknown-linux-gnu/9.3.0/:/autofs/nccs-svm1_sw/summit/gcc/9.3.0-2/bin/../libexec/gcc/
LIBRARY_PATH=/autofs/nccs-svm1_sw/summit/gcc/9.3.0-2/bin/../lib/gcc/powerpc64le-unknown-linux-gnu/9.3.0/:/autofs/nccs-svm1_sw/summit/gcc/9.3.0-2/bin/../lib/gcc/:/autofs/nccs-svm1_sw/summit/gcc/9.3.0-2/bin/../lib/gcc/powerpc64le-unknown-linux-gnu/9.3.0/../../../../lib64/:/lib/../lib64/:/usr/lib/../lib64/:/sw/summit/spack-envs/base/opt/linux-rhel8-ppc64le/gcc-9.3.0/boost-1.77.0-spk7c7syg7nwq3i2adexfvgjfljmcac3/lib/:/sw/summit/spack-envs/base/opt/linux-rhel8-ppc64le/gcc-9.3.0/spectrum-mpi-10.4.0.3-20210112-6depextb6p6ulrvmehgtbskbmcsyhtdi/lib/:/sw/summit/spack-envs/base/opt/linux-rhel8-ppc64le/gcc-8.3.1/darshan-runtime-3.3.0-mu6tnxlhxfplrq3srkkgi5dvly6wenwy/lib/:/autofs/nccs-svm1_sw/summit/gcc/9.3.0-2/bin/../lib/gcc/powerpc64le-unknown-linux-gnu/9.3.0/../../../:/lib/:/usr/lib/
COLLECT_GCC_OPTIONS='-v' '-o' 'CMakeFiles/cmTC_0dc5d.dir/CMakeCCompilerABI.c.o' '-c'
Linking C executable cmTC_0dc5d
/autofs/nccs-svm1_sw/summit/spack-envs/base/opt/linux-rhel8-ppc64le/gcc-9.3.0/cmake-3.21.3-5ufcufnkyw5xxspnuotfgqsdx7r4babk/bin/cmake -E cmake_link_script CMakeFiles/cmTC_0dc5d.dir/link.txt --verbose=1
/sw/summit/gcc/9.3.0-2/bin/gcc  -v CMakeFiles/cmTC_0dc5d.dir/CMakeCCompilerABI.c.o -o cmTC_0dc5d 
Using built-in specs.
COLLECT_GCC=/sw/summit/gcc/9.3.0-2/bin/gcc
COLLECT_LTO_WRAPPER=/autofs/nccs-svm1_sw/summit/gcc/9.3.0-2/bin/../libexec/gcc/powerpc64le-unknown-linux-gnu/9.3.0/lto-wrapper
OFFLOAD_TARGET_NAMES=nvptx-none
Target: powerpc64le-unknown-linux-gnu
Configured with: /gpfs/alpine/scratch/belhorn/stf007/builds/gcc-build-9.3.0-3/gcc-9.3.0/configure --prefix=/sw/summit/gcc/9.3.0-3 --enable-offload-targets=nvptx-none --with-cuda-driver-include=/sw/summit/cuda/11.0.3/include --with-cuda-driver-lib=/sw/summit/cuda/11.0.3/lib64 --with-cuda-driver=/sw/summit/cuda/11.0.3 --enable-languages=c,c++,fortran,lto --disable-multilib CFLAGS=-m64
Thread model: posix
gcc version 9.3.0 (GCC) 
COMPILER_PATH=/autofs/nccs-svm1_sw/summit/gcc/9.3.0-2/bin/../libexec/gcc/powerpc64le-unknown-linux-gnu/9.3.0/:/autofs/nccs-svm1_sw/summit/gcc/9.3.0-2/bin/../libexec/gcc/
LIBRARY_PATH=/autofs/nccs-svm1_sw/summit/gcc/9.3.0-2/bin/../lib/gcc/powerpc64le-unknown-linux-gnu/9.3.0/:/autofs/nccs-svm1_sw/summit/gcc/9.3.0-2/bin/../lib/gcc/:/autofs/nccs-svm1_sw/summit/gcc/9.3.0-2/bin/../lib/gcc/powerpc64le-unknown-linux-gnu/9.3.0/../../../../lib64/:/lib/../lib64/:/usr/lib/../lib64/:/sw/summit/spack-envs/base/opt/linux-rhel8-ppc64le/gcc-9.3.0/boost-1.77.0-spk7c7syg7nwq3i2adexfvgjfljmcac3/lib/:/sw/summit/spack-envs/base/opt/linux-rhel8-ppc64le/gcc-9.3.0/spectrum-mpi-10.4.0.3-20210112-6depextb6p6ulrvmehgtbskbmcsyhtdi/lib/:/sw/summit/spack-envs/base/opt/linux-rhel8-ppc64le/gcc-8.3.1/darshan-runtime-3.3.0-mu6tnxlhxfplrq3srkkgi5dvly6wenwy/lib/:/autofs/nccs-svm1_sw/summit/gcc/9.3.0-2/bin/../lib/gcc/powerpc64le-unknown-linux-gnu/9.3.0/../../../:/lib/:/usr/lib/
COLLECT_GCC_OPTIONS='-v' '-o' 'cmTC_0dc5d'
 /autofs/nccs-svm1_sw/summit/gcc/9.3.0-2/bin/../libexec/gcc/powerpc64le-unknown-linux-gnu/9.3.0/collect2 -plugin /autofs/nccs-svm1_sw/summit/gcc/9.3.0-2/bin/../libexec/gcc/powerpc64le-unknown-linux-gnu/9.3.0/liblto_plugin.so -plugin-opt=/autofs/nccs-svm1_sw/summit/gcc/9.3.0-2/bin/../libexec/gcc/powerpc64le-unknown-linux-gnu/9.3.0/lto-wrapper -plugin-opt=-fresolution=/tmp/ccChxIUV.res -plugin-opt=-pass-through=-lgcc -plugin-opt=-pass-through=-lgcc_s -plugin-opt=-pass-through=-lc -plugin-opt=-pass-through=-lgcc -plugin-opt=-pass-through=-lgcc_s --eh-frame-hdr -V -m elf64lppc -dynamic-linker /lib64/ld64.so.2 -o cmTC_0dc5d /lib/../lib64/crt1.o /lib/../lib64/crti.o /autofs/nccs-svm1_sw/summit/gcc/9.3.0-2/bin/../lib/gcc/powerpc64le-unknown-linux-gnu/9.3.0/crtbegin.o -L/autofs/nccs-svm1_sw/summit/gcc/9.3.0-2/bin/../lib/gcc/powerpc64le-unknown-linux-gnu/9.3.0 -L/autofs/nccs-svm1_sw/summit/gcc/9.3.0-2/bin/../lib/gcc -L/autofs/nccs-svm1_sw/summit/gcc/9.3.0-2/bin/../lib/gcc/powerpc64le-unknown-linux-gnu/9.3.0/../../../../lib64 -L/lib/../lib64 -L/usr/lib/../lib64 -L/sw/summit/spack-envs/base/opt/linux-rhel8-ppc64le/gcc-9.3.0/boost-1.77.0-spk7c7syg7nwq3i2adexfvgjfljmcac3/lib -L/sw/summit/spack-envs/base/opt/linux-rhel8-ppc64le/gcc-9.3.0/spectrum-mpi-10.4.0.3-20210112-6depextb6p6ulrvmehgtbskbmcsyhtdi/lib -L/sw/summit/spack-envs/base/opt/linux-rhel8-ppc64le/gcc-8.3.1/darshan-runtime-3.3.0-mu6tnxlhxfplrq3srkkgi5dvly6wenwy/lib -L/autofs/nccs-svm1_sw/summit/gcc/9.3.0-2/bin/../lib/gcc/powerpc64le-unknown-linux-gnu/9.3.0/../../.. CMakeFiles/cmTC_0dc5d.dir/CMakeCCompilerABI.c.o -lgcc --push-state --as-needed -lgcc_s --pop-state -lc -lgcc --push-state --as-needed -lgcc_s --pop-state /autofs/nccs-svm1_sw/summit/gcc/9.3.0-2/bin/../lib/gcc/powerpc64le-unknown-linux-gnu/9.3.0/crtend.o /lib/../lib64/crtn.o
COLLECT_GCC_OPTIONS='-v' '-o' 'cmTC_0dc5d'
gmake[1]: Leaving directory '/gpfs/alpine/chm155/proj-shared/izacharo/hemeLB_HIP/HemePure_GPU-master_hipified_June2022/src_v27_swapPointers_post_hack2022/build/CMakeFiles/CMakeTmp'



Parsed C implicit include dir info from above output: rv=done
  found start of include info
  found start of implicit include info
    add: [/sw/summit/spack-envs/base/opt/linux-rhel8-ppc64le/gcc-9.3.0/boost-1.77.0-spk7c7syg7nwq3i2adexfvgjfljmcac3/include]
    add: [/sw/summit/cuda/11.5.2/include]
    add: [/sw/summit/spack-envs/base/opt/linux-rhel8-ppc64le/gcc-9.3.0/spectrum-mpi-10.4.0.3-20210112-6depextb6p6ulrvmehgtbskbmcsyhtdi/include]
    add: [/autofs/nccs-svm1_sw/summit/gcc/9.3.0-2/bin/../lib/gcc/powerpc64le-unknown-linux-gnu/9.3.0/include]
    add: [/autofs/nccs-svm1_sw/summit/gcc/9.3.0-2/bin/../lib/gcc/powerpc64le-unknown-linux-gnu/9.3.0/include-fixed]
    add: [/usr/local/include]
    add: [/autofs/nccs-svm1_sw/summit/gcc/9.3.0-2/bin/../lib/gcc/../../include]
    add: [/usr/include]
  end of search list found
  collapse include dir [/sw/summit/spack-envs/base/opt/linux-rhel8-ppc64le/gcc-9.3.0/boost-1.77.0-spk7c7syg7nwq3i2adexfvgjfljmcac3/include] ==> [/sw/summit/spack-envs/base/opt/linux-rhel8-ppc64le/gcc-9.3.0/boost-1.77.0-spk7c7syg7nwq3i2adexfvgjfljmcac3/include]
  collapse include dir [/sw/summit/cuda/11.5.2/include] ==> [/sw/summit/cuda/11.5.2/include]
  collapse include dir [/sw/summit/spack-envs/base/opt/linux-rhel8-ppc64le/gcc-9.3.0/spectrum-mpi-10.4.0.3-20210112-6depextb6p6ulrvmehgtbskbmcsyhtdi/include] ==> [/sw/summit/spack-envs/base/opt/linux-rhel8-ppc64le/gcc-9.3.0/spectrum-mpi-10.4.0.3-20210112-6depextb6p6ulrvmehgtbskbmcsyhtdi/include]
  collapse include dir [/autofs/nccs-svm1_sw/summit/gcc/9.3.0-2/bin/../lib/gcc/powerpc64le-unknown-linux-gnu/9.3.0/include] ==> [/autofs/nccs-svm1_sw/summit/gcc/9.3.0-2/lib/gcc/powerpc64le-unknown-linux-gnu/9.3.0/include]
  collapse include dir [/autofs/nccs-svm1_sw/summit/gcc/9.3.0-2/bin/../lib/gcc/powerpc64le-unknown-linux-gnu/9.3.0/include-fixed] ==> [/autofs/nccs-svm1_sw/summit/gcc/9.3.0-2/lib/gcc/powerpc64le-unknown-linux-gnu/9.3.0/include-fixed]
  collapse include dir [/usr/local/include] ==> [/usr/local/include]
  collapse include dir [/autofs/nccs-svm1_sw/summit/gcc/9.3.0-2/bin/../lib/gcc/../../include] ==> [/autofs/nccs-svm1_sw/summit/gcc/9.3.0-2/include]
  collapse include dir [/usr/include] ==> [/usr/include]
  implicit include dirs: [/sw/summit/spack-envs/base/opt/linux-rhel8-ppc64le/gcc-9.3.0/boost-1.77.0-spk7c7syg7nwq3i2adexfvgjfljmcac3/include;/sw/summit/cuda/11.5.2/include;/sw/summit/spack-envs/base/opt/linux-rhel8-ppc64le/gcc-9.3.0/spectrum-mpi-10.4.0.3-20210112-6depextb6p6ulrvmehgtbskbmcsyhtdi/include;/autofs/nccs-svm1_sw/summit/gcc/9.3.0-2/lib/gcc/powerpc64le-unknown-linux-gnu/9.3.0/include;/autofs/nccs-svm1_sw/summit/gcc/9.3.0-2/lib/gcc/powerpc64le-unknown-linux-gnu/9.3.0/include-fixed;/usr/local/include;/autofs/nccs-svm1_sw/summit/gcc/9.3.0-2/include;/usr/include]


Parsed C implicit link information from above output:
  link line regex: [^( *|.*[/\])(ld|CMAKE_LINK_STARTFILE-NOTFOUND|([^/\]+-)?ld|collect2)[^/\]*( |$)]
  ignore line: [Change Dir: /gpfs/alpine/proj-shared/chm155/izacharo/hemeLB_HIP/HemePure_GPU-master_hipified_June2022/src_v27_swapPointers_post_hack2022/build/CMakeFiles/CMakeTmp]
  ignore line: []
  ignore line: [Run Build Command(s):/usr/bin/gmake -f Makefile cmTC_0dc5d/fast && /usr/bin/gmake  -f CMakeFiles/cmTC_0dc5d.dir/build.make CMakeFiles/cmTC_0dc5d.dir/build]
  ignore line: [gmake[1]: Entering directory '/gpfs/alpine/chm155/proj-shared/izacharo/hemeLB_HIP/HemePure_GPU-master_hipified_June2022/src_v27_swapPointers_post_hack2022/build/CMakeFiles/CMakeTmp']
  ignore line: [Building C object CMakeFiles/cmTC_0dc5d.dir/CMakeCCompilerABI.c.o]
  ignore line: [/sw/summit/gcc/9.3.0-2/bin/gcc   -v -o CMakeFiles/cmTC_0dc5d.dir/CMakeCCompilerABI.c.o -c /autofs/nccs-svm1_sw/summit/spack-envs/base/opt/linux-rhel8-ppc64le/gcc-9.3.0/cmake-3.21.3-5ufcufnkyw5xxspnuotfgqsdx7r4babk/share/cmake-3.21/Modules/CMakeCCompilerABI.c]
  ignore line: [Using built-in specs.]
  ignore line: [COLLECT_GCC=/sw/summit/gcc/9.3.0-2/bin/gcc]
  ignore line: [OFFLOAD_TARGET_NAMES=nvptx-none]
  ignore line: [Target: powerpc64le-unknown-linux-gnu]
  ignore line: [Configured with: /gpfs/alpine/scratch/belhorn/stf007/builds/gcc-build-9.3.0-3/gcc-9.3.0/configure --prefix=/sw/summit/gcc/9.3.0-3 --enable-offload-targets=nvptx-none --with-cuda-driver-include=/sw/summit/cuda/11.0.3/include --with-cuda-driver-lib=/sw/summit/cuda/11.0.3/lib64 --with-cuda-driver=/sw/summit/cuda/11.0.3 --enable-languages=c c++ fortran lto --disable-multilib CFLAGS=-m64]
  ignore line: [Thread model: posix]
  ignore line: [gcc version 9.3.0 (GCC) ]
  ignore line: [COLLECT_GCC_OPTIONS='-v' '-o' 'CMakeFiles/cmTC_0dc5d.dir/CMakeCCompilerABI.c.o' '-c']
  ignore line: [ /autofs/nccs-svm1_sw/summit/gcc/9.3.0-2/bin/../libexec/gcc/powerpc64le-unknown-linux-gnu/9.3.0/cc1 -quiet -v -iprefix /autofs/nccs-svm1_sw/summit/gcc/9.3.0-2/bin/../lib/gcc/powerpc64le-unknown-linux-gnu/9.3.0/ /autofs/nccs-svm1_sw/summit/spack-envs/base/opt/linux-rhel8-ppc64le/gcc-9.3.0/cmake-3.21.3-5ufcufnkyw5xxspnuotfgqsdx7r4babk/share/cmake-3.21/Modules/CMakeCCompilerABI.c -quiet -dumpbase CMakeCCompilerABI.c -auxbase-strip CMakeFiles/cmTC_0dc5d.dir/CMakeCCompilerABI.c.o -version -o /tmp/ccRDodLU.s]
  ignore line: [GNU C17 (GCC) version 9.3.0 (powerpc64le-unknown-linux-gnu)]
  ignore line: [	compiled by GNU C version 9.3.0  GMP version 6.1.0  MPFR version 3.1.4  MPC version 1.0.3  isl version isl-0.18-GMP]
  ignore line: []
  ignore line: [GGC heuristics: --param ggc-min-expand=100 --param ggc-min-heapsize=131072]
  ignore line: [ignoring nonexistent directory "/autofs/nccs-svm1_sw/summit/gcc/9.3.0-2/bin/../lib/gcc/powerpc64le-unknown-linux-gnu/9.3.0/../../../../powerpc64le-unknown-linux-gnu/include"]
  ignore line: [ignoring duplicate directory "/autofs/nccs-svm1_sw/summit/gcc/9.3.0-2/bin/../lib/gcc/../../lib/gcc/powerpc64le-unknown-linux-gnu/9.3.0/include"]
  ignore line: [ignoring duplicate directory "/autofs/nccs-svm1_sw/summit/gcc/9.3.0-2/bin/../lib/gcc/../../lib/gcc/powerpc64le-unknown-linux-gnu/9.3.0/include-fixed"]
  ignore line: [ignoring nonexistent directory "/autofs/nccs-svm1_sw/summit/gcc/9.3.0-2/bin/../lib/gcc/../../lib/gcc/powerpc64le-unknown-linux-gnu/9.3.0/../../../../powerpc64le-unknown-linux-gnu/include"]
  ignore line: [#include "..." search starts here:]
  ignore line: [#include <...> search starts here:]
  ignore line: [ /sw/summit/spack-envs/base/opt/linux-rhel8-ppc64le/gcc-9.3.0/boost-1.77.0-spk7c7syg7nwq3i2adexfvgjfljmcac3/include]
  ignore line: [ /sw/summit/cuda/11.5.2/include]
  ignore line: [ /sw/summit/spack-envs/base/opt/linux-rhel8-ppc64le/gcc-9.3.0/spectrum-mpi-10.4.0.3-20210112-6depextb6p6ulrvmehgtbskbmcsyhtdi/include]
  ignore line: [ /autofs/nccs-svm1_sw/summit/gcc/9.3.0-2/bin/../lib/gcc/powerpc64le-unknown-linux-gnu/9.3.0/include]
  ignore line: [ /autofs/nccs-svm1_sw/summit/gcc/9.3.0-2/bin/../lib/gcc/powerpc64le-unknown-linux-gnu/9.3.0/include-fixed]
  ignore line: [ /usr/local/include]
  ignore line: [ /autofs/nccs-svm1_sw/summit/gcc/9.3.0-2/bin/../lib/gcc/../../include]
  ignore line: [ /usr/include]
  ignore line: [End of search list.]
  ignore line: [GNU C17 (GCC) version 9.3.0 (powerpc64le-unknown-linux-gnu)]
  ignore line: [	compiled by GNU C version 9.3.0  GMP version 6.1.0  MPFR version 3.1.4  MPC version 1.0.3  isl version isl-0.18-GMP]
  ignore line: []
  ignore line: [GGC heuristics: --param ggc-min-expand=100 --param ggc-min-heapsize=131072]
  ignore line: [Compiler executable checksum: 14cf21f06ad12b6150ec465715940b63]
  ignore line: [COLLECT_GCC_OPTIONS='-v' '-o' 'CMakeFiles/cmTC_0dc5d.dir/CMakeCCompilerABI.c.o' '-c']
  ignore line: [ as -v -a64 -mppc64 -many -mlittle -o CMakeFiles/cmTC_0dc5d.dir/CMakeCCompilerABI.c.o /tmp/ccRDodLU.s]
  ignore line: [GNU assembler version 2.30 (ppc64le-redhat-linux) using BFD version version 2.30-73.el8]
  ignore line: [COMPILER_PATH=/autofs/nccs-svm1_sw/summit/gcc/9.3.0-2/bin/../libexec/gcc/powerpc64le-unknown-linux-gnu/9.3.0/:/autofs/nccs-svm1_sw/summit/gcc/9.3.0-2/bin/../libexec/gcc/]
  ignore line: [LIBRARY_PATH=/autofs/nccs-svm1_sw/summit/gcc/9.3.0-2/bin/../lib/gcc/powerpc64le-unknown-linux-gnu/9.3.0/:/autofs/nccs-svm1_sw/summit/gcc/9.3.0-2/bin/../lib/gcc/:/autofs/nccs-svm1_sw/summit/gcc/9.3.0-2/bin/../lib/gcc/powerpc64le-unknown-linux-gnu/9.3.0/../../../../lib64/:/lib/../lib64/:/usr/lib/../lib64/:/sw/summit/spack-envs/base/opt/linux-rhel8-ppc64le/gcc-9.3.0/boost-1.77.0-spk7c7syg7nwq3i2adexfvgjfljmcac3/lib/:/sw/summit/spack-envs/base/opt/linux-rhel8-ppc64le/gcc-9.3.0/spectrum-mpi-10.4.0.3-20210112-6depextb6p6ulrvmehgtbskbmcsyhtdi/lib/:/sw/summit/spack-envs/base/opt/linux-rhel8-ppc64le/gcc-8.3.1/darshan-runtime-3.3.0-mu6tnxlhxfplrq3srkkgi5dvly6wenwy/lib/:/autofs/nccs-svm1_sw/summit/gcc/9.3.0-2/bin/../lib/gcc/powerpc64le-unknown-linux-gnu/9.3.0/../../../:/lib/:/usr/lib/]
  ignore line: [COLLECT_GCC_OPTIONS='-v' '-o' 'CMakeFiles/cmTC_0dc5d.dir/CMakeCCompilerABI.c.o' '-c']
  ignore line: [Linking C executable cmTC_0dc5d]
  ignore line: [/autofs/nccs-svm1_sw/summit/spack-envs/base/opt/linux-rhel8-ppc64le/gcc-9.3.0/cmake-3.21.3-5ufcufnkyw5xxspnuotfgqsdx7r4babk/bin/cmake -E cmake_link_script CMakeFiles/cmTC_0dc5d.dir/link.txt --verbose=1]
  ignore line: [/sw/summit/gcc/9.3.0-2/bin/gcc  -v CMakeFiles/cmTC_0dc5d.dir/CMakeCCompilerABI.c.o -o cmTC_0dc5d ]
  ignore line: [Using built-in specs.]
  ignore line: [COLLECT_GCC=/sw/summit/gcc/9.3.0-2/bin/gcc]
  ignore line: [COLLECT_LTO_WRAPPER=/autofs/nccs-svm1_sw/summit/gcc/9.3.0-2/bin/../libexec/gcc/powerpc64le-unknown-linux-gnu/9.3.0/lto-wrapper]
  ignore line: [OFFLOAD_TARGET_NAMES=nvptx-none]
  ignore line: [Target: powerpc64le-unknown-linux-gnu]
  ignore line: [Configured with: /gpfs/alpine/scratch/belhorn/stf007/builds/gcc-build-9.3.0-3/gcc-9.3.0/configure --prefix=/sw/summit/gcc/9.3.0-3 --enable-offload-targets=nvptx-none --with-cuda-driver-include=/sw/summit/cuda/11.0.3/include --with-cuda-driver-lib=/sw/summit/cuda/11.0.3/lib64 --with-cuda-driver=/sw/summit/cuda/11.0.3 --enable-languages=c c++ fortran lto --disable-multilib CFLAGS=-m64]
  ignore line: [Thread model: posix]
  ignore line: [gcc version 9.3.0 (GCC) ]
  ignore line: [COMPILER_PATH=/autofs/nccs-svm1_sw/summit/gcc/9.3.0-2/bin/../libexec/gcc/powerpc64le-unknown-linux-gnu/9.3.0/:/autofs/nccs-svm1_sw/summit/gcc/9.3.0-2/bin/../libexec/gcc/]
  ignore line: [LIBRARY_PATH=/autofs/nccs-svm1_sw/summit/gcc/9.3.0-2/bin/../lib/gcc/powerpc64le-unknown-linux-gnu/9.3.0/:/autofs/nccs-svm1_sw/summit/gcc/9.3.0-2/bin/../lib/gcc/:/autofs/nccs-svm1_sw/summit/gcc/9.3.0-2/bin/../lib/gcc/powerpc64le-unknown-linux-gnu/9.3.0/../../../../lib64/:/lib/../lib64/:/usr/lib/../lib64/:/sw/summit/spack-envs/base/opt/linux-rhel8-ppc64le/gcc-9.3.0/boost-1.77.0-spk7c7syg7nwq3i2adexfvgjfljmcac3/lib/:/sw/summit/spack-envs/base/opt/linux-rhel8-ppc64le/gcc-9.3.0/spectrum-mpi-10.4.0.3-20210112-6depextb6p6ulrvmehgtbskbmcsyhtdi/lib/:/sw/summit/spack-envs/base/opt/linux-rhel8-ppc64le/gcc-8.3.1/darshan-runtime-3.3.0-mu6tnxlhxfplrq3srkkgi5dvly6wenwy/lib/:/autofs/nccs-svm1_sw/summit/gcc/9.3.0-2/bin/../lib/gcc/powerpc64le-unknown-linux-gnu/9.3.0/../../../:/lib/:/usr/lib/]
  ignore line: [COLLECT_GCC_OPTIONS='-v' '-o' 'cmTC_0dc5d']
  link line: [ /autofs/nccs-svm1_sw/summit/gcc/9.3.0-2/bin/../libexec/gcc/powerpc64le-unknown-linux-gnu/9.3.0/collect2 -plugin /autofs/nccs-svm1_sw/summit/gcc/9.3.0-2/bin/../libexec/gcc/powerpc64le-unknown-linux-gnu/9.3.0/liblto_plugin.so -plugin-opt=/autofs/nccs-svm1_sw/summit/gcc/9.3.0-2/bin/../libexec/gcc/powerpc64le-unknown-linux-gnu/9.3.0/lto-wrapper -plugin-opt=-fresolution=/tmp/ccChxIUV.res -plugin-opt=-pass-through=-lgcc -plugin-opt=-pass-through=-lgcc_s -plugin-opt=-pass-through=-lc -plugin-opt=-pass-through=-lgcc -plugin-opt=-pass-through=-lgcc_s --eh-frame-hdr -V -m elf64lppc -dynamic-linker /lib64/ld64.so.2 -o cmTC_0dc5d /lib/../lib64/crt1.o /lib/../lib64/crti.o /autofs/nccs-svm1_sw/summit/gcc/9.3.0-2/bin/../lib/gcc/powerpc64le-unknown-linux-gnu/9.3.0/crtbegin.o -L/autofs/nccs-svm1_sw/summit/gcc/9.3.0-2/bin/../lib/gcc/powerpc64le-unknown-linux-gnu/9.3.0 -L/autofs/nccs-svm1_sw/summit/gcc/9.3.0-2/bin/../lib/gcc -L/autofs/nccs-svm1_sw/summit/gcc/9.3.0-2/bin/../lib/gcc/powerpc64le-unknown-linux-gnu/9.3.0/../../../../lib64 -L/lib/../lib64 -L/usr/lib/../lib64 -L/sw/summit/spack-envs/base/opt/linux-rhel8-ppc64le/gcc-9.3.0/boost-1.77.0-spk7c7syg7nwq3i2adexfvgjfljmcac3/lib -L/sw/summit/spack-envs/base/opt/linux-rhel8-ppc64le/gcc-9.3.0/spectrum-mpi-10.4.0.3-20210112-6depextb6p6ulrvmehgtbskbmcsyhtdi/lib -L/sw/summit/spack-envs/base/opt/linux-rhel8-ppc64le/gcc-8.3.1/darshan-runtime-3.3.0-mu6tnxlhxfplrq3srkkgi5dvly6wenwy/lib -L/autofs/nccs-svm1_sw/summit/gcc/9.3.0-2/bin/../lib/gcc/powerpc64le-unknown-linux-gnu/9.3.0/../../.. CMakeFiles/cmTC_0dc5d.dir/CMakeCCompilerABI.c.o -lgcc --push-state --as-needed -lgcc_s --pop-state -lc -lgcc --push-state --as-needed -lgcc_s --pop-state /autofs/nccs-svm1_sw/summit/gcc/9.3.0-2/bin/../lib/gcc/powerpc64le-unknown-linux-gnu/9.3.0/crtend.o /lib/../lib64/crtn.o]
    arg [/autofs/nccs-svm1_sw/summit/gcc/9.3.0-2/bin/../libexec/gcc/powerpc64le-unknown-linux-gnu/9.3.0/collect2] ==> ignore
    arg [-plugin] ==> ignore
    arg [/autofs/nccs-svm1_sw/summit/gcc/9.3.0-2/bin/../libexec/gcc/powerpc64le-unknown-linux-gnu/9.3.0/liblto_plugin.so] ==> ignore
    arg [-plugin-opt=/autofs/nccs-svm1_sw/summit/gcc/9.3.0-2/bin/../libexec/gcc/powerpc64le-unknown-linux-gnu/9.3.0/lto-wrapper] ==> ignore
    arg [-plugin-opt=-fresolution=/tmp/ccChxIUV.res] ==> ignore
    arg [-plugin-opt=-pass-through=-lgcc] ==> ignore
    arg [-plugin-opt=-pass-through=-lgcc_s] ==> ignore
    arg [-plugin-opt=-pass-through=-lc] ==> ignore
    arg [-plugin-opt=-pass-through=-lgcc] ==> ignore
    arg [-plugin-opt=-pass-through=-lgcc_s] ==> ignore
    arg [--eh-frame-hdr] ==> ignore
    arg [-V] ==> ignore
    arg [-m] ==> ignore
    arg [elf64lppc] ==> ignore
    arg [-dynamic-linker] ==> ignore
    arg [/lib64/ld64.so.2] ==> ignore
    arg [-o] ==> ignore
    arg [cmTC_0dc5d] ==> ignore
    arg [/lib/../lib64/crt1.o] ==> obj [/lib/../lib64/crt1.o]
    arg [/lib/../lib64/crti.o] ==> obj [/lib/../lib64/crti.o]
    arg [/autofs/nccs-svm1_sw/summit/gcc/9.3.0-2/bin/../lib/gcc/powerpc64le-unknown-linux-gnu/9.3.0/crtbegin.o] ==> obj [/autofs/nccs-svm1_sw/summit/gcc/9.3.0-2/bin/../lib/gcc/powerpc64le-unknown-linux-gnu/9.3.0/crtbegin.o]
    arg [-L/autofs/nccs-svm1_sw/summit/gcc/9.3.0-2/bin/../lib/gcc/powerpc64le-unknown-linux-gnu/9.3.0] ==> dir [/autofs/nccs-svm1_sw/summit/gcc/9.3.0-2/bin/../lib/gcc/powerpc64le-unknown-linux-gnu/9.3.0]
    arg [-L/autofs/nccs-svm1_sw/summit/gcc/9.3.0-2/bin/../lib/gcc] ==> dir [/autofs/nccs-svm1_sw/summit/gcc/9.3.0-2/bin/../lib/gcc]
    arg [-L/autofs/nccs-svm1_sw/summit/gcc/9.3.0-2/bin/../lib/gcc/powerpc64le-unknown-linux-gnu/9.3.0/../../../../lib64] ==> dir [/autofs/nccs-svm1_sw/summit/gcc/9.3.0-2/bin/../lib/gcc/powerpc64le-unknown-linux-gnu/9.3.0/../../../../lib64]
    arg [-L/lib/../lib64] ==> dir [/lib/../lib64]
    arg [-L/usr/lib/../lib64] ==> dir [/usr/lib/../lib64]
    arg [-L/sw/summit/spack-envs/base/opt/linux-rhel8-ppc64le/gcc-9.3.0/boost-1.77.0-spk7c7syg7nwq3i2adexfvgjfljmcac3/lib] ==> dir [/sw/summit/spack-envs/base/opt/linux-rhel8-ppc64le/gcc-9.3.0/boost-1.77.0-spk7c7syg7nwq3i2adexfvgjfljmcac3/lib]
    arg [-L/sw/summit/spack-envs/base/opt/linux-rhel8-ppc64le/gcc-9.3.0/spectrum-mpi-10.4.0.3-20210112-6depextb6p6ulrvmehgtbskbmcsyhtdi/lib] ==> dir [/sw/summit/spack-envs/base/opt/linux-rhel8-ppc64le/gcc-9.3.0/spectrum-mpi-10.4.0.3-20210112-6depextb6p6ulrvmehgtbskbmcsyhtdi/lib]
    arg [-L/sw/summit/spack-envs/base/opt/linux-rhel8-ppc64le/gcc-8.3.1/darshan-runtime-3.3.0-mu6tnxlhxfplrq3srkkgi5dvly6wenwy/lib] ==> dir [/sw/summit/spack-envs/base/opt/linux-rhel8-ppc64le/gcc-8.3.1/darshan-runtime-3.3.0-mu6tnxlhxfplrq3srkkgi5dvly6wenwy/lib]
    arg [-L/autofs/nccs-svm1_sw/summit/gcc/9.3.0-2/bin/../lib/gcc/powerpc64le-unknown-linux-gnu/9.3.0/../../..] ==> dir [/autofs/nccs-svm1_sw/summit/gcc/9.3.0-2/bin/../lib/gcc/powerpc64le-unknown-linux-gnu/9.3.0/../../..]
    arg [CMakeFiles/cmTC_0dc5d.dir/CMakeCCompilerABI.c.o] ==> ignore
    arg [-lgcc] ==> lib [gcc]
    arg [--push-state] ==> ignore
    arg [--as-needed] ==> ignore
    arg [-lgcc_s] ==> lib [gcc_s]
    arg [--pop-state] ==> ignore
    arg [-lc] ==> lib [c]
    arg [-lgcc] ==> lib [gcc]
    arg [--push-state] ==> ignore
    arg [--as-needed] ==> ignore
    arg [-lgcc_s] ==> lib [gcc_s]
    arg [--pop-state] ==> ignore
    arg [/autofs/nccs-svm1_sw/summit/gcc/9.3.0-2/bin/../lib/gcc/powerpc64le-unknown-linux-gnu/9.3.0/crtend.o] ==> obj [/autofs/nccs-svm1_sw/summit/gcc/9.3.0-2/bin/../lib/gcc/powerpc64le-unknown-linux-gnu/9.3.0/crtend.o]
    arg [/lib/../lib64/crtn.o] ==> obj [/lib/../lib64/crtn.o]
  collapse obj [/lib/../lib64/crt1.o] ==> [/lib64/crt1.o]
  collapse obj [/lib/../lib64/crti.o] ==> [/lib64/crti.o]
  collapse obj [/autofs/nccs-svm1_sw/summit/gcc/9.3.0-2/bin/../lib/gcc/powerpc64le-unknown-linux-gnu/9.3.0/crtbegin.o] ==> [/autofs/nccs-svm1_sw/summit/gcc/9.3.0-2/lib/gcc/powerpc64le-unknown-linux-gnu/9.3.0/crtbegin.o]
  collapse obj [/autofs/nccs-svm1_sw/summit/gcc/9.3.0-2/bin/../lib/gcc/powerpc64le-unknown-linux-gnu/9.3.0/crtend.o] ==> [/autofs/nccs-svm1_sw/summit/gcc/9.3.0-2/lib/gcc/powerpc64le-unknown-linux-gnu/9.3.0/crtend.o]
  collapse obj [/lib/../lib64/crtn.o] ==> [/lib64/crtn.o]
  collapse library dir [/autofs/nccs-svm1_sw/summit/gcc/9.3.0-2/bin/../lib/gcc/powerpc64le-unknown-linux-gnu/9.3.0] ==> [/autofs/nccs-svm1_sw/summit/gcc/9.3.0-2/lib/gcc/powerpc64le-unknown-linux-gnu/9.3.0]
  collapse library dir [/autofs/nccs-svm1_sw/summit/gcc/9.3.0-2/bin/../lib/gcc] ==> [/autofs/nccs-svm1_sw/summit/gcc/9.3.0-2/lib/gcc]
  collapse library dir [/autofs/nccs-svm1_sw/summit/gcc/9.3.0-2/bin/../lib/gcc/powerpc64le-unknown-linux-gnu/9.3.0/../../../../lib64] ==> [/autofs/nccs-svm1_sw/summit/gcc/9.3.0-2/lib64]
  collapse library dir [/lib/../lib64] ==> [/lib64]
  collapse library dir [/usr/lib/../lib64] ==> [/usr/lib64]
  collapse library dir [/sw/summit/spack-envs/base/opt/linux-rhel8-ppc64le/gcc-9.3.0/boost-1.77.0-spk7c7syg7nwq3i2adexfvgjfljmcac3/lib] ==> [/sw/summit/spack-envs/base/opt/linux-rhel8-ppc64le/gcc-9.3.0/boost-1.77.0-spk7c7syg7nwq3i2adexfvgjfljmcac3/lib]
  collapse library dir [/sw/summit/spack-envs/base/opt/linux-rhel8-ppc64le/gcc-9.3.0/spectrum-mpi-10.4.0.3-20210112-6depextb6p6ulrvmehgtbskbmcsyhtdi/lib] ==> [/sw/summit/spack-envs/base/opt/linux-rhel8-ppc64le/gcc-9.3.0/spectrum-mpi-10.4.0.3-20210112-6depextb6p6ulrvmehgtbskbmcsyhtdi/lib]
  collapse library dir [/sw/summit/spack-envs/base/opt/linux-rhel8-ppc64le/gcc-8.3.1/darshan-runtime-3.3.0-mu6tnxlhxfplrq3srkkgi5dvly6wenwy/lib] ==> [/sw/summit/spack-envs/base/opt/linux-rhel8-ppc64le/gcc-8.3.1/darshan-runtime-3.3.0-mu6tnxlhxfplrq3srkkgi5dvly6wenwy/lib]
  collapse library dir [/autofs/nccs-svm1_sw/summit/gcc/9.3.0-2/bin/../lib/gcc/powerpc64le-unknown-linux-gnu/9.3.0/../../..] ==> [/autofs/nccs-svm1_sw/summit/gcc/9.3.0-2/lib]
  implicit libs: [gcc;gcc_s;c;gcc;gcc_s]
  implicit objs: [/lib64/crt1.o;/lib64/crti.o;/autofs/nccs-svm1_sw/summit/gcc/9.3.0-2/lib/gcc/powerpc64le-unknown-linux-gnu/9.3.0/crtbegin.o;/autofs/nccs-svm1_sw/summit/gcc/9.3.0-2/lib/gcc/powerpc64le-unknown-linux-gnu/9.3.0/crtend.o;/lib64/crtn.o]
  implicit dirs: [/autofs/nccs-svm1_sw/summit/gcc/9.3.0-2/lib/gcc/powerpc64le-unknown-linux-gnu/9.3.0;/autofs/nccs-svm1_sw/summit/gcc/9.3.0-2/lib/gcc;/autofs/nccs-svm1_sw/summit/gcc/9.3.0-2/lib64;/lib64;/usr/lib64;/sw/summit/spack-envs/base/opt/linux-rhel8-ppc64le/gcc-9.3.0/boost-1.77.0-spk7c7syg7nwq3i2adexfvgjfljmcac3/lib;/sw/summit/spack-envs/base/opt/linux-rhel8-ppc64le/gcc-9.3.0/spectrum-mpi-10.4.0.3-20210112-6depextb6p6ulrvmehgtbskbmcsyhtdi/lib;/sw/summit/spack-envs/base/opt/linux-rhel8-ppc64le/gcc-8.3.1/darshan-runtime-3.3.0-mu6tnxlhxfplrq3srkkgi5dvly6wenwy/lib;/autofs/nccs-svm1_sw/summit/gcc/9.3.0-2/lib]
  implicit fwks: []


Detecting CXX compiler ABI info compiled with the following output:
Change Dir: /gpfs/alpine/proj-shared/chm155/izacharo/hemeLB_HIP/HemePure_GPU-master_hipified_June2022/src_v27_swapPointers_post_hack2022/build/CMakeFiles/CMakeTmp

Run Build Command(s):/usr/bin/gmake -f Makefile cmTC_fb80d/fast && /usr/bin/gmake  -f CMakeFiles/cmTC_fb80d.dir/build.make CMakeFiles/cmTC_fb80d.dir/build
gmake[1]: Entering directory '/gpfs/alpine/chm155/proj-shared/izacharo/hemeLB_HIP/HemePure_GPU-master_hipified_June2022/src_v27_swapPointers_post_hack2022/build/CMakeFiles/CMakeTmp'
Building CXX object CMakeFiles/cmTC_fb80d.dir/CMakeCXXCompilerABI.cpp.o
/sw/summit/gcc/9.3.0-2/bin/g++   -v -o CMakeFiles/cmTC_fb80d.dir/CMakeCXXCompilerABI.cpp.o -c /autofs/nccs-svm1_sw/summit/spack-envs/base/opt/linux-rhel8-ppc64le/gcc-9.3.0/cmake-3.21.3-5ufcufnkyw5xxspnuotfgqsdx7r4babk/share/cmake-3.21/Modules/CMakeCXXCompilerABI.cpp
Using built-in specs.
COLLECT_GCC=/sw/summit/gcc/9.3.0-2/bin/g++
OFFLOAD_TARGET_NAMES=nvptx-none
Target: powerpc64le-unknown-linux-gnu
Configured with: /gpfs/alpine/scratch/belhorn/stf007/builds/gcc-build-9.3.0-3/gcc-9.3.0/configure --prefix=/sw/summit/gcc/9.3.0-3 --enable-offload-targets=nvptx-none --with-cuda-driver-include=/sw/summit/cuda/11.0.3/include --with-cuda-driver-lib=/sw/summit/cuda/11.0.3/lib64 --with-cuda-driver=/sw/summit/cuda/11.0.3 --enable-languages=c,c++,fortran,lto --disable-multilib CFLAGS=-m64
Thread model: posix
gcc version 9.3.0 (GCC) 
COLLECT_GCC_OPTIONS='-v' '-o' 'CMakeFiles/cmTC_fb80d.dir/CMakeCXXCompilerABI.cpp.o' '-c' '-shared-libgcc'
 /autofs/nccs-svm1_sw/summit/gcc/9.3.0-2/bin/../libexec/gcc/powerpc64le-unknown-linux-gnu/9.3.0/cc1plus -quiet -v -iprefix /autofs/nccs-svm1_sw/summit/gcc/9.3.0-2/bin/../lib/gcc/powerpc64le-unknown-linux-gnu/9.3.0/ -D_GNU_SOURCE /autofs/nccs-svm1_sw/summit/spack-envs/base/opt/linux-rhel8-ppc64le/gcc-9.3.0/cmake-3.21.3-5ufcufnkyw5xxspnuotfgqsdx7r4babk/share/cmake-3.21/Modules/CMakeCXXCompilerABI.cpp -quiet -dumpbase CMakeCXXCompilerABI.cpp -auxbase-strip CMakeFiles/cmTC_fb80d.dir/CMakeCXXCompilerABI.cpp.o -version -o /tmp/ccUEG65V.s
GNU C++14 (GCC) version 9.3.0 (powerpc64le-unknown-linux-gnu)
	compiled by GNU C version 9.3.0, GMP version 6.1.0, MPFR version 3.1.4, MPC version 1.0.3, isl version isl-0.18-GMP

GGC heuristics: --param ggc-min-expand=100 --param ggc-min-heapsize=131072
ignoring nonexistent directory "/autofs/nccs-svm1_sw/summit/gcc/9.3.0-2/bin/../lib/gcc/powerpc64le-unknown-linux-gnu/9.3.0/../../../../powerpc64le-unknown-linux-gnu/include"
ignoring duplicate directory "/autofs/nccs-svm1_sw/summit/gcc/9.3.0-2/bin/../lib/gcc/../../lib/gcc/powerpc64le-unknown-linux-gnu/9.3.0/../../../../include/c++/9.3.0"
ignoring duplicate directory "/autofs/nccs-svm1_sw/summit/gcc/9.3.0-2/bin/../lib/gcc/../../lib/gcc/powerpc64le-unknown-linux-gnu/9.3.0/../../../../include/c++/9.3.0/powerpc64le-unknown-linux-gnu"
ignoring duplicate directory "/autofs/nccs-svm1_sw/summit/gcc/9.3.0-2/bin/../lib/gcc/../../lib/gcc/powerpc64le-unknown-linux-gnu/9.3.0/../../../../include/c++/9.3.0/backward"
ignoring duplicate directory "/autofs/nccs-svm1_sw/summit/gcc/9.3.0-2/bin/../lib/gcc/../../lib/gcc/powerpc64le-unknown-linux-gnu/9.3.0/include"
ignoring duplicate directory "/autofs/nccs-svm1_sw/summit/gcc/9.3.0-2/bin/../lib/gcc/../../lib/gcc/powerpc64le-unknown-linux-gnu/9.3.0/include-fixed"
ignoring nonexistent directory "/autofs/nccs-svm1_sw/summit/gcc/9.3.0-2/bin/../lib/gcc/../../lib/gcc/powerpc64le-unknown-linux-gnu/9.3.0/../../../../powerpc64le-unknown-linux-gnu/include"
#include "..." search starts here:
#include <...> search starts here:
 /sw/summit/spack-envs/base/opt/linux-rhel8-ppc64le/gcc-9.3.0/boost-1.77.0-spk7c7syg7nwq3i2adexfvgjfljmcac3/include
 /sw/summit/cuda/11.5.2/include
 /sw/summit/spack-envs/base/opt/linux-rhel8-ppc64le/gcc-9.3.0/spectrum-mpi-10.4.0.3-20210112-6depextb6p6ulrvmehgtbskbmcsyhtdi/include
 /autofs/nccs-svm1_sw/summit/gcc/9.3.0-2/bin/../lib/gcc/powerpc64le-unknown-linux-gnu/9.3.0/../../../../include/c++/9.3.0
 /autofs/nccs-svm1_sw/summit/gcc/9.3.0-2/bin/../lib/gcc/powerpc64le-unknown-linux-gnu/9.3.0/../../../../include/c++/9.3.0/powerpc64le-unknown-linux-gnu
 /autofs/nccs-svm1_sw/summit/gcc/9.3.0-2/bin/../lib/gcc/powerpc64le-unknown-linux-gnu/9.3.0/../../../../include/c++/9.3.0/backward
 /autofs/nccs-svm1_sw/summit/gcc/9.3.0-2/bin/../lib/gcc/powerpc64le-unknown-linux-gnu/9.3.0/include
 /autofs/nccs-svm1_sw/summit/gcc/9.3.0-2/bin/../lib/gcc/powerpc64le-unknown-linux-gnu/9.3.0/include-fixed
 /usr/local/include
 /autofs/nccs-svm1_sw/summit/gcc/9.3.0-2/bin/../lib/gcc/../../include
 /usr/include
End of search list.
GNU C++14 (GCC) version 9.3.0 (powerpc64le-unknown-linux-gnu)
	compiled by GNU C version 9.3.0, GMP version 6.1.0, MPFR version 3.1.4, MPC version 1.0.3, isl version isl-0.18-GMP

GGC heuristics: --param ggc-min-expand=100 --param ggc-min-heapsize=131072
Compiler executable checksum: c15ed6e2c35151c8c02118df9948b5e4
COLLECT_GCC_OPTIONS='-v' '-o' 'CMakeFiles/cmTC_fb80d.dir/CMakeCXXCompilerABI.cpp.o' '-c' '-shared-libgcc'
 as -v -a64 -mppc64 -many -mlittle -o CMakeFiles/cmTC_fb80d.dir/CMakeCXXCompilerABI.cpp.o /tmp/ccUEG65V.s
GNU assembler version 2.30 (ppc64le-redhat-linux) using BFD version version 2.30-73.el8
COMPILER_PATH=/autofs/nccs-svm1_sw/summit/gcc/9.3.0-2/bin/../libexec/gcc/powerpc64le-unknown-linux-gnu/9.3.0/:/autofs/nccs-svm1_sw/summit/gcc/9.3.0-2/bin/../libexec/gcc/
LIBRARY_PATH=/autofs/nccs-svm1_sw/summit/gcc/9.3.0-2/bin/../lib/gcc/powerpc64le-unknown-linux-gnu/9.3.0/:/autofs/nccs-svm1_sw/summit/gcc/9.3.0-2/bin/../lib/gcc/:/autofs/nccs-svm1_sw/summit/gcc/9.3.0-2/bin/../lib/gcc/powerpc64le-unknown-linux-gnu/9.3.0/../../../../lib64/:/lib/../lib64/:/usr/lib/../lib64/:/sw/summit/spack-envs/base/opt/linux-rhel8-ppc64le/gcc-9.3.0/boost-1.77.0-spk7c7syg7nwq3i2adexfvgjfljmcac3/lib/:/sw/summit/spack-envs/base/opt/linux-rhel8-ppc64le/gcc-9.3.0/spectrum-mpi-10.4.0.3-20210112-6depextb6p6ulrvmehgtbskbmcsyhtdi/lib/:/sw/summit/spack-envs/base/opt/linux-rhel8-ppc64le/gcc-8.3.1/darshan-runtime-3.3.0-mu6tnxlhxfplrq3srkkgi5dvly6wenwy/lib/:/autofs/nccs-svm1_sw/summit/gcc/9.3.0-2/bin/../lib/gcc/powerpc64le-unknown-linux-gnu/9.3.0/../../../:/lib/:/usr/lib/
COLLECT_GCC_OPTIONS='-v' '-o' 'CMakeFiles/cmTC_fb80d.dir/CMakeCXXCompilerABI.cpp.o' '-c' '-shared-libgcc'
Linking CXX executable cmTC_fb80d
/autofs/nccs-svm1_sw/summit/spack-envs/base/opt/linux-rhel8-ppc64le/gcc-9.3.0/cmake-3.21.3-5ufcufnkyw5xxspnuotfgqsdx7r4babk/bin/cmake -E cmake_link_script CMakeFiles/cmTC_fb80d.dir/link.txt --verbose=1
/sw/summit/gcc/9.3.0-2/bin/g++  -v CMakeFiles/cmTC_fb80d.dir/CMakeCXXCompilerABI.cpp.o -o cmTC_fb80d 
Using built-in specs.
COLLECT_GCC=/sw/summit/gcc/9.3.0-2/bin/g++
COLLECT_LTO_WRAPPER=/autofs/nccs-svm1_sw/summit/gcc/9.3.0-2/bin/../libexec/gcc/powerpc64le-unknown-linux-gnu/9.3.0/lto-wrapper
OFFLOAD_TARGET_NAMES=nvptx-none
Target: powerpc64le-unknown-linux-gnu
Configured with: /gpfs/alpine/scratch/belhorn/stf007/builds/gcc-build-9.3.0-3/gcc-9.3.0/configure --prefix=/sw/summit/gcc/9.3.0-3 --enable-offload-targets=nvptx-none --with-cuda-driver-include=/sw/summit/cuda/11.0.3/include --with-cuda-driver-lib=/sw/summit/cuda/11.0.3/lib64 --with-cuda-driver=/sw/summit/cuda/11.0.3 --enable-languages=c,c++,fortran,lto --disable-multilib CFLAGS=-m64
Thread model: posix
gcc version 9.3.0 (GCC) 
COMPILER_PATH=/autofs/nccs-svm1_sw/summit/gcc/9.3.0-2/bin/../libexec/gcc/powerpc64le-unknown-linux-gnu/9.3.0/:/autofs/nccs-svm1_sw/summit/gcc/9.3.0-2/bin/../libexec/gcc/
LIBRARY_PATH=/autofs/nccs-svm1_sw/summit/gcc/9.3.0-2/bin/../lib/gcc/powerpc64le-unknown-linux-gnu/9.3.0/:/autofs/nccs-svm1_sw/summit/gcc/9.3.0-2/bin/../lib/gcc/:/autofs/nccs-svm1_sw/summit/gcc/9.3.0-2/bin/../lib/gcc/powerpc64le-unknown-linux-gnu/9.3.0/../../../../lib64/:/lib/../lib64/:/usr/lib/../lib64/:/sw/summit/spack-envs/base/opt/linux-rhel8-ppc64le/gcc-9.3.0/boost-1.77.0-spk7c7syg7nwq3i2adexfvgjfljmcac3/lib/:/sw/summit/spack-envs/base/opt/linux-rhel8-ppc64le/gcc-9.3.0/spectrum-mpi-10.4.0.3-20210112-6depextb6p6ulrvmehgtbskbmcsyhtdi/lib/:/sw/summit/spack-envs/base/opt/linux-rhel8-ppc64le/gcc-8.3.1/darshan-runtime-3.3.0-mu6tnxlhxfplrq3srkkgi5dvly6wenwy/lib/:/autofs/nccs-svm1_sw/summit/gcc/9.3.0-2/bin/../lib/gcc/powerpc64le-unknown-linux-gnu/9.3.0/../../../:/lib/:/usr/lib/
COLLECT_GCC_OPTIONS='-v' '-o' 'cmTC_fb80d' '-shared-libgcc'
 /autofs/nccs-svm1_sw/summit/gcc/9.3.0-2/bin/../libexec/gcc/powerpc64le-unknown-linux-gnu/9.3.0/collect2 -plugin /autofs/nccs-svm1_sw/summit/gcc/9.3.0-2/bin/../libexec/gcc/powerpc64le-unknown-linux-gnu/9.3.0/liblto_plugin.so -plugin-opt=/autofs/nccs-svm1_sw/summit/gcc/9.3.0-2/bin/../libexec/gcc/powerpc64le-unknown-linux-gnu/9.3.0/lto-wrapper -plugin-opt=-fresolution=/tmp/ccdNy5oX.res -plugin-opt=-pass-through=-lgcc_s -plugin-opt=-pass-through=-lgcc -plugin-opt=-pass-through=-lc -plugin-opt=-pass-through=-lgcc_s -plugin-opt=-pass-through=-lgcc --eh-frame-hdr -V -m elf64lppc -dynamic-linker /lib64/ld64.so.2 -o cmTC_fb80d /lib/../lib64/crt1.o /lib/../lib64/crti.o /autofs/nccs-svm1_sw/summit/gcc/9.3.0-2/bin/../lib/gcc/powerpc64le-unknown-linux-gnu/9.3.0/crtbegin.o -L/autofs/nccs-svm1_sw/summit/gcc/9.3.0-2/bin/../lib/gcc/powerpc64le-unknown-linux-gnu/9.3.0 -L/autofs/nccs-svm1_sw/summit/gcc/9.3.0-2/bin/../lib/gcc -L/autofs/nccs-svm1_sw/summit/gcc/9.3.0-2/bin/../lib/gcc/powerpc64le-unknown-linux-gnu/9.3.0/../../../../lib64 -L/lib/../lib64 -L/usr/lib/../lib64 -L/sw/summit/spack-envs/base/opt/linux-rhel8-ppc64le/gcc-9.3.0/boost-1.77.0-spk7c7syg7nwq3i2adexfvgjfljmcac3/lib -L/sw/summit/spack-envs/base/opt/linux-rhel8-ppc64le/gcc-9.3.0/spectrum-mpi-10.4.0.3-20210112-6depextb6p6ulrvmehgtbskbmcsyhtdi/lib -L/sw/summit/spack-envs/base/opt/linux-rhel8-ppc64le/gcc-8.3.1/darshan-runtime-3.3.0-mu6tnxlhxfplrq3srkkgi5dvly6wenwy/lib -L/autofs/nccs-svm1_sw/summit/gcc/9.3.0-2/bin/../lib/gcc/powerpc64le-unknown-linux-gnu/9.3.0/../../.. CMakeFiles/cmTC_fb80d.dir/CMakeCXXCompilerABI.cpp.o -lstdc++ -lm -lgcc_s -lgcc -lc -lgcc_s -lgcc /autofs/nccs-svm1_sw/summit/gcc/9.3.0-2/bin/../lib/gcc/powerpc64le-unknown-linux-gnu/9.3.0/crtend.o /lib/../lib64/crtn.o
COLLECT_GCC_OPTIONS='-v' '-o' 'cmTC_fb80d' '-shared-libgcc'
gmake[1]: Leaving directory '/gpfs/alpine/chm155/proj-shared/izacharo/hemeLB_HIP/HemePure_GPU-master_hipified_June2022/src_v27_swapPointers_post_hack2022/build/CMakeFiles/CMakeTmp'



Parsed CXX implicit include dir info from above output: rv=done
  found start of include info
  found start of implicit include info
    add: [/sw/summit/spack-envs/base/opt/linux-rhel8-ppc64le/gcc-9.3.0/boost-1.77.0-spk7c7syg7nwq3i2adexfvgjfljmcac3/include]
    add: [/sw/summit/cuda/11.5.2/include]
    add: [/sw/summit/spack-envs/base/opt/linux-rhel8-ppc64le/gcc-9.3.0/spectrum-mpi-10.4.0.3-20210112-6depextb6p6ulrvmehgtbskbmcsyhtdi/include]
    add: [/autofs/nccs-svm1_sw/summit/gcc/9.3.0-2/bin/../lib/gcc/powerpc64le-unknown-linux-gnu/9.3.0/../../../../include/c++/9.3.0]
    add: [/autofs/nccs-svm1_sw/summit/gcc/9.3.0-2/bin/../lib/gcc/powerpc64le-unknown-linux-gnu/9.3.0/../../../../include/c++/9.3.0/powerpc64le-unknown-linux-gnu]
    add: [/autofs/nccs-svm1_sw/summit/gcc/9.3.0-2/bin/../lib/gcc/powerpc64le-unknown-linux-gnu/9.3.0/../../../../include/c++/9.3.0/backward]
    add: [/autofs/nccs-svm1_sw/summit/gcc/9.3.0-2/bin/../lib/gcc/powerpc64le-unknown-linux-gnu/9.3.0/include]
    add: [/autofs/nccs-svm1_sw/summit/gcc/9.3.0-2/bin/../lib/gcc/powerpc64le-unknown-linux-gnu/9.3.0/include-fixed]
    add: [/usr/local/include]
    add: [/autofs/nccs-svm1_sw/summit/gcc/9.3.0-2/bin/../lib/gcc/../../include]
    add: [/usr/include]
  end of search list found
  collapse include dir [/sw/summit/spack-envs/base/opt/linux-rhel8-ppc64le/gcc-9.3.0/boost-1.77.0-spk7c7syg7nwq3i2adexfvgjfljmcac3/include] ==> [/sw/summit/spack-envs/base/opt/linux-rhel8-ppc64le/gcc-9.3.0/boost-1.77.0-spk7c7syg7nwq3i2adexfvgjfljmcac3/include]
  collapse include dir [/sw/summit/cuda/11.5.2/include] ==> [/sw/summit/cuda/11.5.2/include]
  collapse include dir [/sw/summit/spack-envs/base/opt/linux-rhel8-ppc64le/gcc-9.3.0/spectrum-mpi-10.4.0.3-20210112-6depextb6p6ulrvmehgtbskbmcsyhtdi/include] ==> [/sw/summit/spack-envs/base/opt/linux-rhel8-ppc64le/gcc-9.3.0/spectrum-mpi-10.4.0.3-20210112-6depextb6p6ulrvmehgtbskbmcsyhtdi/include]
  collapse include dir [/autofs/nccs-svm1_sw/summit/gcc/9.3.0-2/bin/../lib/gcc/powerpc64le-unknown-linux-gnu/9.3.0/../../../../include/c++/9.3.0] ==> [/autofs/nccs-svm1_sw/summit/gcc/9.3.0-2/include/c++/9.3.0]
  collapse include dir [/autofs/nccs-svm1_sw/summit/gcc/9.3.0-2/bin/../lib/gcc/powerpc64le-unknown-linux-gnu/9.3.0/../../../../include/c++/9.3.0/powerpc64le-unknown-linux-gnu] ==> [/autofs/nccs-svm1_sw/summit/gcc/9.3.0-2/include/c++/9.3.0/powerpc64le-unknown-linux-gnu]
  collapse include dir [/autofs/nccs-svm1_sw/summit/gcc/9.3.0-2/bin/../lib/gcc/powerpc64le-unknown-linux-gnu/9.3.0/../../../../include/c++/9.3.0/backward] ==> [/autofs/nccs-svm1_sw/summit/gcc/9.3.0-2/include/c++/9.3.0/backward]
  collapse include dir [/autofs/nccs-svm1_sw/summit/gcc/9.3.0-2/bin/../lib/gcc/powerpc64le-unknown-linux-gnu/9.3.0/include] ==> [/autofs/nccs-svm1_sw/summit/gcc/9.3.0-2/lib/gcc/powerpc64le-unknown-linux-gnu/9.3.0/include]
  collapse include dir [/autofs/nccs-svm1_sw/summit/gcc/9.3.0-2/bin/../lib/gcc/powerpc64le-unknown-linux-gnu/9.3.0/include-fixed] ==> [/autofs/nccs-svm1_sw/summit/gcc/9.3.0-2/lib/gcc/powerpc64le-unknown-linux-gnu/9.3.0/include-fixed]
  collapse include dir [/usr/local/include] ==> [/usr/local/include]
  collapse include dir [/autofs/nccs-svm1_sw/summit/gcc/9.3.0-2/bin/../lib/gcc/../../include] ==> [/autofs/nccs-svm1_sw/summit/gcc/9.3.0-2/include]
  collapse include dir [/usr/include] ==> [/usr/include]
  implicit include dirs: [/sw/summit/spack-envs/base/opt/linux-rhel8-ppc64le/gcc-9.3.0/boost-1.77.0-spk7c7syg7nwq3i2adexfvgjfljmcac3/include;/sw/summit/cuda/11.5.2/include;/sw/summit/spack-envs/base/opt/linux-rhel8-ppc64le/gcc-9.3.0/spectrum-mpi-10.4.0.3-20210112-6depextb6p6ulrvmehgtbskbmcsyhtdi/include;/autofs/nccs-svm1_sw/summit/gcc/9.3.0-2/include/c++/9.3.0;/autofs/nccs-svm1_sw/summit/gcc/9.3.0-2/include/c++/9.3.0/powerpc64le-unknown-linux-gnu;/autofs/nccs-svm1_sw/summit/gcc/9.3.0-2/include/c++/9.3.0/backward;/autofs/nccs-svm1_sw/summit/gcc/9.3.0-2/lib/gcc/powerpc64le-unknown-linux-gnu/9.3.0/include;/autofs/nccs-svm1_sw/summit/gcc/9.3.0-2/lib/gcc/powerpc64le-unknown-linux-gnu/9.3.0/include-fixed;/usr/local/include;/autofs/nccs-svm1_sw/summit/gcc/9.3.0-2/include;/usr/include]


Parsed CXX implicit link information from above output:
  link line regex: [^( *|.*[/\])(ld|CMAKE_LINK_STARTFILE-NOTFOUND|([^/\]+-)?ld|collect2)[^/\]*( |$)]
  ignore line: [Change Dir: /gpfs/alpine/proj-shared/chm155/izacharo/hemeLB_HIP/HemePure_GPU-master_hipified_June2022/src_v27_swapPointers_post_hack2022/build/CMakeFiles/CMakeTmp]
  ignore line: []
  ignore line: [Run Build Command(s):/usr/bin/gmake -f Makefile cmTC_fb80d/fast && /usr/bin/gmake  -f CMakeFiles/cmTC_fb80d.dir/build.make CMakeFiles/cmTC_fb80d.dir/build]
  ignore line: [gmake[1]: Entering directory '/gpfs/alpine/chm155/proj-shared/izacharo/hemeLB_HIP/HemePure_GPU-master_hipified_June2022/src_v27_swapPointers_post_hack2022/build/CMakeFiles/CMakeTmp']
  ignore line: [Building CXX object CMakeFiles/cmTC_fb80d.dir/CMakeCXXCompilerABI.cpp.o]
  ignore line: [/sw/summit/gcc/9.3.0-2/bin/g++   -v -o CMakeFiles/cmTC_fb80d.dir/CMakeCXXCompilerABI.cpp.o -c /autofs/nccs-svm1_sw/summit/spack-envs/base/opt/linux-rhel8-ppc64le/gcc-9.3.0/cmake-3.21.3-5ufcufnkyw5xxspnuotfgqsdx7r4babk/share/cmake-3.21/Modules/CMakeCXXCompilerABI.cpp]
  ignore line: [Using built-in specs.]
  ignore line: [COLLECT_GCC=/sw/summit/gcc/9.3.0-2/bin/g++]
  ignore line: [OFFLOAD_TARGET_NAMES=nvptx-none]
  ignore line: [Target: powerpc64le-unknown-linux-gnu]
  ignore line: [Configured with: /gpfs/alpine/scratch/belhorn/stf007/builds/gcc-build-9.3.0-3/gcc-9.3.0/configure --prefix=/sw/summit/gcc/9.3.0-3 --enable-offload-targets=nvptx-none --with-cuda-driver-include=/sw/summit/cuda/11.0.3/include --with-cuda-driver-lib=/sw/summit/cuda/11.0.3/lib64 --with-cuda-driver=/sw/summit/cuda/11.0.3 --enable-languages=c c++ fortran lto --disable-multilib CFLAGS=-m64]
  ignore line: [Thread model: posix]
  ignore line: [gcc version 9.3.0 (GCC) ]
  ignore line: [COLLECT_GCC_OPTIONS='-v' '-o' 'CMakeFiles/cmTC_fb80d.dir/CMakeCXXCompilerABI.cpp.o' '-c' '-shared-libgcc']
  ignore line: [ /autofs/nccs-svm1_sw/summit/gcc/9.3.0-2/bin/../libexec/gcc/powerpc64le-unknown-linux-gnu/9.3.0/cc1plus -quiet -v -iprefix /autofs/nccs-svm1_sw/summit/gcc/9.3.0-2/bin/../lib/gcc/powerpc64le-unknown-linux-gnu/9.3.0/ -D_GNU_SOURCE /autofs/nccs-svm1_sw/summit/spack-envs/base/opt/linux-rhel8-ppc64le/gcc-9.3.0/cmake-3.21.3-5ufcufnkyw5xxspnuotfgqsdx7r4babk/share/cmake-3.21/Modules/CMakeCXXCompilerABI.cpp -quiet -dumpbase CMakeCXXCompilerABI.cpp -auxbase-strip CMakeFiles/cmTC_fb80d.dir/CMakeCXXCompilerABI.cpp.o -version -o /tmp/ccUEG65V.s]
  ignore line: [GNU C++14 (GCC) version 9.3.0 (powerpc64le-unknown-linux-gnu)]
  ignore line: [	compiled by GNU C version 9.3.0  GMP version 6.1.0  MPFR version 3.1.4  MPC version 1.0.3  isl version isl-0.18-GMP]
  ignore line: []
  ignore line: [GGC heuristics: --param ggc-min-expand=100 --param ggc-min-heapsize=131072]
  ignore line: [ignoring nonexistent directory "/autofs/nccs-svm1_sw/summit/gcc/9.3.0-2/bin/../lib/gcc/powerpc64le-unknown-linux-gnu/9.3.0/../../../../powerpc64le-unknown-linux-gnu/include"]
  ignore line: [ignoring duplicate directory "/autofs/nccs-svm1_sw/summit/gcc/9.3.0-2/bin/../lib/gcc/../../lib/gcc/powerpc64le-unknown-linux-gnu/9.3.0/../../../../include/c++/9.3.0"]
  ignore line: [ignoring duplicate directory "/autofs/nccs-svm1_sw/summit/gcc/9.3.0-2/bin/../lib/gcc/../../lib/gcc/powerpc64le-unknown-linux-gnu/9.3.0/../../../../include/c++/9.3.0/powerpc64le-unknown-linux-gnu"]
  ignore line: [ignoring duplicate directory "/autofs/nccs-svm1_sw/summit/gcc/9.3.0-2/bin/../lib/gcc/../../lib/gcc/powerpc64le-unknown-linux-gnu/9.3.0/../../../../include/c++/9.3.0/backward"]
  ignore line: [ignoring duplicate directory "/autofs/nccs-svm1_sw/summit/gcc/9.3.0-2/bin/../lib/gcc/../../lib/gcc/powerpc64le-unknown-linux-gnu/9.3.0/include"]
  ignore line: [ignoring duplicate directory "/autofs/nccs-svm1_sw/summit/gcc/9.3.0-2/bin/../lib/gcc/../../lib/gcc/powerpc64le-unknown-linux-gnu/9.3.0/include-fixed"]
  ignore line: [ignoring nonexistent directory "/autofs/nccs-svm1_sw/summit/gcc/9.3.0-2/bin/../lib/gcc/../../lib/gcc/powerpc64le-unknown-linux-gnu/9.3.0/../../../../powerpc64le-unknown-linux-gnu/include"]
  ignore line: [#include "..." search starts here:]
  ignore line: [#include <...> search starts here:]
  ignore line: [ /sw/summit/spack-envs/base/opt/linux-rhel8-ppc64le/gcc-9.3.0/boost-1.77.0-spk7c7syg7nwq3i2adexfvgjfljmcac3/include]
  ignore line: [ /sw/summit/cuda/11.5.2/include]
  ignore line: [ /sw/summit/spack-envs/base/opt/linux-rhel8-ppc64le/gcc-9.3.0/spectrum-mpi-10.4.0.3-20210112-6depextb6p6ulrvmehgtbskbmcsyhtdi/include]
  ignore line: [ /autofs/nccs-svm1_sw/summit/gcc/9.3.0-2/bin/../lib/gcc/powerpc64le-unknown-linux-gnu/9.3.0/../../../../include/c++/9.3.0]
  ignore line: [ /autofs/nccs-svm1_sw/summit/gcc/9.3.0-2/bin/../lib/gcc/powerpc64le-unknown-linux-gnu/9.3.0/../../../../include/c++/9.3.0/powerpc64le-unknown-linux-gnu]
  ignore line: [ /autofs/nccs-svm1_sw/summit/gcc/9.3.0-2/bin/../lib/gcc/powerpc64le-unknown-linux-gnu/9.3.0/../../../../include/c++/9.3.0/backward]
  ignore line: [ /autofs/nccs-svm1_sw/summit/gcc/9.3.0-2/bin/../lib/gcc/powerpc64le-unknown-linux-gnu/9.3.0/include]
  ignore line: [ /autofs/nccs-svm1_sw/summit/gcc/9.3.0-2/bin/../lib/gcc/powerpc64le-unknown-linux-gnu/9.3.0/include-fixed]
  ignore line: [ /usr/local/include]
  ignore line: [ /autofs/nccs-svm1_sw/summit/gcc/9.3.0-2/bin/../lib/gcc/../../include]
  ignore line: [ /usr/include]
  ignore line: [End of search list.]
  ignore line: [GNU C++14 (GCC) version 9.3.0 (powerpc64le-unknown-linux-gnu)]
  ignore line: [	compiled by GNU C version 9.3.0  GMP version 6.1.0  MPFR version 3.1.4  MPC version 1.0.3  isl version isl-0.18-GMP]
  ignore line: []
  ignore line: [GGC heuristics: --param ggc-min-expand=100 --param ggc-min-heapsize=131072]
  ignore line: [Compiler executable checksum: c15ed6e2c35151c8c02118df9948b5e4]
  ignore line: [COLLECT_GCC_OPTIONS='-v' '-o' 'CMakeFiles/cmTC_fb80d.dir/CMakeCXXCompilerABI.cpp.o' '-c' '-shared-libgcc']
  ignore line: [ as -v -a64 -mppc64 -many -mlittle -o CMakeFiles/cmTC_fb80d.dir/CMakeCXXCompilerABI.cpp.o /tmp/ccUEG65V.s]
  ignore line: [GNU assembler version 2.30 (ppc64le-redhat-linux) using BFD version version 2.30-73.el8]
  ignore line: [COMPILER_PATH=/autofs/nccs-svm1_sw/summit/gcc/9.3.0-2/bin/../libexec/gcc/powerpc64le-unknown-linux-gnu/9.3.0/:/autofs/nccs-svm1_sw/summit/gcc/9.3.0-2/bin/../libexec/gcc/]
  ignore line: [LIBRARY_PATH=/autofs/nccs-svm1_sw/summit/gcc/9.3.0-2/bin/../lib/gcc/powerpc64le-unknown-linux-gnu/9.3.0/:/autofs/nccs-svm1_sw/summit/gcc/9.3.0-2/bin/../lib/gcc/:/autofs/nccs-svm1_sw/summit/gcc/9.3.0-2/bin/../lib/gcc/powerpc64le-unknown-linux-gnu/9.3.0/../../../../lib64/:/lib/../lib64/:/usr/lib/../lib64/:/sw/summit/spack-envs/base/opt/linux-rhel8-ppc64le/gcc-9.3.0/boost-1.77.0-spk7c7syg7nwq3i2adexfvgjfljmcac3/lib/:/sw/summit/spack-envs/base/opt/linux-rhel8-ppc64le/gcc-9.3.0/spectrum-mpi-10.4.0.3-20210112-6depextb6p6ulrvmehgtbskbmcsyhtdi/lib/:/sw/summit/spack-envs/base/opt/linux-rhel8-ppc64le/gcc-8.3.1/darshan-runtime-3.3.0-mu6tnxlhxfplrq3srkkgi5dvly6wenwy/lib/:/autofs/nccs-svm1_sw/summit/gcc/9.3.0-2/bin/../lib/gcc/powerpc64le-unknown-linux-gnu/9.3.0/../../../:/lib/:/usr/lib/]
  ignore line: [COLLECT_GCC_OPTIONS='-v' '-o' 'CMakeFiles/cmTC_fb80d.dir/CMakeCXXCompilerABI.cpp.o' '-c' '-shared-libgcc']
  ignore line: [Linking CXX executable cmTC_fb80d]
  ignore line: [/autofs/nccs-svm1_sw/summit/spack-envs/base/opt/linux-rhel8-ppc64le/gcc-9.3.0/cmake-3.21.3-5ufcufnkyw5xxspnuotfgqsdx7r4babk/bin/cmake -E cmake_link_script CMakeFiles/cmTC_fb80d.dir/link.txt --verbose=1]
  ignore line: [/sw/summit/gcc/9.3.0-2/bin/g++  -v CMakeFiles/cmTC_fb80d.dir/CMakeCXXCompilerABI.cpp.o -o cmTC_fb80d ]
  ignore line: [Using built-in specs.]
  ignore line: [COLLECT_GCC=/sw/summit/gcc/9.3.0-2/bin/g++]
  ignore line: [COLLECT_LTO_WRAPPER=/autofs/nccs-svm1_sw/summit/gcc/9.3.0-2/bin/../libexec/gcc/powerpc64le-unknown-linux-gnu/9.3.0/lto-wrapper]
  ignore line: [OFFLOAD_TARGET_NAMES=nvptx-none]
  ignore line: [Target: powerpc64le-unknown-linux-gnu]
  ignore line: [Configured with: /gpfs/alpine/scratch/belhorn/stf007/builds/gcc-build-9.3.0-3/gcc-9.3.0/configure --prefix=/sw/summit/gcc/9.3.0-3 --enable-offload-targets=nvptx-none --with-cuda-driver-include=/sw/summit/cuda/11.0.3/include --with-cuda-driver-lib=/sw/summit/cuda/11.0.3/lib64 --with-cuda-driver=/sw/summit/cuda/11.0.3 --enable-languages=c c++ fortran lto --disable-multilib CFLAGS=-m64]
  ignore line: [Thread model: posix]
  ignore line: [gcc version 9.3.0 (GCC) ]
  ignore line: [COMPILER_PATH=/autofs/nccs-svm1_sw/summit/gcc/9.3.0-2/bin/../libexec/gcc/powerpc64le-unknown-linux-gnu/9.3.0/:/autofs/nccs-svm1_sw/summit/gcc/9.3.0-2/bin/../libexec/gcc/]
  ignore line: [LIBRARY_PATH=/autofs/nccs-svm1_sw/summit/gcc/9.3.0-2/bin/../lib/gcc/powerpc64le-unknown-linux-gnu/9.3.0/:/autofs/nccs-svm1_sw/summit/gcc/9.3.0-2/bin/../lib/gcc/:/autofs/nccs-svm1_sw/summit/gcc/9.3.0-2/bin/../lib/gcc/powerpc64le-unknown-linux-gnu/9.3.0/../../../../lib64/:/lib/../lib64/:/usr/lib/../lib64/:/sw/summit/spack-envs/base/opt/linux-rhel8-ppc64le/gcc-9.3.0/boost-1.77.0-spk7c7syg7nwq3i2adexfvgjfljmcac3/lib/:/sw/summit/spack-envs/base/opt/linux-rhel8-ppc64le/gcc-9.3.0/spectrum-mpi-10.4.0.3-20210112-6depextb6p6ulrvmehgtbskbmcsyhtdi/lib/:/sw/summit/spack-envs/base/opt/linux-rhel8-ppc64le/gcc-8.3.1/darshan-runtime-3.3.0-mu6tnxlhxfplrq3srkkgi5dvly6wenwy/lib/:/autofs/nccs-svm1_sw/summit/gcc/9.3.0-2/bin/../lib/gcc/powerpc64le-unknown-linux-gnu/9.3.0/../../../:/lib/:/usr/lib/]
  ignore line: [COLLECT_GCC_OPTIONS='-v' '-o' 'cmTC_fb80d' '-shared-libgcc']
  link line: [ /autofs/nccs-svm1_sw/summit/gcc/9.3.0-2/bin/../libexec/gcc/powerpc64le-unknown-linux-gnu/9.3.0/collect2 -plugin /autofs/nccs-svm1_sw/summit/gcc/9.3.0-2/bin/../libexec/gcc/powerpc64le-unknown-linux-gnu/9.3.0/liblto_plugin.so -plugin-opt=/autofs/nccs-svm1_sw/summit/gcc/9.3.0-2/bin/../libexec/gcc/powerpc64le-unknown-linux-gnu/9.3.0/lto-wrapper -plugin-opt=-fresolution=/tmp/ccdNy5oX.res -plugin-opt=-pass-through=-lgcc_s -plugin-opt=-pass-through=-lgcc -plugin-opt=-pass-through=-lc -plugin-opt=-pass-through=-lgcc_s -plugin-opt=-pass-through=-lgcc --eh-frame-hdr -V -m elf64lppc -dynamic-linker /lib64/ld64.so.2 -o cmTC_fb80d /lib/../lib64/crt1.o /lib/../lib64/crti.o /autofs/nccs-svm1_sw/summit/gcc/9.3.0-2/bin/../lib/gcc/powerpc64le-unknown-linux-gnu/9.3.0/crtbegin.o -L/autofs/nccs-svm1_sw/summit/gcc/9.3.0-2/bin/../lib/gcc/powerpc64le-unknown-linux-gnu/9.3.0 -L/autofs/nccs-svm1_sw/summit/gcc/9.3.0-2/bin/../lib/gcc -L/autofs/nccs-svm1_sw/summit/gcc/9.3.0-2/bin/../lib/gcc/powerpc64le-unknown-linux-gnu/9.3.0/../../../../lib64 -L/lib/../lib64 -L/usr/lib/../lib64 -L/sw/summit/spack-envs/base/opt/linux-rhel8-ppc64le/gcc-9.3.0/boost-1.77.0-spk7c7syg7nwq3i2adexfvgjfljmcac3/lib -L/sw/summit/spack-envs/base/opt/linux-rhel8-ppc64le/gcc-9.3.0/spectrum-mpi-10.4.0.3-20210112-6depextb6p6ulrvmehgtbskbmcsyhtdi/lib -L/sw/summit/spack-envs/base/opt/linux-rhel8-ppc64le/gcc-8.3.1/darshan-runtime-3.3.0-mu6tnxlhxfplrq3srkkgi5dvly6wenwy/lib -L/autofs/nccs-svm1_sw/summit/gcc/9.3.0-2/bin/../lib/gcc/powerpc64le-unknown-linux-gnu/9.3.0/../../.. CMakeFiles/cmTC_fb80d.dir/CMakeCXXCompilerABI.cpp.o -lstdc++ -lm -lgcc_s -lgcc -lc -lgcc_s -lgcc /autofs/nccs-svm1_sw/summit/gcc/9.3.0-2/bin/../lib/gcc/powerpc64le-unknown-linux-gnu/9.3.0/crtend.o /lib/../lib64/crtn.o]
    arg [/autofs/nccs-svm1_sw/summit/gcc/9.3.0-2/bin/../libexec/gcc/powerpc64le-unknown-linux-gnu/9.3.0/collect2] ==> ignore
    arg [-plugin] ==> ignore
    arg [/autofs/nccs-svm1_sw/summit/gcc/9.3.0-2/bin/../libexec/gcc/powerpc64le-unknown-linux-gnu/9.3.0/liblto_plugin.so] ==> ignore
    arg [-plugin-opt=/autofs/nccs-svm1_sw/summit/gcc/9.3.0-2/bin/../libexec/gcc/powerpc64le-unknown-linux-gnu/9.3.0/lto-wrapper] ==> ignore
    arg [-plugin-opt=-fresolution=/tmp/ccdNy5oX.res] ==> ignore
    arg [-plugin-opt=-pass-through=-lgcc_s] ==> ignore
    arg [-plugin-opt=-pass-through=-lgcc] ==> ignore
    arg [-plugin-opt=-pass-through=-lc] ==> ignore
    arg [-plugin-opt=-pass-through=-lgcc_s] ==> ignore
    arg [-plugin-opt=-pass-through=-lgcc] ==> ignore
    arg [--eh-frame-hdr] ==> ignore
    arg [-V] ==> ignore
    arg [-m] ==> ignore
    arg [elf64lppc] ==> ignore
    arg [-dynamic-linker] ==> ignore
    arg [/lib64/ld64.so.2] ==> ignore
    arg [-o] ==> ignore
    arg [cmTC_fb80d] ==> ignore
    arg [/lib/../lib64/crt1.o] ==> obj [/lib/../lib64/crt1.o]
    arg [/lib/../lib64/crti.o] ==> obj [/lib/../lib64/crti.o]
    arg [/autofs/nccs-svm1_sw/summit/gcc/9.3.0-2/bin/../lib/gcc/powerpc64le-unknown-linux-gnu/9.3.0/crtbegin.o] ==> obj [/autofs/nccs-svm1_sw/summit/gcc/9.3.0-2/bin/../lib/gcc/powerpc64le-unknown-linux-gnu/9.3.0/crtbegin.o]
    arg [-L/autofs/nccs-svm1_sw/summit/gcc/9.3.0-2/bin/../lib/gcc/powerpc64le-unknown-linux-gnu/9.3.0] ==> dir [/autofs/nccs-svm1_sw/summit/gcc/9.3.0-2/bin/../lib/gcc/powerpc64le-unknown-linux-gnu/9.3.0]
    arg [-L/autofs/nccs-svm1_sw/summit/gcc/9.3.0-2/bin/../lib/gcc] ==> dir [/autofs/nccs-svm1_sw/summit/gcc/9.3.0-2/bin/../lib/gcc]
    arg [-L/autofs/nccs-svm1_sw/summit/gcc/9.3.0-2/bin/../lib/gcc/powerpc64le-unknown-linux-gnu/9.3.0/../../../../lib64] ==> dir [/autofs/nccs-svm1_sw/summit/gcc/9.3.0-2/bin/../lib/gcc/powerpc64le-unknown-linux-gnu/9.3.0/../../../../lib64]
    arg [-L/lib/../lib64] ==> dir [/lib/../lib64]
    arg [-L/usr/lib/../lib64] ==> dir [/usr/lib/../lib64]
    arg [-L/sw/summit/spack-envs/base/opt/linux-rhel8-ppc64le/gcc-9.3.0/boost-1.77.0-spk7c7syg7nwq3i2adexfvgjfljmcac3/lib] ==> dir [/sw/summit/spack-envs/base/opt/linux-rhel8-ppc64le/gcc-9.3.0/boost-1.77.0-spk7c7syg7nwq3i2adexfvgjfljmcac3/lib]
    arg [-L/sw/summit/spack-envs/base/opt/linux-rhel8-ppc64le/gcc-9.3.0/spectrum-mpi-10.4.0.3-20210112-6depextb6p6ulrvmehgtbskbmcsyhtdi/lib] ==> dir [/sw/summit/spack-envs/base/opt/linux-rhel8-ppc64le/gcc-9.3.0/spectrum-mpi-10.4.0.3-20210112-6depextb6p6ulrvmehgtbskbmcsyhtdi/lib]
    arg [-L/sw/summit/spack-envs/base/opt/linux-rhel8-ppc64le/gcc-8.3.1/darshan-runtime-3.3.0-mu6tnxlhxfplrq3srkkgi5dvly6wenwy/lib] ==> dir [/sw/summit/spack-envs/base/opt/linux-rhel8-ppc64le/gcc-8.3.1/darshan-runtime-3.3.0-mu6tnxlhxfplrq3srkkgi5dvly6wenwy/lib]
    arg [-L/autofs/nccs-svm1_sw/summit/gcc/9.3.0-2/bin/../lib/gcc/powerpc64le-unknown-linux-gnu/9.3.0/../../..] ==> dir [/autofs/nccs-svm1_sw/summit/gcc/9.3.0-2/bin/../lib/gcc/powerpc64le-unknown-linux-gnu/9.3.0/../../..]
    arg [CMakeFiles/cmTC_fb80d.dir/CMakeCXXCompilerABI.cpp.o] ==> ignore
    arg [-lstdc++] ==> lib [stdc++]
    arg [-lm] ==> lib [m]
    arg [-lgcc_s] ==> lib [gcc_s]
    arg [-lgcc] ==> lib [gcc]
    arg [-lc] ==> lib [c]
    arg [-lgcc_s] ==> lib [gcc_s]
    arg [-lgcc] ==> lib [gcc]
    arg [/autofs/nccs-svm1_sw/summit/gcc/9.3.0-2/bin/../lib/gcc/powerpc64le-unknown-linux-gnu/9.3.0/crtend.o] ==> obj [/autofs/nccs-svm1_sw/summit/gcc/9.3.0-2/bin/../lib/gcc/powerpc64le-unknown-linux-gnu/9.3.0/crtend.o]
    arg [/lib/../lib64/crtn.o] ==> obj [/lib/../lib64/crtn.o]
  collapse obj [/lib/../lib64/crt1.o] ==> [/lib64/crt1.o]
  collapse obj [/lib/../lib64/crti.o] ==> [/lib64/crti.o]
  collapse obj [/autofs/nccs-svm1_sw/summit/gcc/9.3.0-2/bin/../lib/gcc/powerpc64le-unknown-linux-gnu/9.3.0/crtbegin.o] ==> [/autofs/nccs-svm1_sw/summit/gcc/9.3.0-2/lib/gcc/powerpc64le-unknown-linux-gnu/9.3.0/crtbegin.o]
  collapse obj [/autofs/nccs-svm1_sw/summit/gcc/9.3.0-2/bin/../lib/gcc/powerpc64le-unknown-linux-gnu/9.3.0/crtend.o] ==> [/autofs/nccs-svm1_sw/summit/gcc/9.3.0-2/lib/gcc/powerpc64le-unknown-linux-gnu/9.3.0/crtend.o]
  collapse obj [/lib/../lib64/crtn.o] ==> [/lib64/crtn.o]
  collapse library dir [/autofs/nccs-svm1_sw/summit/gcc/9.3.0-2/bin/../lib/gcc/powerpc64le-unknown-linux-gnu/9.3.0] ==> [/autofs/nccs-svm1_sw/summit/gcc/9.3.0-2/lib/gcc/powerpc64le-unknown-linux-gnu/9.3.0]
  collapse library dir [/autofs/nccs-svm1_sw/summit/gcc/9.3.0-2/bin/../lib/gcc] ==> [/autofs/nccs-svm1_sw/summit/gcc/9.3.0-2/lib/gcc]
  collapse library dir [/autofs/nccs-svm1_sw/summit/gcc/9.3.0-2/bin/../lib/gcc/powerpc64le-unknown-linux-gnu/9.3.0/../../../../lib64] ==> [/autofs/nccs-svm1_sw/summit/gcc/9.3.0-2/lib64]
  collapse library dir [/lib/../lib64] ==> [/lib64]
  collapse library dir [/usr/lib/../lib64] ==> [/usr/lib64]
  collapse library dir [/sw/summit/spack-envs/base/opt/linux-rhel8-ppc64le/gcc-9.3.0/boost-1.77.0-spk7c7syg7nwq3i2adexfvgjfljmcac3/lib] ==> [/sw/summit/spack-envs/base/opt/linux-rhel8-ppc64le/gcc-9.3.0/boost-1.77.0-spk7c7syg7nwq3i2adexfvgjfljmcac3/lib]
  collapse library dir [/sw/summit/spack-envs/base/opt/linux-rhel8-ppc64le/gcc-9.3.0/spectrum-mpi-10.4.0.3-20210112-6depextb6p6ulrvmehgtbskbmcsyhtdi/lib] ==> [/sw/summit/spack-envs/base/opt/linux-rhel8-ppc64le/gcc-9.3.0/spectrum-mpi-10.4.0.3-20210112-6depextb6p6ulrvmehgtbskbmcsyhtdi/lib]
  collapse library dir [/sw/summit/spack-envs/base/opt/linux-rhel8-ppc64le/gcc-8.3.1/darshan-runtime-3.3.0-mu6tnxlhxfplrq3srkkgi5dvly6wenwy/lib] ==> [/sw/summit/spack-envs/base/opt/linux-rhel8-ppc64le/gcc-8.3.1/darshan-runtime-3.3.0-mu6tnxlhxfplrq3srkkgi5dvly6wenwy/lib]
  collapse library dir [/autofs/nccs-svm1_sw/summit/gcc/9.3.0-2/bin/../lib/gcc/powerpc64le-unknown-linux-gnu/9.3.0/../../..] ==> [/autofs/nccs-svm1_sw/summit/gcc/9.3.0-2/lib]
  implicit libs: [stdc++;m;gcc_s;gcc;c;gcc_s;gcc]
  implicit objs: [/lib64/crt1.o;/lib64/crti.o;/autofs/nccs-svm1_sw/summit/gcc/9.3.0-2/lib/gcc/powerpc64le-unknown-linux-gnu/9.3.0/crtbegin.o;/autofs/nccs-svm1_sw/summit/gcc/9.3.0-2/lib/gcc/powerpc64le-unknown-linux-gnu/9.3.0/crtend.o;/lib64/crtn.o]
  implicit dirs: [/autofs/nccs-svm1_sw/summit/gcc/9.3.0-2/lib/gcc/powerpc64le-unknown-linux-gnu/9.3.0;/autofs/nccs-svm1_sw/summit/gcc/9.3.0-2/lib/gcc;/autofs/nccs-svm1_sw/summit/gcc/9.3.0-2/lib64;/lib64;/usr/lib64;/sw/summit/spack-envs/base/opt/linux-rhel8-ppc64le/gcc-9.3.0/boost-1.77.0-spk7c7syg7nwq3i2adexfvgjfljmcac3/lib;/sw/summit/spack-envs/base/opt/linux-rhel8-ppc64le/gcc-9.3.0/spectrum-mpi-10.4.0.3-20210112-6depextb6p6ulrvmehgtbskbmcsyhtdi/lib;/sw/summit/spack-envs/base/opt/linux-rhel8-ppc64le/gcc-8.3.1/darshan-runtime-3.3.0-mu6tnxlhxfplrq3srkkgi5dvly6wenwy/lib;/autofs/nccs-svm1_sw/summit/gcc/9.3.0-2/lib]
  implicit fwks: []


Performing C++ SOURCE FILE Test HAVE_RUSAGE succeeded with the following output:
Change Dir: /gpfs/alpine/proj-shared/chm155/izacharo/hemeLB_HIP/HemePure_GPU-master_hipified_June2022/src_v27_swapPointers_post_hack2022/build/CMakeFiles/CMakeTmp

Run Build Command(s):/usr/bin/gmake -f Makefile cmTC_8f057/fast && /usr/bin/gmake  -f CMakeFiles/cmTC_8f057.dir/build.make CMakeFiles/cmTC_8f057.dir/build
gmake[1]: Entering directory '/gpfs/alpine/chm155/proj-shared/izacharo/hemeLB_HIP/HemePure_GPU-master_hipified_June2022/src_v27_swapPointers_post_hack2022/build/CMakeFiles/CMakeTmp'
Building CXX object CMakeFiles/cmTC_8f057.dir/src.cxx.o
/sw/summit/gcc/9.3.0-2/bin/g++ -DHAVE_RUSAGE -I/usr/include/tirpc -Wno-deprecated-declarations -O3  -o CMakeFiles/cmTC_8f057.dir/src.cxx.o -c /gpfs/alpine/proj-shared/chm155/izacharo/hemeLB_HIP/HemePure_GPU-master_hipified_June2022/src_v27_swapPointers_post_hack2022/build/CMakeFiles/CMakeTmp/src.cxx
Linking CXX executable cmTC_8f057
/autofs/nccs-svm1_sw/summit/spack-envs/base/opt/linux-rhel8-ppc64le/gcc-9.3.0/cmake-3.21.3-5ufcufnkyw5xxspnuotfgqsdx7r4babk/bin/cmake -E cmake_link_script CMakeFiles/cmTC_8f057.dir/link.txt --verbose=1
/sw/summit/gcc/9.3.0-2/bin/g++  -Wno-deprecated-declarations -O3  CMakeFiles/cmTC_8f057.dir/src.cxx.o -o cmTC_8f057  /usr/lib64/libtirpc.so 
gmake[1]: Leaving directory '/gpfs/alpine/chm155/proj-shared/izacharo/hemeLB_HIP/HemePure_GPU-master_hipified_June2022/src_v27_swapPointers_post_hack2022/build/CMakeFiles/CMakeTmp'


Source file was:
#include <sys/time.h>
#include <sys/resource.h>
int main(int c,char** v){ rusage usage;
getrusage(RUSAGE_SELF, &usage);
return usage.ru_maxrss; }
Performing C++ SOURCE FILE Test HAVE_XDRUINTXX_T succeeded with the following output:
Change Dir: /gpfs/alpine/proj-shared/chm155/izacharo/hemeLB_HIP/HemePure_GPU-master_hipified_June2022/src_v27_swapPointers_post_hack2022/build/CMakeFiles/CMakeTmp

Run Build Command(s):/usr/bin/gmake -f Makefile cmTC_2e66e/fast && /usr/bin/gmake  -f CMakeFiles/cmTC_2e66e.dir/build.make CMakeFiles/cmTC_2e66e.dir/build
gmake[1]: Entering directory '/gpfs/alpine/chm155/proj-shared/izacharo/hemeLB_HIP/HemePure_GPU-master_hipified_June2022/src_v27_swapPointers_post_hack2022/build/CMakeFiles/CMakeTmp'
Building CXX object CMakeFiles/cmTC_2e66e.dir/src.cxx.o
/sw/summit/gcc/9.3.0-2/bin/g++ -DHAVE_XDRUINTXX_T -I/usr/include/tirpc -Wno-deprecated-declarations -O3  -o CMakeFiles/cmTC_2e66e.dir/src.cxx.o -c /gpfs/alpine/proj-shared/chm155/izacharo/hemeLB_HIP/HemePure_GPU-master_hipified_June2022/src_v27_swapPointers_post_hack2022/build/CMakeFiles/CMakeTmp/src.cxx
Linking CXX executable cmTC_2e66e
/autofs/nccs-svm1_sw/summit/spack-envs/base/opt/linux-rhel8-ppc64le/gcc-9.3.0/cmake-3.21.3-5ufcufnkyw5xxspnuotfgqsdx7r4babk/bin/cmake -E cmake_link_script CMakeFiles/cmTC_2e66e.dir/link.txt --verbose=1
/sw/summit/gcc/9.3.0-2/bin/g++  -Wno-deprecated-declarations -O3  CMakeFiles/cmTC_2e66e.dir/src.cxx.o -o cmTC_2e66e  /usr/lib64/libtirpc.so 
gmake[1]: Leaving directory '/gpfs/alpine/chm155/proj-shared/izacharo/hemeLB_HIP/HemePure_GPU-master_hipified_June2022/src_v27_swapPointers_post_hack2022/build/CMakeFiles/CMakeTmp'


Source file was:

#include <stdint.h>
#include <rpc/types.h>
#include <rpc/xdr.h>
int main(int count, char** v){
	char buffer[15] = "aaaaaaaaaaaaa";
	XDR xdr;
	xdrmem_create(&xdr, buffer, 32, XDR_ENCODE);
	uint16_t a;
	uint32_t b;
	uint64_t c;
	xdr_uint16_t(&xdr, &a);
	xdr_uint32_t(&xdr, &b);
	xdr_uint64_t(&xdr, &c);
	return b;
}
Performing C++ SOURCE FILE Test HAVE_CONSTCORRECTMPI succeeded with the following output:
Change Dir: /gpfs/alpine/proj-shared/chm155/izacharo/hemeLB_HIP/HemePure_GPU-master_hipified_June2022/src_v27_swapPointers_post_hack2022/build/CMakeFiles/CMakeTmp

Run Build Command(s):/usr/bin/gmake -f Makefile cmTC_13505/fast && /usr/bin/gmake  -f CMakeFiles/cmTC_13505.dir/build.make CMakeFiles/cmTC_13505.dir/build
gmake[1]: Entering directory '/gpfs/alpine/chm155/proj-shared/izacharo/hemeLB_HIP/HemePure_GPU-master_hipified_June2022/src_v27_swapPointers_post_hack2022/build/CMakeFiles/CMakeTmp'
Building CXX object CMakeFiles/cmTC_13505.dir/src.cxx.o
/sw/summit/gcc/9.3.0-2/bin/g++ -DHAVE_CONSTCORRECTMPI -I/sw/summit/spack-envs/base/opt/linux-rhel8-ppc64le/gcc-9.3.0/spectrum-mpi-10.4.0.3-20210112-6depextb6p6ulrvmehgtbskbmcsyhtdi/include -Wno-deprecated-declarations -O3 -Werror   -pthread -o CMakeFiles/cmTC_13505.dir/src.cxx.o -c /gpfs/alpine/proj-shared/chm155/izacharo/hemeLB_HIP/HemePure_GPU-master_hipified_June2022/src_v27_swapPointers_post_hack2022/build/CMakeFiles/CMakeTmp/src.cxx
Linking CXX executable cmTC_13505
/autofs/nccs-svm1_sw/summit/spack-envs/base/opt/linux-rhel8-ppc64le/gcc-9.3.0/cmake-3.21.3-5ufcufnkyw5xxspnuotfgqsdx7r4babk/bin/cmake -E cmake_link_script CMakeFiles/cmTC_13505.dir/link.txt --verbose=1
/sw/summit/gcc/9.3.0-2/bin/g++  -Wno-deprecated-declarations -O3 -Werror CMakeFiles/cmTC_13505.dir/src.cxx.o -o cmTC_13505  /sw/summit/spack-envs/base/opt/linux-rhel8-ppc64le/gcc-9.3.0/spectrum-mpi-10.4.0.3-20210112-6depextb6p6ulrvmehgtbskbmcsyhtdi/lib/libmpiprofilesupport.so /sw/summit/spack-envs/base/opt/linux-rhel8-ppc64le/gcc-9.3.0/spectrum-mpi-10.4.0.3-20210112-6depextb6p6ulrvmehgtbskbmcsyhtdi/lib/libmpi_ibm.so 
gmake[1]: Leaving directory '/gpfs/alpine/chm155/proj-shared/izacharo/hemeLB_HIP/HemePure_GPU-master_hipified_June2022/src_v27_swapPointers_post_hack2022/build/CMakeFiles/CMakeTmp'


Source file was:
#include <mpi.h>
int main(int argc, char* argv[]) {
	const int send = 0;
	int recv;
	MPI_Request req;
	MPI_Init(&argc, &argv);
	MPI_Irecv(&recv, 1, MPI_INT, 0, 0, MPI_COMM_WORLD, &req);
	MPI_Send(&send, 1, MPI_INT, 0, 0, MPI_COMM_WORLD);
	MPI_Wait(&req, MPI_STATUS_IGNORE);
	MPI_Finalize();
}
